%%%-------------------------------------------------------------------
%%% Symmetry: 2*6 = 12
%%%-------------------------------------------------------------------
PropeneAddHydroxyl-(hh)(h)(hhh)\
       propene-(hh)(h)(hhh) hydroxyl-radical = c(hhh)hc(o) + methane-carbon-radical
- ID 10800
- Correspondences
1 2 3 4 5 6 7 8 9        2 4 2 2 2 2 2 2 2
10 11                    4
2 11 1 6 4 5 10          4 2 2 4 2 2
3 7 8 9                  2 2 2
>  <ForwardRxn>
Standard 2.000e+10   0.00  4.0000e+03 1; Type VII (terminal addition): Combustion and Flame, 114:149-177 (1998)
$$$$
%%%-------------------------------------------------------------------
%%% Symmetry: 2*2 = 4
%%%-------------------------------------------------------------------
PropeneAddHydroxyl-(hh)(h)(rhh)\
       propene-(hh)(h)(rhh) hydroxyl-radical = c(hhh)hc(o) + primary-carbon-radical
- ID 10801
- Correspondences
1 2 3 4 5 6 7 8 9        2 4 2 2 2 2 2 2 2
10 11                    4
2 11 1 6 4 5 10          4 2 2 4 2 2
3 7 8 9                  2 2 2
>  <ForwardRxn>
Standard 2.000e+10   0.00  4.0000e+03 1; Type VII (terminal addition): Combustion and Flame, 114:149-177 (1998)
$$$$
%%%-------------------------------------------------------------------
%%% Symmetry: 2*2 = 4
%%%-------------------------------------------------------------------
PropeneAddHydroxyl-(hh)(h)(rrh)\
       propene-(hh)(h)(rrh) hydroxyl-radical = c(hhh)hc(o) + secondary-carbon-radical
- ID 10802
- Correspondences
1 2 3 4 5 6 7 8 9        2 4 2 2 2 2 2 2 2
10 11                    4
2 11 1 6 4 5 10          4 2 2 4 2 2
3 7 8 9                  2 2 2
>  <ForwardRxn>
Standard 2.000e+10   0.00  4.0000e+03 1; Type VII (terminal addition): Combustion and Flame, 114:149-177 (1998)
$$$$
%%%-------------------------------------------------------------------
%%% Symmetry: 2*6 = 12
%%%-------------------------------------------------------------------
PropeneAddHydroxyl-(hh)(h)(rrr)\
       propene-(hh)(h)(rrr) hydroxyl-radical = c(hhh)hc(o) + tertiary-carbon-radical
- ID 10803
- Correspondences
1 2 3 4 5 6 7 8 9        2 4 2 2 2 2 2 2 2
10 11                    4
2 11 1 6 4 5 10          4 2 2 4 2 2
3 7 8 9                  2 2 2
>  <ForwardRxn>
Standard 2.000e+10   0.00  4.0000e+03 1; Type VII (terminal addition): Combustion and Flame, 114:149-177 (1998)
$$$$
