%%%-------------------------------------------------------------------
%%% Symmetry: 2*6 = 12
%%%-------------------------------------------------------------------
AddHydroxylToPropene-(hh)(h)(hhh)\
       propene-(hh)(h)(hhh) hydroxyl-radical = c(hhh)hc(o) methane-carbon-radical
- ID 700101
- Correspondences
1 2 3 4 5 6 7 8 9        2 4 2 2 2 2 2 2
10 11                    4
2 11 1 6 4 5 10          4 2 2 2 2 4
3 7 8 9                  2 2 2
>  <ForwardRxn>
Standard 2.000e+10   0.00  -4.000e+03 12; Type VII : Combustion and Flame, 114:149-177 (1998)
>  <ReverseRxn>
Standard 1.00e-40 0.0 0.00   6;  Zero reverse 
$$$$
%%%-------------------------------------------------------------------
%%% Symmetry: 6 = 6
%%%-------------------------------------------------------------------
AddHydroxylToPropene-(rh)(h)(hhh)\
       propene-(rh)(h)(hhh) hydroxyl-radical = c(rhh)hc(o) methane-carbon-radical
- ID 700102
- Correspondences
1 2 3 4 5 6 7 8 9        2 4 2 2 2 2 2 2
10 11                    4
2 11 1 6 4 5 10          4 2 2 2 2 4
3 7 8 9                  2 2 2
>  <ForwardRxn>
Standard 2.000e+10   0.00  -4.000e+03 6; Type VII : Combustion and Flame, 114:149-177 (1998)
>  <ReverseRxn>
Standard 1.00e-40 0.0 0.00   2;  Zero reverse 
$$$$
%%%-------------------------------------------------------------------
%%% Symmetry: 2*6 = 12
%%%-------------------------------------------------------------------
AddHydroxylToPropene-(rr)(h)(hhh)\
       propene-(rr)(h)(hhh) hydroxyl-radical = c(rrh)hc(o) methane-carbon-radical
- ID 700103
- Correspondences
1 2 3 4 5 6 7 8 9        2 4 2 2 2 2 2 2
10 11                    4
2 11 1 6 4 5 10          4 2 2 2 2 4
3 7 8 9                  2 2 2
>  <ForwardRxn>
Standard 2.000e+10   0.00  -4.000e+03 12; Type VII : Combustion and Flame, 114:149-177 (1998)
>  <ReverseRxn>
Standard 1.00e-40 0.0 0.00   12;  Zero reverse 
$$$$
%%%-------------------------------------------------------------------
%%% Symmetry: 2*6 = 12
%%%-------------------------------------------------------------------
AddHydroxylToPropene-(hh)(r)(hhh)\
       propene-(hh)(r)(hhh) hydroxyl-radical = c(hhh)rc(o) methane-carbon-radical
- ID 700104
- Correspondences
1 2 3 4 5 6 7 8 9        2 4 2 2 2 2 2 2
10 11                    4
2 11 1 6 4 5 10          4 2 2 2 2 4
3 7 8 9                  2 2 2
>  <ForwardRxn>
Standard 2.000e+10   0.00  -4.000e+03 12; Type VII : Combustion and Flame, 114:149-177 (1998)
>  <ReverseRxn>
Standard 1.00e-40 0.0 0.00   12;  Zero reverse 
$$$$
%%%-------------------------------------------------------------------
%%% Symmetry: 6 = 6
%%%-------------------------------------------------------------------
AddHydroxylToPropene-(rh)(r)(hhh)\
       propene-(rh)(r)(hhh) hydroxyl-radical = c(rhh)rc(o) methane-carbon-radical
- ID 700105
- Correspondences
1 2 3 4 5 6 7 8 9        2 4 2 2 2 2 2 2
10 11                    4
2 11 1 6 4 5 10          4 2 2 2 2 4
3 7 8 9                  2 2 2
>  <ForwardRxn>
Standard 2.000e+10   0.00  -4.000e+03 6; Type VII : Combustion and Flame, 114:149-177 (1998)
>  <ReverseRxn>
Standard 1.00e-40 0.0 0.00   6;  Zero reverse 
$$$$
%%%-------------------------------------------------------------------
%%% Symmetry: 2*6 = 12
%%%-------------------------------------------------------------------
AddHydroxylToPropene-(rr)(r)(hhh)\
       propene-(rr)(r)(hhh) hydroxyl-radical = c(rrh)rc(o) methane-carbon-radical
- ID 700106
- Correspondences
1 2 3 4 5 6 7 8 9        2 4 2 2 2 2 2 2
10 11                    4
2 11 1 6 4 5 10          4 2 2 2 2 4
3 7 8 9                  2 2 2
>  <ForwardRxn>
Standard 2.000e+10   0.00  -4.000e+03 12; Type VII : Combustion and Flame, 114:149-177 (1998)
>  <ReverseRxn>
Standard 1.00e-40 0.0 0.00   12;  Zero reverse 
$$$$
%%%-------------------------------------------------------------------
%%% Symmetry: 2*2 = 4
%%%-------------------------------------------------------------------
AddHydroxylToPropene-(hh)(h)(rhh)\
       propene-(hh)(h)(rhh) hydroxyl-radical = c(hhh)hc(o) primary-carbon-radical
- ID 700107
- Correspondences
1 2 3 4 5 6 7 8 9        2 4 2 2 2 2 2 2
10 11                    4
2 11 1 6 4 5 10          4 2 2 2 2 4
3 7 8 9                  2 2 2
>  <ForwardRxn>
Standard 2.000e+10   0.00  -4.000e+03 4; Type VII : Combustion and Flame, 114:149-177 (1998)
>  <ReverseRxn>
Standard 1.00e-40 0.0 0.00   4;  Zero reverse 
$$$$
%%%-------------------------------------------------------------------
%%% Symmetry: 2 = 2
%%%-------------------------------------------------------------------
AddHydroxylToPropene-(rh)(h)(rhh)\
       propene-(rh)(h)(rhh) hydroxyl-radical = c(rhh)hc(o) primary-carbon-radical
- ID 700108
- Correspondences
1 2 3 4 5 6 7 8 9        2 4 2 2 2 2 2 2
10 11                    4
2 11 1 6 4 5 10          4 2 2 2 2 4
3 7 8 9                  2 2 2
>  <ForwardRxn>
Standard 2.000e+10   0.00  -4.000e+03 2; Type VII : Combustion and Flame, 114:149-177 (1998)
>  <ReverseRxn>
Standard 1.00e-40 0.0 0.00   2;  Zero reverse 
$$$$
%%%-------------------------------------------------------------------
%%% Symmetry: 2*2 = 4
%%%-------------------------------------------------------------------
AddHydroxylToPropene-(rr)(h)(rhh)\
       propene-(rr)(h)(rhh) hydroxyl-radical = c(rrh)hc(o) primary-carbon-radical
- ID 700109
- Correspondences
1 2 3 4 5 6 7 8 9        2 4 2 2 2 2 2 2
10 11                    4
2 11 1 6 4 5 10          4 2 2 2 2 4
3 7 8 9                  2 2 2
>  <ForwardRxn>
Standard 2.000e+10   0.00  -4.000e+03 4; Type VII : Combustion and Flame, 114:149-177 (1998)
>  <ReverseRxn>
Standard 1.00e-40 0.0 0.00   4;  Zero reverse 
$$$$
%%%-------------------------------------------------------------------
%%% Symmetry: 2*2 = 4
%%%-------------------------------------------------------------------
AddHydroxylToPropene-(hh)(r)(rhh)\
       propene-(hh)(r)(rhh) hydroxyl-radical = c(hhh)rc(o) primary-carbon-radical
- ID 700110
- Correspondences
1 2 3 4 5 6 7 8 9        2 4 2 2 2 2 2 2
10 11                    4
2 11 1 6 4 5 10          4 2 2 2 2 4
3 7 8 9                  2 2 2
>  <ForwardRxn>
Standard 2.000e+10   0.00  -4.000e+03 4; Type VII : Combustion and Flame, 114:149-177 (1998)
>  <ReverseRxn>
Standard 1.00e-40 0.0 0.00   4;  Zero reverse 
$$$$
%%%-------------------------------------------------------------------
%%% Symmetry: 2 = 2
%%%-------------------------------------------------------------------
AddHydroxylToPropene-(rh)(r)(rhh)\
       propene-(rh)(r)(rhh) hydroxyl-radical = c(rhh)rc(o) primary-carbon-radical
- ID 700111
- Correspondences
1 2 3 4 5 6 7 8 9        2 4 2 2 2 2 2 2
10 11                    4
2 11 1 6 4 5 10          4 2 2 2 2 4
3 7 8 9                  2 2 2
>  <ForwardRxn>
Standard 2.000e+10   0.00  -4.000e+03 2; Type VII : Combustion and Flame, 114:149-177 (1998)
>  <ReverseRxn>
Standard 1.00e-40 0.0 0.00   2;  Zero reverse 
$$$$
%%%-------------------------------------------------------------------
%%% Symmetry: 2*2 = 4
%%%-------------------------------------------------------------------
AddHydroxylToPropene-(rr)(r)(rhh)\
       propene-(rr)(r)(rhh) hydroxyl-radical = c(rrh)rc(o) primary-carbon-radical
- ID 700112
- Correspondences
1 2 3 4 5 6 7 8 9        2 4 2 2 2 2 2 2
10 11                    4
2 11 1 6 4 5 10          4 2 2 2 2 4
3 7 8 9                  2 2 2
>  <ForwardRxn>
Standard 2.000e+10   0.00  -4.000e+03 4; Type VII : Combustion and Flame, 114:149-177 (1998)
>  <ReverseRxn>
Standard 1.00e-40 0.0 0.00   4;  Zero reverse 
$$$$
%%%-------------------------------------------------------------------
%%% Symmetry: 2*2 = 4
%%%-------------------------------------------------------------------
AddHydroxylToPropene-(hh)(h)(rrh)\
       propene-(hh)(h)(rrh) hydroxyl-radical = c(hhh)hc(o) secondary-carbon-radical
- ID 700113
- Correspondences
1 2 3 4 5 6 7 8 9        2 4 2 2 2 2 2 2
10 11                    4
2 11 1 6 4 5 10          4 2 2 2 2 4
3 7 8 9                  2 2 2
>  <ForwardRxn>
Standard 2.000e+10   0.00  -4.000e+03 4; Type VII : Combustion and Flame, 114:149-177 (1998)
>  <ReverseRxn>
Standard 1.00e-40 0.0 0.00   4;  Zero reverse 
$$$$
%%%-------------------------------------------------------------------
%%% Symmetry: 2 = 2
%%%-------------------------------------------------------------------
AddHydroxylToPropene-(rh)(h)(rrh)\
       propene-(rh)(h)(rrh) hydroxyl-radical = c(rhh)hc(o) secondary-carbon-radical
- ID 700114
- Correspondences
1 2 3 4 5 6 7 8 9        2 4 2 2 2 2 2 2
10 11                    4
2 11 1 6 4 5 10          4 2 2 2 2 4
3 7 8 9                  2 2 2
>  <ForwardRxn>
Standard 2.000e+10   0.00  -4.000e+03 2; Type VII : Combustion and Flame, 114:149-177 (1998)
>  <ReverseRxn>
Standard 1.00e-40 0.0 0.00   2;  Zero reverse 
$$$$
%%%-------------------------------------------------------------------
%%% Symmetry: 2*2 = 4
%%%-------------------------------------------------------------------
AddHydroxylToPropene-(rr)(h)(rrh)\
       propene-(rr)(h)(rrh) hydroxyl-radical = c(rrh)hc(o) secondary-carbon-radical
- ID 700115
- Correspondences
1 2 3 4 5 6 7 8 9        2 4 2 2 2 2 2 2
10 11                    4
2 11 1 6 4 5 10          4 2 2 2 2 4
3 7 8 9                  2 2 2
>  <ForwardRxn>
Standard 2.000e+10   0.00  -4.000e+03 4; Type VII : Combustion and Flame, 114:149-177 (1998)
>  <ReverseRxn>
Standard 1.00e-40 0.0 0.00   4;  Zero reverse 
$$$$
%%%-------------------------------------------------------------------
%%% Symmetry: 2*2 = 4
%%%-------------------------------------------------------------------
AddHydroxylToPropene-(hh)(r)(rrh)\
       propene-(hh)(r)(rrh) hydroxyl-radical = c(hhh)rc(o) secondary-carbon-radical
- ID 700116
- Correspondences
1 2 3 4 5 6 7 8 9        2 4 2 2 2 2 2 2
10 11                    4
2 11 1 6 4 5 10          4 2 2 2 2 4
3 7 8 9                  2 2 2
>  <ForwardRxn>
Standard 2.000e+10   0.00  -4.000e+03 4; Type VII : Combustion and Flame, 114:149-177 (1998)
>  <ReverseRxn>
Standard 1.00e-40 0.0 0.00   4;  Zero reverse 
$$$$
%%%-------------------------------------------------------------------
%%% Symmetry: 2 = 2
%%%-------------------------------------------------------------------
AddHydroxylToPropene-(rh)(r)(rrh)\
       propene-(rh)(r)(rrh) hydroxyl-radical = c(rhh)rc(o) secondary-carbon-radical
- ID 700117
- Correspondences
1 2 3 4 5 6 7 8 9        2 4 2 2 2 2 2 2
10 11                    4
2 11 1 6 4 5 10          4 2 2 2 2 4
3 7 8 9                  2 2 2
>  <ForwardRxn>
Standard 2.000e+10   0.00  -4.000e+03 2; Type VII : Combustion and Flame, 114:149-177 (1998)
>  <ReverseRxn>
Standard 1.00e-40 0.0 0.00   2;  Zero reverse 
$$$$
%%%-------------------------------------------------------------------
%%% Symmetry: 2*2 = 4
%%%-------------------------------------------------------------------
AddHydroxylToPropene-(rr)(r)(rrh)\
       propene-(rr)(r)(rrh) hydroxyl-radical = c(rrh)rc(o) secondary-carbon-radical
- ID 700118
- Correspondences
1 2 3 4 5 6 7 8 9        2 4 2 2 2 2 2 2
10 11                    4
2 11 1 6 4 5 10          4 2 2 2 2 4
3 7 8 9                  2 2 2
>  <ForwardRxn>
Standard 2.000e+10   0.00  -4.000e+03 4; Type VII : Combustion and Flame, 114:149-177 (1998)
>  <ReverseRxn>
Standard 1.00e-40 0.0 0.00   4;  Zero reverse 
$$$$
%%%-------------------------------------------------------------------
%%% Symmetry: 2*6=12
%%%-------------------------------------------------------------------
AddHydroxylToPropene-(hh)(h)(rrr)\
       propene-(hh)(h)(rrr) hydroxyl-radical = c(hhh)hc(o) tertiary-carbon-radical
- ID 700119
- Correspondences
1 2 3 4 5 6 7 8 9        2 4 2 2 2 2 2 2
10 11                    4
2 11 1 6 4 5 10          4 2 2 2 2 4
3 7 8 9                  2 2 2
>  <ForwardRxn>
Standard 2.000e+10   0.00  -4.000e+03 12; Type VII : Combustion and Flame, 114:149-177 (1998)
>  <ReverseRxn>
Standard 1.00e-40 0.0 0.00   12;  Zero reverse 
$$$$
%%%-------------------------------------------------------------------
%%% Symmetry: 1*6 = 6
%%%-------------------------------------------------------------------
AddHydroxylToPropene-(rh)(h)(rrr)\
       propene-(rh)(h)(rrr) hydroxyl-radical = c(rhh)hc(o) tertiary-carbon-radical
- ID 700120
- Correspondences
1 2 3 4 5 6 7 8 9        2 4 2 2 2 2 2 2
10 11                    4
2 11 1 6 4 5 10          4 2 2 2 2 4
3 7 8 9                  2 2 2
>  <ForwardRxn>
Standard 2.000e+10   0.00  -4.000e+03 6; Type VII : Combustion and Flame, 114:149-177 (1998)
>  <ReverseRxn>
Standard 1.00e-40 0.0 0.00   6;  Zero reverse 
$$$$
%%%-------------------------------------------------------------------
%%% Symmetry: 2*6 = 12
%%%-------------------------------------------------------------------
AddHydroxylToPropene-(rr)(h)(rrr)\
       propene-(rr)(h)(rrr) hydroxyl-radical = c(rrh)hc(o) tertiary-carbon-radical
- ID 700121
- Correspondences
1 2 3 4 5 6 7 8 9        2 4 2 2 2 2 2 2
10 11                    4
2 11 1 6 4 5 10          4 2 2 2 2 4
3 7 8 9                  2 2 2
>  <ForwardRxn>
Standard 2.000e+10   0.00  -4.000e+03 12; Type VII : Combustion and Flame, 114:149-177 (1998)
>  <ReverseRxn>
Standard 1.00e-40 0.0 0.00   12;  Zero reverse 
$$$$
%%%-------------------------------------------------------------------
%%% Symmetry: 2*6 = 12
%%%-------------------------------------------------------------------
AddHydroxylToPropene-(hh)(r)(rrr)\
       propene-(hh)(r)(rrr) hydroxyl-radical = c(hhh)rc(o) tertiary-carbon-radical
- ID 700122
- Correspondences
1 2 3 4 5 6 7 8 9        2 4 2 2 2 2 2 2
10 11                    4
2 11 1 6 4 5 10          4 2 2 2 2 4
3 7 8 9                  2 2 2
>  <ForwardRxn>
Standard 2.000e+10   0.00  -4.000e+03 12; Type VII : Combustion and Flame, 114:149-177 (1998)
>  <ReverseRxn>
Standard 1.00e-40 0.0 0.00   12;  Zero reverse 
$$$$
%%%-------------------------------------------------------------------
%%% Symmetry: 6 = 6
%%%-------------------------------------------------------------------
AddHydroxylToPropene-(rh)(r)(rrr)\
       propene-(rh)(r)(rrr) hydroxyl-radical = c(rhh)rc(o) tertiary-carbon-radical
- ID 700123
- Correspondences
1 2 3 4 5 6 7 8 9        2 4 2 2 2 2 2 2
10 11                    4
2 11 1 6 4 5 10          4 2 2 2 2 4
3 7 8 9                  2 2 2
>  <ForwardRxn>
Standard 2.000e+10   0.00  -4.000e+03 6; Type VII : Combustion and Flame, 114:149-177 (1998)
>  <ReverseRxn>
Standard 1.00e-40 0.0 0.00   6;  Zero reverse 
$$$$
%%%-------------------------------------------------------------------
%%% Symmetry: 2*6 = 12
%%%-------------------------------------------------------------------
AddHydroxylToPropene-(rr)(r)(rrr)\
       propene-(rr)(r)(rrr) hydroxyl-radical = c(rrh)rc(o) tertiary-carbon-radical
- ID 700124
- Correspondences
1 2 3 4 5 6 7 8 9        2 4 2 2 2 2 2 2
10 11                    4
2 11 1 6 4 5 10          4 2 2 2 2 4
3 7 8 9                  2 2 2
>  <ForwardRxn>
Standard 2.000e+10   0.00  -4.000e+03 12; Type VII : Combustion and Flame, 114:149-177 (1998)
>  <ReverseRxn>
Standard 1.00e-40 0.0 0.00   12;  Zero reverse 
$$$$
