%%%%%%%%%%%%%%%%%%%%%%%%%%%%%%%%%%%%%%%%%%%%%%%%%%%%%%%%%%%%%%%%%%%%%%%%%%%%%%%%%
%%%%%%%% Addition of H to Alkene
%%%%%%%%%%%%%%%%%%%%%%%%%%%%%%%%%%%%%%%%%%%%%%%%%%%%%%%%%%%%%%%%%%%%%%%%%%%%%%%%%
%%%-------------------------------------------------------------------
%%% 
%%%-------------------------------------------------------------------
%%%   Symmetry (2*1)*(2*1)*2/4 = 2
%%%-------------------------------------------------------------------
H-Alkene-Add-Hydrogen-Radical-(hh)(hh)\
     olefin-(hh)(hh) hydrogen-radical = ethyl-radical-(hh)(hhh) 
- ID 3001
- Correspondences
1 2 3 4 5 6         2 2 2 2 2
7                    
1 2 3 5 6 4 7       2 2 2 2 2 4

>  <ForwardRxn>
Standard 1.00e+13 0.0 1200 2; Westbrook Value
>  <ReverseRxn>
Standard 1.00e-40 0.0 0.0 2; Westbrook Value
$$$$
%%%-------------------------------------------------------------------
%%%   Symmetry (1)*(2*1)/2 = 1
%%%-------------------------------------------------------------------
H-Alkene-Add-Hydrogen-Radical-(rh)(hh)\
     olefin-(rh)(hh) hydrogen-radical = ethyl-radical-(rh)(hhh) 
- ID 3002
- Correspondences
1 2 3 4 5 6         2 2 2 2 2
7                    
1 2 3 5 6 4 7       2 2 2 2 2 4

>  <ForwardRxn>
Standard 1.00e+13 0.0 1200 1; Westbrook Value
>  <ReverseRxn>
Standard 1.00e-40 0.0 0.0 2; Westbrook Value
$$$$
%%%-------------------------------------------------------------------
%%%   Symmetry (1)*(2*1) = 2  (Internal Hydrogen Addition)
%%%-------------------------------------------------------------------
H-Alkene-Add-Hydrogen-Radical-(hh)(rh)\
     olefin-(rh)(hh) hydrogen-radical = ethyl-radical-(hh)(rhh) 
- ID 3003
- Correspondences
1 2 3 4 5 6         2 2 2 2 2
7                    
2 1 5 4 3 6 7       2 2 2 2 2 4

>  <ForwardRxn>
Standard 1.00e+13 0.0 2900 2; Westbrook Value
>  <ReverseRxn>
Standard 1.00e-40 0.0 0.0 2; Westbrook Value
$$$$
%%%-------------------------------------------------------------------
%%%   Symmetry (2*1)*(2*1)/2 = 1
%%%-------------------------------------------------------------------
H-Alkene-Add-Hydrogen-Radical-(rr)(hh)\
     olefin-(rr)(hh) hydrogen-radical = ethyl-radical-(rr)(hhh) 
- ID 3004
- Correspondences
1 2 3 4 5 6         2 2 2 2 2
7                    
2 1 3 5 6 4 7       2 2 2 2 2 4

>  <ForwardRxn>
Standard 1.00e+13 0.0 1200 1; Westbrook Value
>  <ReverseRxn>
Standard 1.00e-40 0.0 0.0 2; Westbrook Value
$$$$
%%%-------------------------------------------------------------------
%%%   Symmetry (2*1)*(2*1)*2/4 = 2
%%%-------------------------------------------------------------------
H-Alkene-Add-Hydrogen-Radical-(rh)(rh)\
     olefin-(rh)(rh) hydrogen-radical = ethyl-radical-(rh)(rhh) 
- ID 3005
- Correspondences
1 2 3 4 5 6         2 2 2 2 2
7                    
2 1 5 4 3 6 7       2 2 2 2 2 4

>  <ForwardRxn>
Standard 1.00e+13 0.0 2900 1; Westbrook Value
>  <ReverseRxn>
Standard 1.00e-40 0.0 0.0 2; Westbrook Value
$$$$
%%%-------------------------------------------------------------------
%%%   Symmetry (2*1)*(2*1)*2/4 = 2
%%%-------------------------------------------------------------------
H-Alkene-Add-Hydrogen-Radical-(rr)(rh)\
     olefin-(rr)(rh) hydrogen-radical = ethyl-radical-(rr)(rhh) 
- ID 3006
- Correspondences
1 2 3 4 5 6         2 2 2 2 2
7                    
2 1 5 4 3 6 7       2 2 2 2 2 4

>  <ForwardRxn>
Standard 1.00e+13 0.0 2900 1; Westbrook Value
>  <ReverseRxn>
Standard 1.00e-40 0.0 0.0 2; Westbrook Value
$$$$
%%%-------------------------------------------------------------------
%%%   Symmetry (2*1)*(2*1)*2/4 = 2
%%%-------------------------------------------------------------------
H-Alkene-Add-Hydrogen-Radical-(rh)(rr)\
     olefin-(rr)(rh) hydrogen-radical = ethyl-radical-(rh)(rrh) 
- ID 3007
- Correspondences
1 2 3 4 5 6         2 2 2 2 2
7                    
2 1 5 4 3 6 7       2 2 2 2 2 4

>  <ForwardRxn>
Standard 1.00e+13 0.0 2900 1; Westbrook Value
>  <ReverseRxn>
Standard 1.00e-40 0.0 0.0 2; Westbrook Value
$$$$
%%%-------------------------------------------------------------------
%%%   Symmetry (2*1)*(2*1)*2/4 = 2
%%%-------------------------------------------------------------------
H-Alkene-Add-Hydrogen-Radical-(rr)(rr)\
     olefin-(rr)(rr) hydrogen-radical = ethyl-radical-(rr)(rrh) 
- ID 3008
- Correspondences
1 2 3 4 5 6         2 2 2 2 2
7                    
1 2 5 3 4 6 7       2 2 2 2 2 4

>  <ForwardRxn>
Standard 1.00e+13 0.0 2900 1; Westbrook Value
>  <ReverseRxn>
Standard 1.00e-40 0.0 0.0 2; Westbrook Value
$$$$
%%%%%%%%%%%%%%%%%%%%%%%%%%%%%%%%%%%%%%%%%%%%%%%%%%%%%%%%%%%%%%%%%%%%%%%%%%%%%%%%%
%%%%%%%% Addition of OH to Alkene
%%%%%%%%%%%%%%%%%%%%%%%%%%%%%%%%%%%%%%%%%%%%%%%%%%%%%%%%%%%%%%%%%%%%%%%%%%%%%%%%%
%%%-------------------------------------------------------------------
%%%   Symmetry (2*1)*(2*1)*2 = 8
%%%-------------------------------------------------------------------
Alkene-Add-Hydroxyl-Radical-(hh)(hh)\
     olefin-(hh)(hh) hydroxyl-radical =  c(hh)c(hh)oh
- ID 3010
- Correspondences
1 2 3 4 5 6         2 2 2 2 2
7 8                 2                   
1 2 8 7 3 4 5 6     2 4 2 2 2 2 2

>  <ForwardRxn>
Standard 1.38e+12 0.0 -1028. 8; Come (propene) Value
>  <ReverseRxn>
Standard 1.00e-40 0.0 0.0 8; Westbrook Value
$$$$
%%%-------------------------------------------------------------------
%%%   Symmetry (2*1)*(1) = 2
%%%-------------------------------------------------------------------
Alkene-Add-Hydroxyl-Radical-(rh)(hh)\
     olefin-(rh)(hh) hydroxyl-radical =  c(rh)c(hh)oh
- ID 3011
- Correspondences
1 2 3 4 5 6         2 2 2 2 2
7 8                 2                   
1 2 8 7 3 4 5 6     2 4 2 2 2 2 2

>  <ForwardRxn>
Standard 1.38e+12 0.0 -1028. 2; Come (propene) Value
>  <ReverseRxn>
Standard 1.00e-40 0.0 0.0 2; Westbrook Value
$$$$
%%%-------------------------------------------------------------------
%%%   Symmetry (2*1)*(2*1) = 4
%%%-------------------------------------------------------------------
Alkene-Add-Hydroxyl-Radical-(rr)(hh)\
     olefin-(rr)(hh) hydroxyl-radical =  c(rr)c(hh)oh
- ID 3012
- Correspondences
1 2 3 4 5 6         2 2 2 2 2
7 8                 2                   
1 2 8 7 3 4 5 6     2 4 2 2 2 2 2

>  <ForwardRxn>
Standard 1.38e+12 0.0 -1028. 4; Come (propene) Value
>  <ReverseRxn>
Standard 1.00e-40 0.0 0.0 4; Westbrook Value
$$$$
%%%-------------------------------------------------------------------
%%%   Symmetry (2*1)*(1) = 2
%%%-------------------------------------------------------------------
Alkene-Add-Hydroxyl-Radical-(hh)(rh)\
     olefin-(rh)(hh) hydroxyl-radical =  c(hh)c(rh)oh
- ID 3013
- Correspondences
1 2 3 4 5 6         2 2 2 2 2
7 8                 2                   
2 1 8 7 5 6 3 4     2 4 2 2 2 2 2

>  <ForwardRxn>
Standard 1.38e+12 0.0 -1028. 2; Come (propene) Value
>  <ReverseRxn>
Standard 1.00e-40 0.0 0.0 2; Westbrook Value
$$$$
%%%-------------------------------------------------------------------
%%%   Symmetry (1)*(1) = 1
%%%-------------------------------------------------------------------
Alkene-Add-Hydroxyl-Radical-(rh)(rh)\
     olefin-(rh)(rh) hydroxyl-radical =  c(rh)c(rh)oh
- ID 3014
- Correspondences
1 2 3 4 5 6         2 2 2 2 2
7 8                 2                   
1 2 8 7 3 4 5 6     2 4 2 2 2 2 2

>  <ForwardRxn>
Standard 1.38e+12 0.0 -1028. 1; Come (propene) Value
>  <ReverseRxn>
Standard 1.00e-40 0.0 0.0 1; Westbrook Value
$$$$
%%%-------------------------------------------------------------------
%%%   Symmetry (2*1)*(2*1) = 4
%%%-------------------------------------------------------------------
Alkene-Add-Hydroxyl-Radical-(rr)(rh)\
     olefin-(rr)(rh) hydroxyl-radical =  c(rr)c(rh)oh
- ID 3015
- Correspondences
1 2 3 4 5 6         2 2 2 2 2
7 8                 2                   
1 2 8 7 3 4 5 6     2 4 2 2 2 2 2

>  <ForwardRxn>
Standard 1.38e+12 0.0 -1028. 4; Come (propene) Value
>  <ReverseRxn>
Standard 1.00e-40 0.0 0.0 4; Westbrook Value
$$$$
%%%-------------------------------------------------------------------
%%%   Symmetry (2*1)*(2*1) = 4
%%%-------------------------------------------------------------------
Alkene-Add-Hydroxyl-Radical-(hh)(rr)\
     olefin-(rr)(hh) hydroxyl-radical =  c(hh)c(rr)oh
- ID 3016
- Correspondences
1 2 3 4 5 6         2 2 2 2 2
7 8                 2                   
2 1 8 7 5 6 3 4     2 4 2 2 2 2 2

>  <ForwardRxn>
Standard 1.38e+12 0.0 -1028. 4; Come (propene) Value
>  <ReverseRxn>
Standard 1.00e-40 0.0 0.0 4; Westbrook Value
$$$$
%%%-------------------------------------------------------------------
%%%   Symmetry (2*1)*(1) = 2
%%%-------------------------------------------------------------------
Alkene-Add-Hydroxyl-Radical-(rh)(rr)\
     olefin-(rr)(rh) hydroxyl-radical =  c(rh)c(rr)oh
- ID 3017
- Correspondences
1 2 3 4 5 6         2 2 2 2 2
7 8                 2                   
1 2 8 7 5 6 3 4     2 4 2 2 2 2 2

>  <ForwardRxn>
Standard 1.38e+12 0.0 -1028. 2; Come (propene) Value
>  <ReverseRxn>
Standard 1.00e-40 0.0 0.0 2; Westbrook Value
$$$$
%%%-------------------------------------------------------------------
%%%   Symmetry (2*1)*(2*1)*2 = 8
%%%-------------------------------------------------------------------
Alkene-Add-Hydroxyl-Radical-(rr)(rr)\
     olefin-(rr)(rr) hydroxyl-radical =  c(rr)c(rr)oh
- ID 3018
- Correspondences
1 2 3 4 5 6         2 2 2 2 2
7 8                 2                   
1 2 8 7 3 4 5 6     2 4 2 2 2 2 2

>  <ForwardRxn>
Standard 1.38e+12 0.0 -1028. 8; Come (propene) Value
>  <ReverseRxn>
Standard 1.00e-40 0.0 0.0 8; Westbrook Value
$$$$
