%%%-------------------------------------------------------------------
%%% AlkoxyDecomp  2*2*2*6 = 48
%%%-------------------------------------------------------------------
%%%-------------------------------------------------------------------
AlkoxyDecomp .occcc = general-aldehydeketone olefin-(qq)(qq) general-carbon-radical
- ID 180000
- Correspondences
1 2 3 4 5 6 7 8 9 10 11 12 13 14      2 4 2 4 2 2 2 2 2 2 2 2 2
2 1 6 7                               2 2 2
3 4 8 9 10 11                         2 2 2 2 2
5 12 13 14                            2 2 2
>  <ForwardRxn>
Standard 2.00e+13 0.0 15000 48; Type XVIII: Combustion and Flame, 114:149-177 (1998)
>  <ReverseRxn>
Standard 1.00e-30 0.0 0.0   48; Type XVIII: Combustion and Flame, 114:149-177 (1998)
$$$$
%%%-------------------------------------------------------------------
%%% AlkoxyDecomp  2*6 = 12
%%%-------------------------------------------------------------------
%%%-------------------------------------------------------------------
AlkoxyDecomp-(hh)(hhh) .occ-(hh)(hhh) = (h)(h)c(o) methane-carbon-radical
- ID 180001
- Correspondences
1 2 3 4 5 6 7 8      2 4 2 2 2 2 2
2 1 4 5              2 2 2
3 6 7 8              2 2 2
>  <ForwardRxn>
Standard 8.660E+21  -2.39  2.188E+04 12; From c7h15o-1  =  ch2o+c6h13-1
>  <ReverseRxn>
Standard 1.000E+11  0.00  1.190E+04 12; Type XVIII: Combustion and Flame, 129:253-280 (2002)
$$$$
%%%-------------------------------------------------------------------
%%% AlkoxyDecomp  1*6 = 6
%%%-------------------------------------------------------------------
%%%-------------------------------------------------------------------
AlkoxyDecomp-(rh)(hhh) .occ-(rh)(hhh) = (r)(h)c(o) methane-carbon-radical
- ID 180002
- Correspondences
1 2 3 4 5 6 7 8      2 4 2 2 2 2 2
2 1 4 5              2 2 2
3 6 7 8              2 2 2
>  <ForwardRxn>
Standard 8.660E+21  -2.39  2.188E+04 6; From c7h15o-1  =  ch2o+c6h13-1
>  <ReverseRxn>
Standard 1.000E+11  0.00  1.190E+04 6; Type XVIII: Combustion and Flame, 129:253-280 (2002)
$$$$
%%%-------------------------------------------------------------------
%%% AlkoxyDecomp  2*6 = 12
%%%-------------------------------------------------------------------
%%%-------------------------------------------------------------------
AlkoxyDecomp-(rr)(hhh) .occ-(rr)(hhh) = (r)(r)c(o) methane-carbon-radical
- ID 180003
- Correspondences
1 2 3 4 5 6 7 8      2 4 2 2 2 2 2
2 1 4 5              2 2 2
3 6 7 8              2 2 2
>  <ForwardRxn>
Standard 8.660E+21  -2.39  2.188E+04 12; From c7h15o-1  =  ch2o+c6h13-1
>  <ReverseRxn>
Standard 1.000E+11  0.00  1.190E+04 12; Type XVIII: Combustion and Flame, 129:253-280 (2002)
$$$$
%%%-------------------------------------------------------------------
%%% AlkoxyDecomp  2*2 = 4
%%%-------------------------------------------------------------------
%%%-------------------------------------------------------------------
AlkoxyDecomp-(hh)(rhh) .occ-(hh)(rhh) = (h)(h)c(o) primary-carbon-radical
- ID 180004
- Correspondences
1 2 3 4 5 6 7 8      2 4 2 2 2 2 2
2 1 4 5              2 2 2
3 6 7 8              2 2 2
>  <ForwardRxn>
Standard 8.660E+21  -2.39  2.188E+04 4; From c7h15o-1  =  ch2o+c6h13-1
>  <ReverseRxn>
Standard 1.000E+11  0.00  1.190E+04 4; Type XVIII: Combustion and Flame, 129:253-280 (2002)
$$$$
%%%-------------------------------------------------------------------
%%% AlkoxyDecomp  1*2 = 2
%%%-------------------------------------------------------------------
%%%-------------------------------------------------------------------
AlkoxyDecomp-(rh)(rhh) .occ-(rh)(rhh) = (r)(h)c(o) primary-carbon-radical
- ID 180005
- Correspondences
1 2 3 4 5 6 7 8      2 4 2 2 2 2 2
2 1 4 5              2 2 2
3 6 7 8              2 2 2
>  <ForwardRxn>
Standard 8.660E+21  -2.39  2.188E+04 2; From c7h15o-1  =  ch2o+c6h13-1
>  <ReverseRxn>
Standard 1.000E+11  0.00  1.190E+04 2; Type XVIII: Combustion and Flame, 129:253-280 (2002)
$$$$
%%%-------------------------------------------------------------------
%%% AlkoxyDecomp  2*2 = 4
%%%-------------------------------------------------------------------
%%%-------------------------------------------------------------------
AlkoxyDecomp-(rr)(rhh) .occ-(rr)(rhh) = (r)(r)c(o) primary-carbon-radical
- ID 180006
- Correspondences
1 2 3 4 5 6 7 8      2 4 2 2 2 2 2
2 1 4 5              2 2 2
3 6 7 8              2 2 2
>  <ForwardRxn>
Standard 8.660E+21  -2.39  2.188E+04 4; From c7h15o-1  =  ch2o+c6h13-1
>  <ReverseRxn>
Standard 1.000E+11  0.00  1.190E+04 4; Type XVIII: Combustion and Flame, 129:253-280 (2002)
$$$$
%%%-------------------------------------------------------------------
%%% AlkoxyDecomp  2*2 = 4
%%%-------------------------------------------------------------------
%%%-------------------------------------------------------------------
AlkoxyDecomp-(hh)(rrh) .occ-(hh)(rrh) = (h)(h)c(o) secondary-carbon-radical
- ID 180007
- Correspondences
1 2 3 4 5 6 7 8      2 4 2 2 2 2 2
2 1 4 5              2 2 2
3 6 7 8              2 2 2
>  <ForwardRxn>
Standard 8.660E+21  -2.39  2.188E+04 4; From c7h15o-1  =  ch2o+c6h13-1
>  <ReverseRxn>
Standard 1.000E+11  0.00  1.190E+04 4; Type XVIII: Combustion and Flame, 129:253-280 (2002)
$$$$
%%%-------------------------------------------------------------------
%%% AlkoxyDecomp  1*2 = 2
%%%-------------------------------------------------------------------
%%%-------------------------------------------------------------------
AlkoxyDecomp-(rh)(rrh) .occ-(rh)(rrh) = (r)(h)c(o) secondary-carbon-radical
- ID 180008
- Correspondences
1 2 3 4 5 6 7 8      2 4 2 2 2 2 2
2 1 4 5              2 2 2
3 6 7 8              2 2 2
>  <ForwardRxn>
Standard 8.660E+21  -2.39  2.188E+04 2; From c7h15o-1  =  ch2o+c6h13-1
>  <ReverseRxn>
Standard 1.000E+11  0.00  1.190E+04 2; Type XVIII: Combustion and Flame, 129:253-280 (2002)
$$$$
%%%-------------------------------------------------------------------
%%% AlkoxyDecomp  2*2 = 4
%%%-------------------------------------------------------------------
%%%-------------------------------------------------------------------
AlkoxyDecomp-(rr)(rhh) .occ-(rr)(rrh) = (r)(r)c(o) secondary-carbon-radical
- ID 180009
- Correspondences
1 2 3 4 5 6 7 8      2 4 2 2 2 2 2
2 1 4 5              2 2 2
3 6 7 8              2 2 2
>  <ForwardRxn>
Standard 8.660E+21  -2.39  2.188E+04 4; From c7h15o-1  =  ch2o+c6h13-1
>  <ReverseRxn>
Standard 1.000E+11  0.00  1.190E+04 4; Type XVIII: Combustion and Flame, 129:253-280 (2002)
$$$$
%%%-------------------------------------------------------------------
%%% AlkoxyDecomp  2*6 = 12
%%%-------------------------------------------------------------------
%%%-------------------------------------------------------------------
AlkoxyDecomp-(hh)(rrr) .occ-(hh)(rrr) = (h)(h)c(o) tertiary-carbon-radical
- ID 180010
- Correspondences
1 2 3 4 5 6 7 8      2 4 2 2 2 2 2
2 1 4 5              2 2 2
3 6 7 8              2 2 2
>  <ForwardRxn>
Standard 8.660E+21  -2.39  2.188E+04 12; From c7h15o-1  =  ch2o+c6h13-1
>  <ReverseRxn>
Standard 1.000E+11  0.00  1.190E+04 12; Type XVIII: Combustion and Flame, 129:253-280 (2002)
$$$$
%%%-------------------------------------------------------------------
%%% AlkoxyDecomp  1*6 = 6
%%%-------------------------------------------------------------------
%%%-------------------------------------------------------------------
AlkoxyDecomp-(rh)(rrr) .occ-(rh)(rrr) = (r)(h)c(o) tertiary-carbon-radical
- ID 180011
- Correspondences
1 2 3 4 5 6 7 8      2 4 2 2 2 2 2
2 1 4 5              2 2 2
3 6 7 8              2 2 2
>  <ForwardRxn>
Standard 8.660E+21  -2.39  2.188E+04 6; From c7h15o-1  =  ch2o+c6h13-1
>  <ReverseRxn>
Standard 1.000E+11  0.00  1.190E+04 6; Type XVIII: Combustion and Flame, 129:253-280 (2002)
$$$$
%%%-------------------------------------------------------------------
%%% AlkoxyDecomp  2*6 = 12
%%%-------------------------------------------------------------------
%%%-------------------------------------------------------------------
AlkoxyDecomp-(rr)(rrr) .occ-(rr)(rrr) = (r)(r)c(o) tertiary-carbon-radical
- ID 180012
- Correspondences
1 2 3 4 5 6 7 8      2 4 2 2 2 2 2
2 1 4 5              2 2 2
3 6 7 8              2 2 2
>  <ForwardRxn>
Standard 8.660E+21  -2.39  2.188E+04 12; From c7h15o-1  =  ch2o+c6h13-1
>  <ReverseRxn>
Standard 1.000E+11  0.00  1.190E+04 12; Type XVIII: Combustion and Flame, 129:253-280 (2002)
$$$$
