%%%-------------------------------------------------------------------
%%% Symmetry: 2*1*2*6 = 24
%%%-------------------------------------------------------------------
BetaOlefinDecomp(qq)(q)(hh)(hhh)\
    betaolefin(qq)(q)(hh)(hhh) = alphaolefin-radical(qq)(q)(hh) methane-carbon-radical
- ID 3101
- Correspondences
1 2 3 4 5 6 7 8 9 10 11 12           2 2 4 2 2 2 2 2 2 2 2
1 2 3 5 6 7 8 9                      2 2 2 2 2 2 2
4 10 11 12                           2 2 2
>  <ForwardRxn>
Standard 2.5e+16   0.00  7.1e+4 24; Type IX (Curran paper) : Edelson and Allara, Int. J. Kinet. 12, 605 (1980)
>  <ReverseRxn>
Standard 4.39255E+04    2.474     -28000 24; Calculated LUND
$$$$
%%%-------------------------------------------------------------------
%%% Symmetry: 2*1*1*6 = 12
%%%-------------------------------------------------------------------
BetaOlefinDecomp(qq)(q)(rh)(hhh)\
    betaolefin(qq)(q)(rh)(hhh) = alphaolefin-radical(qq)(q)(rh) methane-carbon-radical
- ID 3102
- Correspondences
1 2 3 4 5 6 7 8 9 10 11 12           2 2 4 2 2 2 2 2 2 2 2
1 2 3 5 6 7 8 9                      2 2 2 2 2 2 2
4 10 11 12                           2 2 2
>  <ForwardRxn>
Standard 2.5e+16   0.00  7.1e+4 12; Type IX (Curran paper) : Edelson and Allara, Int. J. Kinet. 12, 605 (1980)
>  <ReverseRxn>
Standard 2.77320e+07    1.549 3704 12; Calculated LUND
$$$$
%%%-------------------------------------------------------------------
%%% Symmetry: 2*1*2*6 = 24
%%%-------------------------------------------------------------------
BetaOlefinDecomp(qq)(q)(rr)(hhh)\
    betaolefin(qq)(q)(rr)(hhh) = alphaolefin-radical(qq)(q)(rr) methane-carbon-radical
- ID 3103
- Correspondences
1 2 3 4 5 6 7 8 9 10 11 12           2 2 4 2 2 2 2 2 2 2 2
1 2 3 5 6 7 8 9                      2 2 2 2 2 2 2
4 10 11 12                           2 2 2
>  <ForwardRxn>
Standard 2.5e+16   0.00  7.1e+4 24; Type IX (Curran paper) : Edelson and Allara, Int. J. Kinet. 12, 605 (1980)
>  <ReverseRxn>
Standard 2.77320e+07    1.549 3704 24; Calculated LUND (from (hh)(rhh)
$$$$
%%%-------------------------------------------------------------------
%%% Symmetry: 2*1*2*2 = 8
%%%-------------------------------------------------------------------
BetaOlefinDecomp(qq)(q)(hh)(rhh)\
    betaolefin(qq)(q)(hh)(rhh) = alphaolefin-radical(qq)(q)(hh) primary-carbon-radical
- ID 3104
- Correspondences
1 2 3 4 5 6 7 8 9 10 11 12           2 2 4 2 2 2 2 2 2 2 2
1 2 3 5 6 7 8 9                      2 2 2 2 2 2 2
4 10 11 12                           2 2 2
>  <ForwardRxn>
Standard 2.5e+16   0.00  7.1e+4 8; Type IX (Curran paper) : Edelson and Allara, Int. J. Kinet. 12, 605 (1980)
>  <ReverseRxn>
Standard 2.77320e+07    1.549 3704 8; Calculated LUND (from (hh)(rhh)
$$$$
%%%-------------------------------------------------------------------
%%% Symmetry: 2*1*1*2 = 4
%%%-------------------------------------------------------------------
BetaOlefinDecomp(qq)(q)(rh)(rhh)\
    betaolefin(qq)(q)(rh)(rhh) = alphaolefin-radical(qq)(q)(rh) primary-carbon-radical
- ID 3105
- Correspondences
1 2 3 4 5 6 7 8 9 10 11 12           2 2 4 2 2 2 2 2 2 2 2
1 2 3 5 6 7 8 9                      2 2 2 2 2 2 2
4 10 11 12                           2 2 2
>  <ForwardRxn>
Standard 2.5e+16   0.00  7.1e+4 4; Type IX (Curran paper) : Edelson and Allara, Int. J. Kinet. 12, 605 (1980)
>  <ReverseRxn>
Standard 2.77320e+07    1.549 3704 4; Calculated LUND (from (hh)(rhh)
$$$$
%%%-------------------------------------------------------------------
%%% Symmetry: 2*1*2*2 = 8
%%%-------------------------------------------------------------------
BetaOlefinDecomp(qq)(q)(rr)(rhh)\
    betaolefin(qq)(q)(rr)(rhh) = alphaolefin-radical(qq)(q)(rr) primary-carbon-radical
- ID 3106
- Correspondences
1 2 3 4 5 6 7 8 9 10 11 12           2 2 4 2 2 2 2 2 2 2 2
1 2 3 5 6 7 8 9                      2 2 2 2 2 2 2
4 10 11 12                           2 2 2
>  <ForwardRxn>
Standard 2.5e+16   0.00  7.1e+4 8; Type IX (Curran paper) : Edelson and Allara, Int. J. Kinet. 12, 605 (1980)
>  <ReverseRxn>
Standard 2.77320e+07    1.549 3704 8; Calculated LUND (from (hh)(rhh)
$$$$
%%%-------------------------------------------------------------------
%%% Symmetry: 2*1*2*2 = 8
%%%-------------------------------------------------------------------
BetaOlefinDecomp(qq)(q)(hh)(rrh)\
    betaolefin(qq)(q)(hh)(rrh) = alphaolefin-radical(qq)(q)(hh) secondary-carbon-radical
- ID 3107
- Correspondences
1 2 3 4 5 6 7 8 9 10 11 12           2 2 4 2 2 2 2 2 2 2 2
1 2 3 5 6 7 8 9                      2 2 2 2 2 2 2
4 10 11 12                           2 2 2
>  <ForwardRxn>
Standard 2.5e+16   0.00  7.1e+4 8; Type IX (Curran paper) : Edelson and Allara, Int. J. Kinet. 12, 605 (1980)
>  <ReverseRxn>
Standard 2.77320e+07    1.549 3704 8; Calculated LUND (from (hh)(rhh)
$$$$
%%%-------------------------------------------------------------------
%%% Symmetry: 2*1*1*2 = 4
%%%-------------------------------------------------------------------
BetaOlefinDecomp(qq)(q)(rh)(rrh)\
    betaolefin(qq)(q)(rh)(rrh) = alphaolefin-radical(qq)(q)(rh) secondary-carbon-radical
- ID 3108
- Correspondences
1 2 3 4 5 6 7 8 9 10 11 12           2 2 4 2 2 2 2 2 2 2 2
1 2 3 5 6 7 8 9                      2 2 2 2 2 2 2
4 10 11 12                           2 2 2
>  <ForwardRxn>
Standard 2.5e+16   0.00  7.1e+4 4; Type IX (Curran paper) : Edelson and Allara, Int. J. Kinet. 12, 605 (1980)
>  <ReverseRxn>
Standard 2.77320e+07    1.549 3704 4; Calculated LUND (from (hh)(rhh)
$$$$
%%%-------------------------------------------------------------------
%%% Symmetry: 2*1*2*2 = 8
%%%-------------------------------------------------------------------
BetaOlefinDecomp(qq)(q)(rr)(rrh)\
    betaolefin(qq)(q)(rr)(rrh) = alphaolefin-radical(qq)(q)(rr) secondary-carbon-radical
- ID 3109
- Correspondences
1 2 3 4 5 6 7 8 9 10 11 12           2 2 4 2 2 2 2 2 2 2 2
1 2 3 5 6 7 8 9                      2 2 2 2 2 2 2
4 10 11 12                           2 2 2
>  <ForwardRxn>
Standard 2.5e+16   0.00  7.1e+4 8; Type IX (Curran paper) : Edelson and Allara, Int. J. Kinet. 12, 605 (1980)
>  <ReverseRxn>
Standard 2.77320e+07    1.549 3704 8; Calculated LUND (from (hh)(rhh)
$$$$
%%%-------------------------------------------------------------------
%%% Symmetry: 2*1*2*6 = 24
%%%-------------------------------------------------------------------
BetaOlefinDecomp(qq)(q)(hh)(rrr)\
    betaolefin(qq)(q)(hh)(rrr) = alphaolefin-radical(qq)(q)(hh) tertiary-carbon-radical
- ID 3110
- Correspondences
1 2 3 4 5 6 7 8 9 10 11 12           2 2 4 2 2 2 2 2 2 2 2
1 2 3 5 6 7 8 9                      2 2 2 2 2 2 2
4 10 11 12                           2 2 2
>  <ForwardRxn>
Standard 2.5e+16   0.00  7.1e+4 24; Type IX (Curran paper) : Edelson and Allara, Int. J. Kinet. 12, 605 (1980)
>  <ReverseRxn>
Standard 2.77320e+07    1.549 3704 24; Calculated LUND (from (hh)(rhh)
$$$$
%%%-------------------------------------------------------------------
%%% Symmetry: 2*1*1*6 = 12
%%%-------------------------------------------------------------------
BetaOlefinDecomp(qq)(q)(rh)(rrr)\
    betaolefin(qq)(q)(rh)(rrr) = alphaolefin-radical(qq)(q)(rh) tertiary-carbon-radical
- ID 3111
- Correspondences
1 2 3 4 5 6 7 8 9 10 11 12           2 2 4 2 2 2 2 2 2 2 2
1 2 3 5 6 7 8 9                      2 2 2 2 2 2 2
4 10 11 12                           2 2 2
>  <ForwardRxn>
Standard 2.5e+16   0.00  7.1e+4 12; Type IX (Curran paper) : Edelson and Allara, Int. J. Kinet. 12, 605 (1980)
>  <ReverseRxn>
Standard 2.77320e+07    1.549 3704 12; Calculated LUND (from (hh)(rhh)
$$$$
%%%-------------------------------------------------------------------
%%% Symmetry: 2*1*2*6 = 24
%%%-------------------------------------------------------------------
BetaOlefinDecomp(qq)(q)(rr)(rrr)\
    betaolefin(qq)(q)(rr)(rrr) = alphaolefin-radical(qq)(q)(rr) tertiary-carbon-radical
- ID 3112
- Correspondences
1 2 3 4 5 6 7 8 9 10 11 12           2 2 4 2 2 2 2 2 2 2 2
1 2 3 5 6 7 8 9                      2 2 2 2 2 2 2
4 10 11 12                           2 2 2
>  <ForwardRxn>
Standard 2.5e+16   0.00  7.1e+4 24; Type IX (Curran paper) : Edelson and Allara, Int. J. Kinet. 12, 605 (1980)
>  <ReverseRxn>
Standard 2.77320e+07    1.549 3704 24; Calculated LUND (from (hh)(rhh)
$$$$
