%%%-------------------------------------------------------------------
%%% Symmetry: 1*2*2 = 4
%%%-------------------------------------------------------------------
Decomp-13-dibutanal-4-yl-(h)(hh)(hh)\
   (h)coc(hh)coc.(hh) = .c(h)(h)co(h) ketene-(hh)
- ID 71401
- Correspondences
1 2 3 4 5 6 7 8 9 10 11     2 2 2 2 2 4 2 2 2 2
4 1 3 2 5 6                 2 2 2 2 2 
9 7 8 10 11                 2 2 2 2
>  <ForwardRxn>
Standard  1.000E+14  0.00  3.100E+04 4; Analogy with ch3coch2  =  ch2co+ch3 (within LLNL cyclohexane mechanism)
>  <ReverseRxn>
Standard 1.000E+11  0.00  6.000E+03  4;  Analogy with ch3coch2  =  ch2co+ch3 (within LLNL cyclohexane mechanism)
$$$$
%%%-------------------------------------------------------------------
%%% Symmetry: 1*2*2 = 4
%%%-------------------------------------------------------------------
Decomp-13-dibutanal-4-yl-(r)(hh)(hh)\
   (r)coc(hh)coc.(hh) = .c(h)(h)co(r) ketene-(hh)
- ID 71402
- Correspondences
1 2 3 4 5 6 7 8 9 10 11     2 2 2 2 2 4 2 2 2 2
4 1 3 2 5 6                 2 2 2 2 2 
9 7 8 10 11                 2 2 2 2
>  <ForwardRxn>
Standard  1.000E+14  0.00  3.100E+04 4; Analogy with ch3coch2  =  ch2co+ch3 (within LLNL cyclohexane mechanism)
>  <ReverseRxn>
Standard 1.000E+11  0.00  6.000E+03  4;  Analogy with ch3coch2  =  ch2co+ch3 (within LLNL cyclohexane mechanism)
$$$$
%%%-------------------------------------------------------------------
%%% Symmetry: 1*1*2 = 2
%%%-------------------------------------------------------------------
Decomp-13-dibutanal-4-yl-(h)(rh)(hh)\
   (h)coc(rh)coc.(hh) = .c(r)(h)co(h) ketene-(hh)
- ID 71403
- Correspondences
1 2 3 4 5 6 7 8 9 10 11     2 2 2 2 2 4 2 2 2 2
4 1 3 2 5 6                 2 2 2 2 2 
9 7 8 10 11                 2 2 2 2
>  <ForwardRxn>
Standard  1.000E+14  0.00  3.100E+04 2; Analogy with ch3coch2  =  ch2co+ch3 (within LLNL cyclohexane mechanism)
>  <ReverseRxn>
Standard 1.000E+11  0.00  6.000E+03  2;  Analogy with ch3coch2  =  ch2co+ch3 (within LLNL cyclohexane mechanism)
$$$$
%%%-------------------------------------------------------------------
%%% Symmetry: 1*1*2 = 2
%%%-------------------------------------------------------------------
Decomp-13-dibutanal-4-yl-(r)(rh)(hh)\
   (r)coc(rh)coc.(hh) = .c(r)(h)co(r) ketene-(hh)
- ID 71404
- Correspondences
1 2 3 4 5 6 7 8 9 10 11     2 2 2 2 2 4 2 2 2 2
4 1 3 2 5 6                 2 2 2 2 2 
9 7 8 10 11                 2 2 2 2
>  <ForwardRxn>
Standard  1.000E+14  0.00  3.100E+04 2; Analogy with ch3coch2  =  ch2co+ch3 (within LLNL cyclohexane mechanism)
>  <ReverseRxn>
Standard 1.000E+11  0.00  6.000E+03  2;  Analogy with ch3coch2  =  ch2co+ch3 (within LLNL cyclohexane mechanism)
$$$$
%%%-------------------------------------------------------------------
%%% Symmetry: 1*2*2 = 4
%%%-------------------------------------------------------------------
Decomp-13-dibutanal-4-yl-(h)(rr)(hh)\
   (h)coc(rr)coc.(hh) = .c(r)(r)co(h) ketene-(hh)
- ID 71405
- Correspondences
1 2 3 4 5 6 7 8 9 10 11     2 2 2 2 2 4 2 2 2 2
4 1 3 2 5 6                 2 2 2 2 2 
9 7 8 10 11                 2 2 2 2
>  <ForwardRxn>
Standard  1.000E+14  0.00  3.100E+04 4; Analogy with ch3coch2  =  ch2co+ch3 (within LLNL cyclohexane mechanism)
>  <ReverseRxn>
Standard 1.000E+11  0.00  6.000E+03  4;  Analogy with ch3coch2  =  ch2co+ch3 (within LLNL cyclohexane mechanism)
$$$$
%%%-------------------------------------------------------------------
%%% Symmetry: 1*2*2 = 4
%%%-------------------------------------------------------------------
Decomp-13-dibutanal-4-yl-(r)(rr)(hh)\
   (r)coc(rr)coc.(hh) = .c(r)(r)co(r) ketene-(hh)
- ID 71406
- Correspondences
1 2 3 4 5 6 7 8 9 10 11     2 2 2 2 2 4 2 2 2 2
4 1 3 2 5 6                 2 2 2 2 2 
9 7 8 10 11                 2 2 2 2
>  <ForwardRxn>
Standard  1.000E+14  0.00  3.100E+04 4; Analogy with ch3coch2  =  ch2co+ch3 (within LLNL cyclohexane mechanism)
>  <ReverseRxn>
Standard 1.000E+11  0.00  6.000E+03  4;  Analogy with ch3coch2  =  ch2co+ch3 (within LLNL cyclohexane mechanism)
$$$$
%%%-------------------------------------------------------------------
%%% Symmetry: 1*2*1 = 2
%%%-------------------------------------------------------------------
Decomp-13-dibutanal-4-yl-(h)(hh)(rh)\
   (h)coc(hh)coc.(rh) = .c(h)(h)co(h) ketene-(rh)
- ID 71407
- Correspondences
1 2 3 4 5 6 7 8 9 10 11     2 2 2 2 2 4 2 2 2 2
4 1 3 2 5 6                 2 2 2 2 2 
9 7 8 10 11                 2 2 2 2
>  <ForwardRxn>
Standard  1.000E+14  0.00  3.100E+04 2; Analogy with ch3coch2  =  ch2co+ch3 (within LLNL cyclohexane mechanism)
>  <ReverseRxn>
Standard 1.000E+11  0.00  6.000E+03  2;  Analogy with ch3coch2  =  ch2co+ch3 (within LLNL cyclohexane mechanism)
$$$$
%%%-------------------------------------------------------------------
%%% Symmetry: 1*2*1 = 2
%%%-------------------------------------------------------------------
Decomp-13-dibutanal-4-yl-(r)(hh)(rh)\
   (r)coc(hh)coc.(rh) = .c(h)(h)co(r) ketene-(rh)
- ID 71408
- Correspondences
1 2 3 4 5 6 7 8 9 10 11     2 2 2 2 2 4 2 2 2 2
4 1 3 2 5 6                 2 2 2 2 2 
9 7 8 10 11                 2 2 2 2
>  <ForwardRxn>
Standard  1.000E+14  0.00  3.100E+04 2; Analogy with ch3coch2  =  ch2co+ch3 (within LLNL cyclohexane mechanism)
>  <ReverseRxn>
Standard 1.000E+11  0.00  6.000E+03  2;  Analogy with ch3coch2  =  ch2co+ch3 (within LLNL cyclohexane mechanism)
$$$$
%%%-------------------------------------------------------------------
%%% Symmetry: 1*1*1 = 1
%%%-------------------------------------------------------------------
Decomp-13-dibutanal-4-yl-(h)(rh)(rh)\
   (h)coc(rh)coc.(rh) = .c(r)(h)co(h) ketene-(rh)
- ID 71409
- Correspondences
1 2 3 4 5 6 7 8 9 10 11     2 2 2 2 2 4 2 2 2 2
4 1 3 2 5 6                 2 2 2 2 2 
9 7 8 10 11                 2 2 2 2
>  <ForwardRxn>
Standard  1.000E+14  0.00  3.100E+04 1; Analogy with ch3coch2  =  ch2co+ch3 (within LLNL cyclohexane mechanism)
>  <ReverseRxn>
Standard 1.000E+11  0.00  6.000E+03  1;  Analogy with ch3coch2  =  ch2co+ch3 (within LLNL cyclohexane mechanism)
$$$$
%%%-------------------------------------------------------------------
%%% Symmetry: 1*1*1 = 1
%%%-------------------------------------------------------------------
Decomp-13-dibutanal-4-yl-(r)(rh)(rh)\
   (r)coc(rh)coc.(rh) = .c(r)(h)co(r) ketene-(rh)
- ID 71410
- Correspondences
1 2 3 4 5 6 7 8 9 10 11     2 2 2 2 2 4 2 2 2 2
4 1 3 2 5 6                 2 2 2 2 2 
9 7 8 10 11                 2 2 2 2
>  <ForwardRxn>
Standard  1.000E+14  0.00  3.100E+04 1; Analogy with ch3coch2  =  ch2co+ch3 (within LLNL cyclohexane mechanism)
>  <ReverseRxn>
Standard 1.000E+11  0.00  6.000E+03  1;  Analogy with ch3coch2  =  ch2co+ch3 (within LLNL cyclohexane mechanism)
$$$$
%%%-------------------------------------------------------------------
%%% Symmetry: 1*2*1 = 2
%%%-------------------------------------------------------------------
Decomp-13-dibutanal-4-yl-(h)(rr)(rh)\
   (h)coc(rr)coc.(rh) = .c(r)(r)co(h) ketene-(rh)
- ID 71411
- Correspondences
1 2 3 4 5 6 7 8 9 10 11     2 2 2 2 2 4 2 2 2 2
4 1 3 2 5 6                 2 2 2 2 2 
9 7 8 10 11                 2 2 2 2
>  <ForwardRxn>
Standard  1.000E+14  0.00  3.100E+04 2; Analogy with ch3coch2  =  ch2co+ch3 (within LLNL cyclohexane mechanism)
>  <ReverseRxn>
Standard 1.000E+11  0.00  6.000E+03  2;  Analogy with ch3coch2  =  ch2co+ch3 (within LLNL cyclohexane mechanism)
$$$$
%%%-------------------------------------------------------------------
%%% Symmetry: 1*2*1 = 2
%%%-------------------------------------------------------------------
Decomp-13-dibutanal-4-yl-(r)(rr)(rh)\
   (r)coc(rr)coc.(rh) = .c(r)(r)co(r) ketene-(rh)
- ID 71412
- Correspondences
1 2 3 4 5 6 7 8 9 10 11     2 2 2 2 2 4 2 2 2 2
4 1 3 2 5 6                 2 2 2 2 2 
9 7 8 10 11                 2 2 2 2
>  <ForwardRxn>
Standard  1.000E+14  0.00  3.100E+04 2; Analogy with ch3coch2  =  ch2co+ch3 (within LLNL cyclohexane mechanism)
>  <ReverseRxn>
Standard 1.000E+11  0.00  6.000E+03  2;  Analogy with ch3coch2  =  ch2co+ch3 (within LLNL cyclohexane mechanism)
$$$$
%%%-------------------------------------------------------------------
%%% Symmetry: 1*2*2 = 4
%%%-------------------------------------------------------------------
Decomp-13-dibutanal-4-yl-(h)(hh)(rr)\
   (h)coc(hh)coc.(rr) = .c(h)(h)co(h) ketene-(rr)
- ID 71413
- Correspondences
1 2 3 4 5 6 7 8 9 10 11     2 2 2 2 2 4 2 2 2 2
4 1 3 2 5 6                 2 2 2 2 2 
9 7 8 10 11                 2 2 2 2
>  <ForwardRxn>
Standard  1.000E+14  0.00  3.100E+04 4; Analogy with ch3coch2  =  ch2co+ch3 (within LLNL cyclohexane mechanism)
>  <ReverseRxn>
Standard 1.000E+11  0.00  6.000E+03  4;  Analogy with ch3coch2  =  ch2co+ch3 (within LLNL cyclohexane mechanism)
$$$$
%%%-------------------------------------------------------------------
%%% Symmetry: 1*2*2 = 4
%%%-------------------------------------------------------------------
Decomp-13-dibutanal-4-yl-(r)(hh)(rr)\
   (r)coc(hh)coc.(rr) = .c(h)(h)co(r) ketene-(rr)
- ID 71414
- Correspondences
1 2 3 4 5 6 7 8 9 10 11     2 2 2 2 2 4 2 2 2 2
4 1 3 2 5 6                 2 2 2 2 2 
9 7 8 10 11                 2 2 2 2
>  <ForwardRxn>
Standard  1.000E+14  0.00  3.100E+04 4; Analogy with ch3coch2  =  ch2co+ch3 (within LLNL cyclohexane mechanism)
>  <ReverseRxn>
Standard 1.000E+11  0.00  6.000E+03  4;  Analogy with ch3coch2  =  ch2co+ch3 (within LLNL cyclohexane mechanism)
$$$$
%%%-------------------------------------------------------------------
%%% Symmetry: 1*1*2 = 2
%%%-------------------------------------------------------------------
Decomp-13-dibutanal-4-yl-(h)(rh)(rr)\
   (h)coc(rh)coc.(rr) = .c(r)(h)co(h) ketene-(rr)
- ID 71415
- Correspondences
1 2 3 4 5 6 7 8 9 10 11     2 2 2 2 2 4 2 2 2 2
4 1 3 2 5 6                 2 2 2 2 2 
9 7 8 10 11                 2 2 2 2
>  <ForwardRxn>
Standard  1.000E+14  0.00  3.100E+04 2; Analogy with ch3coch2  =  ch2co+ch3 (within LLNL cyclohexane mechanism)
>  <ReverseRxn>
Standard 1.000E+11  0.00  6.000E+03  2;  Analogy with ch3coch2  =  ch2co+ch3 (within LLNL cyclohexane mechanism)
$$$$
%%%-------------------------------------------------------------------
%%% Symmetry: 1*1*2 = 2
%%%-------------------------------------------------------------------
Decomp-13-dibutanal-4-yl-(r)(rh)(rr)\
   (r)coc(rh)coc.(rr) = .c(r)(h)co(r) ketene-(rr)
- ID 71416
- Correspondences
1 2 3 4 5 6 7 8 9 10 11     2 2 2 2 2 4 2 2 2 2
4 1 3 2 5 6                 2 2 2 2 2 
9 7 8 10 11                 2 2 2 2
>  <ForwardRxn>
Standard  1.000E+14  0.00  3.100E+04 4; Analogy with ch3coch2  =  ch2co+ch3 (within LLNL cyclohexane mechanism)
>  <ReverseRxn>
Standard 1.000E+11  0.00  6.000E+03  4;  Analogy with ch3coch2  =  ch2co+ch3 (within LLNL cyclohexane mechanism)
$$$$
%%%-------------------------------------------------------------------
%%% Symmetry: 1*2*2 = 4
%%%-------------------------------------------------------------------
Decomp-13-dibutanal-4-yl-(h)(rr)(rr)\
   (h)coc(rr)coc.(rr) = .c(r)(r)co(h) ketene-(rr)
- ID 71417
- Correspondences
1 2 3 4 5 6 7 8 9 10 11     2 2 2 2 2 4 2 2 2 2
4 1 3 2 5 6                 2 2 2 2 2 
9 7 8 10 11                 2 2 2 2
>  <ForwardRxn>
Standard  1.000E+14  0.00  3.100E+04 4; Analogy with ch3coch2  =  ch2co+ch3 (within LLNL cyclohexane mechanism)
>  <ReverseRxn>
Standard 1.000E+11  0.00  6.000E+03  4;  Analogy with ch3coch2  =  ch2co+ch3 (within LLNL cyclohexane mechanism)
$$$$
%%%-------------------------------------------------------------------
%%% Symmetry: 1*2*2 = 4
%%%-------------------------------------------------------------------
Decomp-13-dibutanal-4-yl-(r)(rr)(rr)\
   (r)coc(rr)coc.(rr) = .c(r)(r)co(r) ketene-(rr)
- ID 71418
- Correspondences
1 2 3 4 5 6 7 8 9 10 11     2 2 2 2 2 4 2 2 2 2
4 1 3 2 5 6                 2 2 2 2 2 
9 7 8 10 11                 2 2 2 2
>  <ForwardRxn>
Standard  1.000E+14  0.00  3.100E+04 4; Analogy with ch3coch2  =  ch2co+ch3 (within LLNL cyclohexane mechanism)
>  <ReverseRxn>
Standard 1.000E+11  0.00  6.000E+03  4;  Analogy with ch3coch2  =  ch2co+ch3 (within LLNL cyclohexane mechanism)
$$$$
