%%%-------------------------------------------------------------------
%%% Symmetry: 1*2*2 = 4
%%%-------------------------------------------------------------------
Decomp-14-dibutanal-1-yl-(h)(hh)(hh)\
   (h)coc(hh)c(hh)co = .c(h)(h)co(h) ketene-(hh)
- ID 71421
- Correspondences
1 2 3 4 5 6 7 8 9 10 11     2 2 2 2 2 4 2 2 2 2
4 1 3 2 5 6                 2 2 2 2 2 
7 10 11 8 9                 2 2 2 2
>  <ForwardRxn>
Standard  1.000E+14  0.00  3.100E+04 4; Analogy with ch3coch2  =  ch2co+ch3 (within LLNL cyclohexane mechanism)
>  <ReverseRxn>
Standard 1.000E+11  0.00  6.000E+03  4;  Analogy with ch3coch2  =  ch2co+ch3 (within LLNL cyclohexane mechanism)
$$$$
%%%-------------------------------------------------------------------
%%% Symmetry: 1*2*2 = 4
%%%-------------------------------------------------------------------
Decomp-14-dibutanal-1-yl-(r)(hh)(hh)\
   (r)coc(hh)c(hh)co = .c(r)(h)co(r) ketene-(hh)
- ID 71422
- Correspondences
1 2 3 4 5 6 7 8 9 10 11     2 2 2 2 2 4 2 2 2 2
4 1 3 2 5 6                 2 2 2 2 2 
7 10 11 8 9                 2 2 2 2
>  <ForwardRxn>
Standard  1.000E+14  0.00  3.100E+04 4; Analogy with ch3coch2  =  ch2co+ch3 (within LLNL cyclohexane mechanism)
>  <ReverseRxn>
Standard 1.000E+11  0.00  6.000E+03  4;  Analogy with ch3coch2  =  ch2co+ch3 (within LLNL cyclohexane mechanism)
$$$$
%%%-------------------------------------------------------------------
%%% Symmetry: 1*1*2 = 2
%%%-------------------------------------------------------------------
Decomp-14-dibutanal-1-yl-(h)(rh)(hh)\
   (h)coc(rh)c(hh)co = .c(r)(h)co(h) ketene-(hh)
- ID 71423
- Correspondences
1 2 3 4 5 6 7 8 9 10 11     2 2 2 2 2 4 2 2 2 2
4 1 3 2 5 6                 2 2 2 2 2 
7 10 11 8 9                 2 2 2 2
>  <ForwardRxn>
Standard  1.000E+14  0.00  3.100E+04 2; Analogy with ch3coch2  =  ch2co+ch3 (within LLNL cyclohexane mechanism)
>  <ReverseRxn>
Standard 1.000E+11  0.00  6.000E+03  2;  Analogy with ch3coch2  =  ch2co+ch3 (within LLNL cyclohexane mechanism)
$$$$
%%%-------------------------------------------------------------------
%%% Symmetry: 1*1*2 = 2
%%%-------------------------------------------------------------------
Decomp-14-dibutanal-1-yl-(r)(rh)(hh)\
   (r)coc(rh)c(hh)co = .c(r)(h)co(r) ketene-(hh)
- ID 71424
- Correspondences
1 2 3 4 5 6 7 8 9 10 11     2 2 2 2 2 4 2 2 2 2
4 1 3 2 5 6                 2 2 2 2 2 
7 10 11 8 9                 2 2 2 2
>  <ForwardRxn>
Standard  1.000E+14  0.00  3.100E+04 2; Analogy with ch3coch2  =  ch2co+ch3 (within LLNL cyclohexane mechanism)
>  <ReverseRxn>
Standard 1.000E+11  0.00  6.000E+03  2;  Analogy with ch3coch2  =  ch2co+ch3 (within LLNL cyclohexane mechanism)
$$$$
%%%-------------------------------------------------------------------
%%% Symmetry: 1*2*2 = 4
%%%-------------------------------------------------------------------
Decomp-14-dibutanal-1-yl-(h)(rr)(hh)\
   (h)coc(rr)c(hh)co = .c(r)(r)co(h) ketene-(hh)
- ID 71425
- Correspondences
1 2 3 4 5 6 7 8 9 10 11     2 2 2 2 2 4 2 2 2 2
4 1 3 2 5 6                 2 2 2 2 2 
7 10 11 8 9                 2 2 2 2
>  <ForwardRxn>
Standard  1.000E+14  0.00  3.100E+04 4; Analogy with ch3coch2  =  ch2co+ch3 (within LLNL cyclohexane mechanism)
>  <ReverseRxn>
Standard 1.000E+11  0.00  6.000E+03  4;  Analogy with ch3coch2  =  ch2co+ch3 (within LLNL cyclohexane mechanism)
$$$$
%%%-------------------------------------------------------------------
%%% Symmetry: 1*2*2 = 4
%%%-------------------------------------------------------------------
Decomp-14-dibutanal-1-yl-(r)(rr)(hh)\
   (r)coc(rr)c(hh)co = .c(r)(r)co(r) ketene-(hh)
- ID 71426
- Correspondences
1 2 3 4 5 6 7 8 9 10 11     2 2 2 2 2 4 2 2 2 2
4 1 3 2 5 6                 2 2 2 2 2 
7 10 11 8 9                 2 2 2 2
>  <ForwardRxn>
Standard  1.000E+14  0.00  3.100E+04 2; Analogy with ch3coch2  =  ch2co+ch3 (within LLNL cyclohexane mechanism)
>  <ReverseRxn>
Standard 1.000E+11  0.00  6.000E+03  2;  Analogy with ch3coch2  =  ch2co+ch3 (within LLNL cyclohexane mechanism)
$$$$
%%%-------------------------------------------------------------------
%%% Symmetry: 1*2*1 = 2
%%%-------------------------------------------------------------------
Decomp-14-dibutanal-1-yl-(h)(hh)(rh)\
   (h)coc(hh)c(rh)co = .c(h)(h)co(h) ketene-(rh)
- ID 71427
- Correspondences
1 2 3 4 5 6 7 8 9 10 11     2 2 2 2 2 4 2 2 2 2
4 1 3 2 5 6                 2 2 2 2 2 
7 10 11 8 9                 2 2 2 2
>  <ForwardRxn>
Standard  1.000E+14  0.00  3.100E+04 2; Analogy with ch3coch2  =  ch2co+ch3 (within LLNL cyclohexane mechanism)
>  <ReverseRxn>
Standard 1.000E+11  0.00  6.000E+03  2;  Analogy with ch3coch2  =  ch2co+ch3 (within LLNL cyclohexane mechanism)
$$$$
%%%-------------------------------------------------------------------
%%% Symmetry: 1*2*1 = 2
%%%-------------------------------------------------------------------
Decomp-14-dibutanal-1-yl-(r)(hh)(rh)\
   (r)coc(hh)c(rh)co = .c(r)(h)co(r) ketene-(rh)
- ID 71428
- Correspondences
1 2 3 4 5 6 7 8 9 10 11     2 2 2 2 2 4 2 2 2 2
4 1 3 2 5 6                 2 2 2 2 2 
7 10 11 8 9                 2 2 2 2
>  <ForwardRxn>
Standard  1.000E+14  0.00  3.100E+04 2; Analogy with ch3coch2  =  ch2co+ch3 (within LLNL cyclohexane mechanism)
>  <ReverseRxn>
Standard 1.000E+11  0.00  6.000E+03  2;  Analogy with ch3coch2  =  ch2co+ch3 (within LLNL cyclohexane mechanism)
$$$$
%%%-------------------------------------------------------------------
%%% Symmetry: 1*2*1 = 2
%%%-------------------------------------------------------------------
Decomp-14-dibutanal-1-yl-(h)(rh)(rh)\
   (h)coc(rh)c(rh)co = .c(r)(h)co(h) ketene-(rh)
- ID 71429
- Correspondences
1 2 3 4 5 6 7 8 9 10 11     2 2 2 2 2 4 2 2 2 2
4 1 3 2 5 6                 2 2 2 2 2 
7 10 11 8 9                 2 2 2 2
>  <ForwardRxn>
Standard  1.000E+14  0.00  3.100E+04 2; Analogy with ch3coch2  =  ch2co+ch3 (within LLNL cyclohexane mechanism)
>  <ReverseRxn>
Standard 1.000E+11  0.00  6.000E+03  2;  Analogy with ch3coch2  =  ch2co+ch3 (within LLNL cyclohexane mechanism)
$$$$
%%%-------------------------------------------------------------------
%%% Symmetry: 1*2*1 = 2
%%%-------------------------------------------------------------------
Decomp-14-dibutanal-1-yl-(r)(rh)(rh)\
   (r)coc(rh)c(rh)co = .c(r)(h)co(r) ketene-(rh)
- ID 71430
- Correspondences
1 2 3 4 5 6 7 8 9 10 11     2 2 2 2 2 4 2 2 2 2
4 1 3 2 5 6                 2 2 2 2 2 
7 10 11 8 9                 2 2 2 2
>  <ForwardRxn>
Standard  1.000E+14  0.00  3.100E+04 2; Analogy with ch3coch2  =  ch2co+ch3 (within LLNL cyclohexane mechanism)
>  <ReverseRxn>
Standard 1.000E+11  0.00  6.000E+03  2;  Analogy with ch3coch2  =  ch2co+ch3 (within LLNL cyclohexane mechanism)
$$$$
%%%-------------------------------------------------------------------
%%% Symmetry: 1*2*1 = 2
%%%-------------------------------------------------------------------
Decomp-14-dibutanal-1-yl-(h)(rr)(rh)\
   (h)coc(rr)c(rh)co = .c(r)(r)co(h) ketene-(rh)
- ID 71431
- Correspondences
1 2 3 4 5 6 7 8 9 10 11     2 2 2 2 2 4 2 2 2 2
4 1 3 2 5 6                 2 2 2 2 2 
7 10 11 8 9                 2 2 2 2
>  <ForwardRxn>
Standard  1.000E+14  0.00  3.100E+04 2; Analogy with ch3coch2  =  ch2co+ch3 (within LLNL cyclohexane mechanism)
>  <ReverseRxn>
Standard 1.000E+11  0.00  6.000E+03  2;  Analogy with ch3coch2  =  ch2co+ch3 (within LLNL cyclohexane mechanism)
$$$$
%%%-------------------------------------------------------------------
%%% Symmetry: 1*2*1 = 2
%%%-------------------------------------------------------------------
Decomp-14-dibutanal-1-yl-(r)(rr)(rh)\
   (r)coc(rr)c(rh)co = .c(r)(r)co(r) ketene-(rh)
- ID 71432
- Correspondences
1 2 3 4 5 6 7 8 9 10 11     2 2 2 2 2 4 2 2 2 2
4 1 3 2 5 6                 2 2 2 2 2 
7 10 11 8 9                 2 2 2 2
>  <ForwardRxn>
Standard  1.000E+14  0.00  3.100E+04 2; Analogy with ch3coch2  =  ch2co+ch3 (within LLNL cyclohexane mechanism)
>  <ReverseRxn>
Standard 1.000E+11  0.00  6.000E+03  2;  Analogy with ch3coch2  =  ch2co+ch3 (within LLNL cyclohexane mechanism)
$$$$
%%%-------------------------------------------------------------------
%%% Symmetry: 1*2*2 = 4
%%%-------------------------------------------------------------------
Decomp-14-dibutanal-1-yl-(h)(hh)(rr)\
   (h)coc(hh)c(rr)co = .c(h)(h)co(h) ketene-(rr)
- ID 71433
- Correspondences
1 2 3 4 5 6 7 8 9 10 11     2 2 2 2 2 4 2 2 2 2
4 1 3 2 5 6                 2 2 2 2 2 
7 10 11 8 9                 2 2 2 2
>  <ForwardRxn>
Standard  1.000E+14  0.00  3.100E+04 4; Analogy with ch3coch2  =  ch2co+ch3 (within LLNL cyclohexane mechanism)
>  <ReverseRxn>
Standard 1.000E+11  0.00  6.000E+03  4;  Analogy with ch3coch2  =  ch2co+ch3 (within LLNL cyclohexane mechanism)
$$$$
%%%-------------------------------------------------------------------
%%% Symmetry: 1*2*2 = 4
%%%-------------------------------------------------------------------
Decomp-14-dibutanal-1-yl-(r)(hh)(rr)\
   (r)coc(hh)c(rr)co = .c(r)(h)co(r) ketene-(rr)
- ID 71434
- Correspondences
1 2 3 4 5 6 7 8 9 10 11     2 2 2 2 2 4 2 2 2 2
4 1 3 2 5 6                 2 2 2 2 2 
7 10 11 8 9                 2 2 2 2
>  <ForwardRxn>
Standard  1.000E+14  0.00  3.100E+04 4; Analogy with ch3coch2  =  ch2co+ch3 (within LLNL cyclohexane mechanism)
>  <ReverseRxn>
Standard 1.000E+11  0.00  6.000E+03  4;  Analogy with ch3coch2  =  ch2co+ch3 (within LLNL cyclohexane mechanism)
$$$$
%%%-------------------------------------------------------------------
%%% Symmetry: 1*2*2 = 4
%%%-------------------------------------------------------------------
Decomp-14-dibutanal-1-yl-(h)(rh)(rr)\
   (h)coc(rh)c(rr)co = .c(r)(h)co(h) ketene-(rr)
- ID 71435
- Correspondences
1 2 3 4 5 6 7 8 9 10 11     2 2 2 2 2 4 2 2 2 2
4 1 3 2 5 6                 2 2 2 2 2 
7 10 11 8 9                 2 2 2 2
>  <ForwardRxn>
Standard  1.000E+14  0.00  3.100E+04 4; Analogy with ch3coch2  =  ch2co+ch3 (within LLNL cyclohexane mechanism)
>  <ReverseRxn>
Standard 1.000E+11  0.00  6.000E+03  4;  Analogy with ch3coch2  =  ch2co+ch3 (within LLNL cyclohexane mechanism)
$$$$
%%%-------------------------------------------------------------------
%%% Symmetry: 1*2*2 = 4
%%%-------------------------------------------------------------------
Decomp-14-dibutanal-1-yl-(r)(rh)(rr)\
   (r)coc(rh)c(rr)co = .c(r)(h)co(r) ketene-(rr)
- ID 71436
- Correspondences
1 2 3 4 5 6 7 8 9 10 11     2 2 2 2 2 4 2 2 2 2
4 1 3 2 5 6                 2 2 2 2 2 
7 10 11 8 9                 2 2 2 2
>  <ForwardRxn>
Standard  1.000E+14  0.00  3.100E+04 4; Analogy with ch3coch2  =  ch2co+ch3 (within LLNL cyclohexane mechanism)
>  <ReverseRxn>
Standard 1.000E+11  0.00  6.000E+03  4;  Analogy with ch3coch2  =  ch2co+ch3 (within LLNL cyclohexane mechanism)
$$$$
%%%-------------------------------------------------------------------
%%% Symmetry: 1*2*2 = 4
%%%-------------------------------------------------------------------
Decomp-14-dibutanal-1-yl-(h)(rr)(rr)\
   (h)coc(rr)c(rr)co = .c(r)(r)co(h) ketene-(rr)
- ID 71437
- Correspondences
1 2 3 4 5 6 7 8 9 10 11     2 2 2 2 2 4 2 2 2 2
4 1 3 2 5 6                 2 2 2 2 2 
7 10 11 8 9                 2 2 2 2
>  <ForwardRxn>
Standard  1.000E+14  0.00  3.100E+04 4; Analogy with ch3coch2  =  ch2co+ch3 (within LLNL cyclohexane mechanism)
>  <ReverseRxn>
Standard 1.000E+11  0.00  6.000E+03  4;  Analogy with ch3coch2  =  ch2co+ch3 (within LLNL cyclohexane mechanism)
$$$$
%%%-------------------------------------------------------------------
%%% Symmetry: 1*2*2 = 4
%%%-------------------------------------------------------------------
Decomp-14-dibutanal-1-yl-(r)(rr)(rr)\
   (r)coc(rr)c(rr)co = .c(r)(r)co(r) ketene-(rr)
- ID 71438
- Correspondences
1 2 3 4 5 6 7 8 9 10 11     2 2 2 2 2 4 2 2 2 2
4 1 3 2 5 6                 2 2 2 2 2 
7 10 11 8 9                 2 2 2 2
>  <ForwardRxn>
Standard  1.000E+14  0.00  3.100E+04 4; Analogy with ch3coch2  =  ch2co+ch3 (within LLNL cyclohexane mechanism)
>  <ReverseRxn>
Standard 1.000E+11  0.00  6.000E+03  4;  Analogy with ch3coch2  =  ch2co+ch3 (within LLNL cyclohexane mechanism)
$$$$
