%%%-------------------------------------------------------------------
%%%  Symmetry: 3*2 = 6
%%%-------------------------------------------------------------------
HLossBetaAlkenylToDiene-(h)(hh)\
     c=ccc(h)(hhh) = c=cc=c(h)(hh) hydrogen-radical
- ID 42820
- Correspondences
1 2 3 4 5 6 7 8   2 2 2 2 2 2 4
1 2 3 4 5 6 7     2 2 2 2 2 2
8                 2
>  <ForwardRxn>
Standard  1.200E+14   0.00  4.930E+04 6; c4h7 = c4h6+h (Curran et. al., heptane)
>  <ReverseRxn>
Standard  4.000E+13   0.00  1.300E+03 6; (rev) c4h7 = c4h6+h (Curran et. al., heptane)
$$$$
%%%-------------------------------------------------------------------
%%%  Symmetry: 3*2 = 6
%%%-------------------------------------------------------------------
HLossBetaAlkenylToDiene-(r)(hh)\
     c=ccc(r)(hhh) = c=cc=c(r)(hh) hydrogen-radical
- ID 42821
- Correspondences
1 2 3 4 5 6 7 8   2 2 2 2 2 2 4
1 2 3 4 5 6 7     2 2 2 2 2 2
8                 2
>  <ForwardRxn>
Standard  1.200E+14   0.00  4.930E+04 6; c4h7 = c4h6+h (Curran et. al., heptane)
>  <ReverseRxn>
Standard  4.000E+13   0.00  1.300E+03 6; (rev) c4h7 = c4h6+h (Curran et. al., heptane)
$$$$
%%%-------------------------------------------------------------------
%%%  Symmetry: 2 = 2
%%%-------------------------------------------------------------------
HLossBetaAlkenylToDiene-(h)(rh)\
     c=ccc(h)(rhh) = c=cc=c(h)(rh) hydrogen-radical
- ID 42822
- Correspondences
1 2 3 4 5 6 7 8   2 2 2 2 2 2 4
1 2 3 4 5 6 7     2 2 2 2 2 2
8                 2
>  <ForwardRxn>
Standard  1.200E+14   0.00  4.930E+04 2; c4h7 = c4h6+h (Curran et. al., heptane)
>  <ReverseRxn>
Standard  4.000E+13   0.00  1.300E+03 2; (rev) c4h7 = c4h6+h (Curran et. al., heptane)
$$$$
%%%-------------------------------------------------------------------
%%%  Symmetry: 2 = 6
%%%-------------------------------------------------------------------
HLossBetaAlkenylToDiene-(r)(rh)\
     c=ccc(r)(rhh) = c=cc=c(r)(rh) hydrogen-radical
- ID 42823
- Correspondences
1 2 3 4 5 6 7 8   2 2 2 2 2 2 4
1 2 3 4 5 6 7     2 2 2 2 2 2
8                 2
>  <ForwardRxn>
Standard  1.200E+14   0.00  4.930E+04 2; c4h7 = c4h6+h (Curran et. al., heptane)
>  <ReverseRxn>
Standard  4.000E+13   0.00  1.300E+03 2; (rev) c4h7 = c4h6+h (Curran et. al., heptane)
$$$$
%%%-------------------------------------------------------------------
%%%  Symmetry: 3*2 = 6
%%%-------------------------------------------------------------------
HLossBetaAlkenylToDiene-(h)(rr)\
     c=ccc(h)(rrh) = c=cc=c(h)(rr) hydrogen-radical
- ID 42824
- Correspondences
1 2 3 4 5 6 7 8   2 2 2 2 2 2 4
1 2 3 4 5 6 7     2 2 2 2 2 2
8                 2
>  <ForwardRxn>
Standard  1.200E+14   0.00  4.930E+04 6; c4h7 = c4h6+h (Curran et. al., heptane)
>  <ReverseRxn>
Standard  4.000E+13   0.00  1.300E+03 6; (rev) c4h7 = c4h6+h (Curran et. al., heptane)
$$$$
%%%-------------------------------------------------------------------
%%%  Symmetry: 3*2 = 6
%%%-------------------------------------------------------------------
HLossBetaAlkenylToDiene-(r)(rr)\
     c=ccc(r)(rrh) = c=cc=c(r)(rr) hydrogen-radical
- ID 42825
- Correspondences
1 2 3 4 5 6 7 8   2 2 2 2 2 2 4
1 2 3 4 5 6 7     2 2 2 2 2 2
8                 2
>  <ForwardRxn>
Standard  1.200E+14   0.00  4.930E+04 6; c4h7 = c4h6+h (Curran et. al., heptane)
>  <ReverseRxn>
Standard  4.000E+13   0.00  1.300E+03 6; (rev) c4h7 = c4h6+h (Curran et. al., heptane)
$$$$
