%%%------------------------------------------------------------------
FiveRing-chain-h-isomerization .cccc(h) = .cccc(h)
- ID 14447
- Correspondences
1 2 3 4 5        2 2 2 4
4 3 2 1 5        2 2 2 4
>  <ForwardRxn>
Standard 3.22e+11 0.13 20700 1; Westbrook, Type  Combustion and Flame, 114:149-177 (1998)5

>  <ReverseRxn>
Standard 1.00e-40 0.0 0.00   12;  Zero reverse 
$$$$
%%%------------------------------------------------------------------
SixRing-chain-h-isomerization .ccccc(h) = .ccccc(h)
- ID 14448
- Correspondences
1 2 3 4 5 6       2 2 2 2 4
5 4 3 2 1 6       2 2 2 2 4
>  <ForwardRxn>
Standard 2.47e+11 0.0 23900 1; Type 4; Primary Value

>  <ReverseRxn>
Standard 1.00e-40 0.0 0.00   12;  Zero reverse 
$$$$
%%%------------------------------------------------------------------
SevenRing-chain-h-isomerization .cccccc(h) = .cccccc(h)
- ID 14449
- Correspondences
1 2 3 4 5 6 7       2 2 2 2 2 4
6 5 4 3 2 1 7       2 2 2 2 2 4
>  <ForwardRxn>
Standard 2.06e+10 0.0 21100 1; Type 12 ; Primary Value

>  <ReverseRxn>
Standard 1.00e-40 0.0 0.00   12;  Zero reverse 
$$$$
%%%------------------------------------------------------------------
EightRing-chain-h-isomerization .ccccccc(h) = .ccccccc(h)
- ID 14450
- Correspondences
1 2 3 4 5 6 7 8     2 2 2 2 2 2 4
7 6 5 4 3 2 1 8     2 2 2 2 2 2 4
>  <ForwardRxn>
Standard 1.72e+9 0.0 23900 1; Type 12 ; Primary Value

>  <ReverseRxn>
Standard 1.00e-40 0.0 0.00   12;  Zero reverse 
$$$$
%%%-------------------------------------------------------------------
FiveRing-(ooh)-h-isomerization .cccc(ooh)(h) = .c(ooh)ccc(h)
- ID 14451
- Correspondences
1 2 3 4 5 6 7 8     2 2 2 4 2 2 2
1 2 3 4 5 6 7 8     2 2 2 4 2 2 2
>  <ForwardRxn>
Standard 2.8e+12 0.0 29700 1; Type 12 ; Primary Value

>  <ReverseRxn>
Standard 1.000000e+11      0.000  115000.00 1
$$$$
%%%------------------------------------------------------------------
SixRing-(ooh)-h-isomerization .ccccc(ooh)(h) = .c(ooh)cccc(h)
- ID 14452
- Correspondences
1 2 3 4 5 6 7 8 9      2 2 2 2 4 2 2 2
1 2 3 4 5 6 7 8 9      2 2 2 2 4 2 2 2
>  <ForwardRxn>
Standard 2.47e+11 0.0 23900 1; Type 12 ; Primary Value

>  <ReverseRxn>
Standard 1.000000e+11      0.000  123000.00 1
$$$$
%%%------------------------------------------------------------------
SevenRing-(ooh)-h-isomerization .cccccc(ooh)(h) = .c(ooh)ccccc(h)
- ID 14453
- Correspondences
1 2 3 4 5 6 7 8 9 10     2 2 2 2 2 4 2 2 2
1 2 3 4 5 6 7 8 9 10     2 2 2 2 2 4 2 2 2
>  <ForwardRxn>
Standard 2.06e+10 0.0 21100 1; Type 12 ; Primary Value

>  <ReverseRxn>
Standard 1.000000e+11      0.000  280000.00 1
$$$$
%%%------------------------------------------------------------------
EightRing-(ooh)-h-isomerization .ccccccc(ooh)(h) = .c(ooh)cccccc(h)
- ID 14454
- Correspondences
1 2 3 4 5 6 7 8 9 10 11    2 2 2 2 2 2 4 2 2 2
1 2 3 4 5 6 7 8 9 10 11    2 2 2 2 2 2 4 2 2 2
>  <ForwardRxn>
Standard 1.72e+9 0.0 23900 1; Type 12 ; Primary Value

>  <ReverseRxn>
Standard 1.000000e+11      0.000  280000.00 1
$$$$
