%%%-------------------------------------------------------------------
%%% Symmetry: 3*2 = 6
%%%-------------------------------------------------------------------
KeteneDecompOToCO2-(hhh)(h)\
     ketene-(hhh)(h) oxygen-atom = olefin-(hh)(hh) carbondioxide
- ID 71401
- Correspondences
1 2 3 4 5 6 7 8         4 2 2 2 4 2 2
9                       
5 1 7 8 4 6             2 2 2 2 4 
2 3 9                   2 4
>  <ForwardRxn>
Standard 3.20e+12   0.00 -4.370e+02 6; From c2h5chco+o  =  c3h6+co2
>  <ReverseRxn>
Standard 1.00e-40 0.0 0.00   1; No Reverse
$$$$
%%%-------------------------------------------------------------------
%%% Symmetry: 2 = 6
%%%-------------------------------------------------------------------
KeteneDecompOToCO2-(rhh)(h)\
     ketene-(rhh)(h) oxygen-atom = olefin-(rh)(hh) carbondioxide
- ID 71402
- Correspondences
1 2 3 4 5 6 7 8         4 2 2 2 2 2 4
9                       
5 1 6 7 4 8             2 2 2 2 4
2 3 9                   2 4
>  <ForwardRxn>
Standard 3.20e+12   0.00 -4.370e+02 2; From c2h5chco+o  =  c3h6+co2
>  <ReverseRxn>
Standard 1.00e-40 0.0 0.00   1; No Reverse
$$$$
%%%-------------------------------------------------------------------
%%% Symmetry: 2 = 2
%%%-------------------------------------------------------------------
KeteneDecompOToCO2-(rrh)(h)\
     ketene-(rrh)(h) oxygen-atom = olefin-(rr)(hh) carbondioxide
- ID 71403
- Correspondences
1 2 3 4 5 6 7 8         4 2 2 2 2 2 4
9                       
5 1 6 7 4 8             2 2 2 2 4 
2 3 9                   2 4
>  <ForwardRxn>
Standard 3.20e+12   0.00 -4.370e+02 2; From c2h5chco+o  =  c3h6+co2
>  <ReverseRxn>
Standard 1.00e-40 0.0 0.00   1; No Reverse
$$$$
%%%-------------------------------------------------------------------
%%% Symmetry: 3*2 = 6
%%%-------------------------------------------------------------------
KeteneDecompOToCO2-(hhh)(r)\
     ketene-(hhh)(r) oxygen-atom = olefin-(rh)(hh) carbondioxide
- ID 71404
- Correspondences
1 2 3 4 5 6 7 8         4 2 2 2 2 2 4
9                       
1 5 4 8 6 7             2 2 4 2 2 
2 3 9                   2 4
>  <ForwardRxn>
Standard 3.20e+12   0.00 -4.370e+02 6; From c2h5chco+o  =  c3h6+co2
>  <ReverseRxn>
Standard 1.00e-40 0.0 0.00   1; No Reverse
$$$$
%%%-------------------------------------------------------------------
%%% Symmetry: 2 = 6
%%%-------------------------------------------------------------------
KeteneDecompOToCO2-(rhh)(r)\
     ketene-(rhh)(r) oxygen-atom = olefin-(rh)(rh) carbondioxide
- ID 71405
- Correspondences
1 2 3 4 5 6 7 8         4 2 2 2 2 2 4
9                       
5 1 6 7 4 8             2 2 4 2 2 
2 3 9                   2 4
>  <ForwardRxn>
Standard 3.20e+12   0.00 -4.370e+02 2; From c2h5chco+o  =  c3h6+co2
>  <ReverseRxn>
Standard 1.00e-40 0.0 0.00   1; No Reverse
$$$$
%%%-------------------------------------------------------------------
%%% Symmetry: 2 = 2
%%%-------------------------------------------------------------------
KeteneDecompOToCO2-(rrh)(r)\
     ketene-(rrh)(r) oxygen-atom = olefin-(rr)(rh) carbondioxide
- ID 71406
- Correspondences
1 2 3 4 5 6 7 8         4 2 2 2 2 2 4
9                       
5 1 6 7 4 8             2 2 4 2 2 
2 3 9                   2 4
>  <ForwardRxn>
Standard 3.20e+12   0.00 -4.370e+02 2; From c2h5chco+o  =  c3h6+co2
>  <ReverseRxn>
Standard 1.00e-40 0.0 0.00   1; No Reverse
$$$$
