%%%-------------------------------------------------------------------
%%% Symmetry: 2*2 = 4
%%%-------------------------------------------------------------------
KetoAldCRadDecomp-H-HH-HH\
     co(h)c(hh)c.(hh) = (h).c(o) olefin-(hh)(hh)
- ID 62001
- Correspondences
1 2 3 4 5 6 7 8 9            2 4 2 2 2 2 2 2
1 2 5                        2 2
3 4 6 7 8 9                  2 2 2 2 2
>  <ForwardRxn>
Standard 1.000E+14   0.00  23000 4; Curran (Heptane) ; ch2ch2cho = c2h4+hco 
>  <ReverseRxn>
Standard 1.000E+11   0.00  0.000E+00   4;  Curran (Heptane) ; ch2ch2cho = c2h4+hco 
$$$$
%%%-------------------------------------------------------------------
%%% Symmetry: 2*2 = 4
%%%-------------------------------------------------------------------
KetoAldCRadDecomp-R-HH-HH\
     co(r)c(hh)c.(hh) = (r).c(o) olefin-(hh)(hh)
- ID 62002
- Correspondences
1 2 3 4 5 6 7 8 9            2 4 2 2 2 2 2 2
1 2 5                        2 2
3 4 6 7 8 9                  2 2 2 2 2
>  <ForwardRxn>
Standard 2.016E+15   0.35  26400  4; Curran (Heptane) ; pc2h4coc2h3 = c2h3co+c2h4
>  <ReverseRxn>
Standard 8.000E+10   0.00  11300  4;  Curran (Heptane) ; pc2h4coc2h3 = c2h3co+c2h4
$$$$
%%%-------------------------------------------------------------------
%%% Symmetry: 1*2 = 2
%%%-------------------------------------------------------------------
KetoAldCRadDecomp-H-RH-HH\
     co(h)c(rh)c.(hh) = (h).c(o) olefin-(rh)(hh)
- ID 62003
- Correspondences
1 2 3 4 5 6 7 8 9            2 4 2 2 2 2 2 2
1 2 5                        2 2
3 4 6 7 8 9                  2 2 2 2 2
>  <ForwardRxn>
Standard 1.637E+08   0.89  16680  2; Curran (Heptane) ; c4h8cho-3 = c4h8-1+hco
>  <ReverseRxn>
Standard 1.000E+11   0.00  7800  2;  Curran (Heptane) ; c4h8cho-3 = c4h8-1+hco
$$$$
%%%-------------------------------------------------------------------
%%% Symmetry: 1*2 = 2
%%%-------------------------------------------------------------------
KetoAldCRadDecomp-R-RH-HH\
     co(r)c(rh)c.(hh) = (r).c(o) olefin-(rh)(hh)
- ID 62004
- Correspondences
1 2 3 4 5 6 7 8 9            2 4 2 2 2 2 2 2
1 2 5                        2 2
3 4 6 7 8 9                  2 2 2 2 2
>  <ForwardRxn>
Standard 5.851E+11   0.01  20580 2; Curran (Heptane) ; c4h8coch3-3 = c4h8-1+ch3co
>  <ReverseRxn>
Standard 1.000E+11   0.00  9800  2;  Curran (Heptane) ; c4h8coch3-3 = c4h8-1+ch3co
$$$$
%%%-------------------------------------------------------------------
%%% Symmetry: 2*2 = 4
%%%-------------------------------------------------------------------
KetoAldCRadDecomp-H-RR-HH\
     co(h)c(rr)c.(hh) = (h).c(o) olefin-(rr)(hh)
- ID 62005
- Correspondences
1 2 3 4 5 6 7 8 9            2 4 2 2 2 2 2 2
1 2 5                        2 2
3 4 6 7 8 9                  2 2 2 2 2
>  <ForwardRxn>
Standard 1.637E+08   0.89  16680  2; Curran (Heptane) ; c4h8cho-3 = c4h8-1+hco
>  <ReverseRxn>
Standard 1.000E+11   0.00  7800  2;  Curran (Heptane) ; c4h8cho-3 = c4h8-1+hco
$$$$
%%%-------------------------------------------------------------------
%%% Symmetry: 2*2 = 4
%%%-------------------------------------------------------------------
KetoAldCRadDecomp-R-RR-HH\
     co(r)c(rr)c.(hh) = (r).c(o) olefin-(rr)(hh)
- ID 62006
- Correspondences
1 2 3 4 5 6 7 8 9            2 4 2 2 2 2 2 2
1 2 5                        2 2
3 4 6 7 8 9                  2 2 2 2 2
>  <ForwardRxn>
Standard 5.851E+11   0.01  20580 2; Curran (Heptane) ; c4h8coch3-3 = c4h8-1+ch3co
>  <ReverseRxn>
Standard 1.000E+11   0.00  9800  2;  Curran (Heptane) ; c4h8coch3-3 = c4h8-1+ch3co
$$$$
%%%-------------------------------------------------------------------
%%% Symmetry: 2*1 = 2
%%%  olefin-(hh)(rh) --> olefin-(rh)(hh)
%%%      3 4 6 7 8 9
%%%      3 4 8 9 6 7
%%%-------------------------------------------------------------------
KetoAldCRadDecomp-H-HH-RH\
     co(h)c(hh)c.(rh) = (h).c(o) olefin-(rh)(hh)
- ID 62007
- Correspondences
1 2 3 4 5 6 7 8 9            2 4 2 2 2 2 2 2
1 2 5                        2 2
3 4 8 9 6 7                  2 2 2 2 2
>  <ForwardRxn>
Standard 1.637E+08   0.89  16680  2; Curran (Heptane) ; c4h8cho-3 = c4h8-1+hco
>  <ReverseRxn>
Standard 1.000E+11   0.00  7800  2;  Curran (Heptane) ; c4h8cho-3 = c4h8-1+hco
$$$$
%%%-------------------------------------------------------------------
%%% Symmetry: 2*1 = 2
%%%  olefin-(hh)(rh) --> olefin-(rh)(hh)
%%%      3 4 6 7 8 9
%%%      3 4 8 9 6 7
%%%-------------------------------------------------------------------
KetoAldCRadDecomp-R-HH-RH\
     co(r)c(hh)c.(rh) = (r).c(o) olefin-(rh)(hh)
- ID 62008
- Correspondences
1 2 3 4 5 6 7 8 9            2 4 2 2 2 2 2 2
1 2 5                        2 2
3 4 8 9 6 7                  2 2 2 2 2
>  <ForwardRxn>
Standard 5.851E+11   0.01  20580 2; Curran (Heptane) ; c4h8coch3-3 = c4h8-1+ch3co
>  <ReverseRxn>
Standard 1.000E+11   0.00  9800  2;  Curran (Heptane) ; c4h8coch3-3 = c4h8-1+ch3co
$$$$
%%%-------------------------------------------------------------------
%%% Symmetry: 1*1 = 1
%%%-------------------------------------------------------------------
KetoAldCRadDecomp-H-RH-RH\
     co(h)c(rh)c.(rh) = (h).c(o) olefin-(rh)(rh)
- ID 62009
- Correspondences
1 2 3 4 5 6 7 8 9            2 4 2 2 2 2 2 2
1 2 5                        2 2
3 4 6 7 8 9                  2 2 2 2 2
>  <ForwardRxn>
Standard 1.637E+08   0.89  16680  2; Curran (Heptane) ; c4h8cho-3 = c4h8-1+hco
>  <ReverseRxn>
Standard 1.000E+11   0.00  7800  2;  Curran (Heptane) ; c4h8cho-3 = c4h8-1+hco
$$$$
%%%-------------------------------------------------------------------
%%% Symmetry: 1*1 = 1
%%%-------------------------------------------------------------------
KetoAldCRadDecomp-R-RH-RH\
     co(r)c(rh)c.(rh) = (r).c(o) olefin-(rh)(rh)
- ID 62010
- Correspondences
1 2 3 4 5 6 7 8 9            2 4 2 2 2 2 2 2
1 2 5                        2 2
3 4 6 7 8 9                  2 2 2 2 2
>  <ForwardRxn>
Standard 5.851E+11   0.01  20580 2; Curran (Heptane) ; c4h8coch3-3 = c4h8-1+ch3co
>  <ReverseRxn>
Standard 1.000E+11   0.00  9800  2;  Curran (Heptane) ; c4h8coch3-3 = c4h8-1+ch3co
$$$$
%%%-------------------------------------------------------------------
%%% Symmetry: 2*1 = 2
%%%-------------------------------------------------------------------
KetoAldCRadDecomp-H-RR-RH\
     co(h)c(rr)c.(rh) = (h).c(o) olefin-(rr)(rh)
- ID 62011
- Correspondences
1 2 3 4 5 6 7 8 9            2 4 2 2 2 2 2 2
1 2 5                        2 2
3 4 6 7 8 9                  2 2 2 2 2
>  <ForwardRxn>
Standard 1.637E+08   0.89  16680  2; Curran (Heptane) ; c4h8cho-3 = c4h8-1+hco
>  <ReverseRxn>
Standard 1.000E+11   0.00  7800  2;  Curran (Heptane) ; c4h8cho-3 = c4h8-1+hco
$$$$
%%%-------------------------------------------------------------------
%%% Symmetry: 2*1 = 2
%%%-------------------------------------------------------------------
KetoAldCRadDecomp-R-RR-RH\
     co(r)c(rr)c.(rh) = (r).c(o) olefin-(rr)(rh)
- ID 62012
- Correspondences
1 2 3 4 5 6 7 8 9            2 4 2 2 2 2 2 2
1 2 5                        2 2
3 4 6 7 8 9                  2 2 2 2 2
>  <ForwardRxn>
Standard 5.851E+11   0.01  20580 2; Curran (Heptane) ; c4h8coch3-3 = c4h8-1+ch3co
>  <ReverseRxn>
Standard 1.000E+11   0.00  9800  2;  Curran (Heptane) ; c4h8coch3-3 = c4h8-1+ch3co
$$$$
%%%-------------------------------------------------------------------
%%% Symmetry: 2*2 = 4
%%%  olefin-(hh)(rr) --> olefin-(rr)(hh)
%%%      3 4 6 7 8 9
%%%      3 4 8 9 6 7
%%%-------------------------------------------------------------------
KetoAldCRadDecomp-H-HH-RR\
     co(h)c(hh)c.(rr) = (h).c(o) olefin-(rr)(hh)
- ID 62013
- Correspondences
1 2 3 4 5 6 7 8 9            2 4 2 2 2 2 2 2
1 2 5                        2 2
3 4 8 9 6 7                  2 2 2 2 2
>  <ForwardRxn>
Standard 1.637E+08   0.89  16680  2; Curran (Heptane) ; c4h8cho-3 = c4h8-1+hco
>  <ReverseRxn>
Standard 1.000E+11   0.00  7800  2;  Curran (Heptane) ; c4h8cho-3 = c4h8-1+hco
$$$$
%%%-------------------------------------------------------------------
%%% Symmetry: 2*2 = 4
%%%  olefin-(hh)(rr) --> olefin-(rr)(hh)
%%%      3 4 6 7 8 9
%%%      3 4 8 9 6 7
%%%-------------------------------------------------------------------
KetoAldCRadDecomp-R-HH-RR\
     co(r)c(hh)c.(rr) = (r).c(o) olefin-(rr)(hh)
- ID 62014
- Correspondences
1 2 3 4 5 6 7 8 9            2 4 2 2 2 2 2 2
1 2 5                        2 2
3 4 8 9 6 7                  2 2 2 2 2
>  <ForwardRxn>
Standard 5.851E+11   0.01  20580 2; Curran (Heptane) ; c4h8coch3-3 = c4h8-1+ch3co
>  <ReverseRxn>
Standard 1.000E+11   0.00  9800  2;  Curran (Heptane) ; c4h8coch3-3 = c4h8-1+ch3co
$$$$
%%%-------------------------------------------------------------------
%%% Symmetry: 1*2 = 2
%%%  olefin-(rh)(rr) --> olefin-(rr)(rh)
%%%      3 4 6 7 8 9
%%%      3 4 8 9 6 7
%%%-------------------------------------------------------------------
KetoAldCRadDecomp-H-RH-RR\
     co(h)c(rh)c.(rr) = (h).c(o) olefin-(rr)(rh)
- ID 62015
- Correspondences
1 2 3 4 5 6 7 8 9            2 4 2 2 2 2 2 2
1 2 5                        2 2
3 4 8 9 6 7                  2 2 2 2 2
>  <ForwardRxn>
Standard 1.637E+08   0.89  16680  2; Curran (Heptane) ; c4h8cho-3 = c4h8-1+hco
>  <ReverseRxn>
Standard 1.000E+11   0.00  7800  2;  Curran (Heptane) ; c4h8cho-3 = c4h8-1+hco
$$$$
%%%-------------------------------------------------------------------
%%% Symmetry: 1*2 = 2
%%%  olefin-(rh)(rr) --> olefin-(rr)(rh)
%%%      3 4 6 7 8 9
%%%      3 4 8 9 6 7
%%%-------------------------------------------------------------------
KetoAldCRadDecomp-R-RH-RR\
     co(r)c(rh)c.(rr) = (r).c(o) olefin-(rr)(rh)
- ID 62016
- Correspondences
1 2 3 4 5 6 7 8 9            2 4 2 2 2 2 2 2
1 2 5                        2 2
3 4 8 9 6 7                  2 2 2 2 2
>  <ForwardRxn>
Standard 5.851E+11   0.01  20580 2; Curran (Heptane) ; c4h8coch3-3 = c4h8-1+ch3co
>  <ReverseRxn>
Standard 1.000E+11   0.00  9800  2;  Curran (Heptane) ; c4h8coch3-3 = c4h8-1+ch3co
$$$$
%%%-------------------------------------------------------------------
%%% Symmetry: 2*2 = 4
%%%-------------------------------------------------------------------
KetoAldCRadDecomp-H-RR-RR\
     co(h)c(rr)c.(rr) = (h).c(o) olefin-(rr)(rr)
- ID 62017
- Correspondences
1 2 3 4 5 6 7 8 9            2 4 2 2 2 2 2 2
1 2 5                        2 2
3 4 6 7 8 9                  2 2 2 2 2
>  <ForwardRxn>
Standard 1.637E+08   0.89  16680  2; Curran (Heptane) ; c4h8cho-3 = c4h8-1+hco
>  <ReverseRxn>
Standard 1.000E+11   0.00  7800  2;  Curran (Heptane) ; c4h8cho-3 = c4h8-1+hco
$$$$
%%%-------------------------------------------------------------------
%%% Symmetry: 2*2 = 4
%%%-------------------------------------------------------------------
KetoAldCRadDecomp-R-RR-RR\
     co(r)c(rr)c.(rr) = (r).c(o) olefin-(rr)(rr)
- ID 62018
- Correspondences
1 2 3 4 5 6 7 8 9            2 4 2 2 2 2 2 2
1 2 5                        2 2
3 4 6 7 8 9                  2 2 2 2 2
>  <ForwardRxn>
Standard 5.851E+11   0.01  20580 2; Curran (Heptane) ; c4h8coch3-3 = c4h8-1+ch3co
>  <ReverseRxn>
Standard 1.000E+11   0.00  9800  2;  Curran (Heptane) ; c4h8coch3-3 = c4h8-1+ch3co
$$$$
