%%%-------------------------------------------------------------------
%%% Symmetry: 2*2*2 = 8
%%%-------------------------------------------------------------------
OlefinToAldehydeDecomp-(hh)(hh)    olefin-(hh)(hh) hydroxyl-radical = (h)(h)c(o) methane-carbon-radical
- ID 3201
- Correspondences
1 2 3 4 5 6             4 2 2 2 2
7 8                     4
1 8 3 4                 4 2 2
2 5 6 7                 2 2 4
>  <ForwardRxn>
Standard 2.000e+10   0.00  4.000e+03 8; Type VII : Combustion and Flame, 114:149-177 (1998)
>  <ReverseRxn>
Standard 1.00e-40 0.0 0.00   1; Set to zero
$$$$
%%%-------------------------------------------------------------------
%%% Symmetry: 1*2 = 2
%%%-------------------------------------------------------------------
OlefinToAldehydeDecomp-(rh)(hh)    olefin-(rh)(hh) hydroxyl-radical = (r)(h)c(o) methane-carbon-radical
- ID 3202
- Correspondences
1 2 3 4 5 6             4 2 2 2 2
7 8                     4
1 8 3 4                 4 2 2
2 5 6 7                 2 2 4
>  <ForwardRxn>
Standard 2.000e+10   0.00  4.000e+03 2; Type VII : Combustion and Flame, 114:149-177 (1998)
>  <ReverseRxn>
Standard 1.00e-40 0.0 0.00   1; Set to zero
$$$$
%%%-------------------------------------------------------------------
%%% Symmetry: 2*2 = 4
%%%-------------------------------------------------------------------
OlefinToAldehydeDecomp-(rr)(hh)    olefin-(rr)(hh) hydroxyl-radical = (r)(r)c(o) methane-carbon-radical
- ID 3203
- Correspondences
1 2 3 4 5 6             4 2 2 2 2
7 8                     4
1 8 3 4                 4 2 2
2 5 6 7                 2 2 4
>  <ForwardRxn>
Standard 2.000e+10   0.00  4.000e+03 4; Type VII : Combustion and Flame, 114:149-177 (1998)
>  <ReverseRxn>
Standard 1.00e-40 0.0 0.00   1; Set to zero
$$$$
%%%-------------------------------------------------------------------
%%% Symmetry: 2*1 = 2
%%%-------------------------------------------------------------------
OlefinToAldehydeDecomp-(hh)(rh)    olefin-(rh)(hh) hydroxyl-radical = (h)(h)c(o) primary-carbon-radical
- ID 3204
- Correspondences
1 2 3 4 5 6             4 2 2 2 2
7 8                     4
2 8 5 6                 4 2 2
1 3 4 7                 2 2 4
>  <ForwardRxn>
Standard 2.000e+10   0.00  4.000e+03 2; Type VII : Combustion and Flame, 114:149-177 (1998)
>  <ReverseRxn>
Standard 1.00e-40 0.0 0.00   1; Set to zero
$$$$
%%%-------------------------------------------------------------------
%%% Symmetry: 1*1*2 = 2
%%%-------------------------------------------------------------------
OlefinToAldehydeDecomp-(rh)(rh)    olefin-(rh)(rh) hydroxyl-radical = (r)(h)c(o) primary-carbon-radical
- ID 3205
- Correspondences
1 2 3 4 5 6             4 2 2 2 2
7 8                     4
1 8 3 4                 4 2 2
2 5 6 7                 2 2 4
>  <ForwardRxn>
Standard 2.000e+10   0.00  4.000e+03 2; Type VII : Combustion and Flame, 114:149-177 (1998)
>  <ReverseRxn>
Standard 1.00e-40 0.0 0.00   1; Set to zero
$$$$
%%%-------------------------------------------------------------------
%%% Symmetry: 2*1 = 2
%%%-------------------------------------------------------------------
OlefinToAldehydeDecomp-(rr)(rh)    olefin-(rr)(rh) hydroxyl-radical = (r)(r)c(o) primary-carbon-radical
- ID 3206
- Correspondences
1 2 3 4 5 6             4 2 2 2 2
7 8                     4
1 8 3 4                 4 2 2
2 5 6 7                 2 2 4
>  <ForwardRxn>
Standard 2.000e+10   0.00  4.000e+03 2; Type VII : Combustion and Flame, 114:149-177 (1998)
>  <ReverseRxn>
Standard 1.00e-40 0.0 0.00   1; Set to zero
$$$$
%%%-------------------------------------------------------------------
%%% Symmetry: 2*2 = 4
%%%-------------------------------------------------------------------
OlefinToAldehydeDecomp-(hh)(rr)    olefin-(rr)(hh) hydroxyl-radical = (h)(h)c(o) secondary-carbon-radical
- ID 3207
- Correspondences
1 2 3 4 5 6             4 2 2 2 2
7 8                     4
2 8 5 6                 4 2 2
1 3 4 7                 2 2 4
>  <ForwardRxn>
Standard 2.000e+10   0.00  4.000e+03 4; Type VII : Combustion and Flame, 114:149-177 (1998)
>  <ReverseRxn>
Standard 1.00e-40 0.0 0.00   1; Set to zero
$$$$
%%%-------------------------------------------------------------------
%%% Symmetry: 2*1 = 2
%%%-------------------------------------------------------------------
OlefinToAldehydeDecomp-(rh)(rr)    olefin-(rr)(rh) hydroxyl-radical = (r)(h)c(o) secondary-carbon-radical
- ID 3208
- Correspondences
1 2 3 4 5 6             4 2 2 2 2
7 8                     4
2 8 5 6                 4 2 2
1 3 4 7                 2 2 4
>  <ForwardRxn>
Standard 2.000e+10   0.00  4.000e+03 2; Type VII : Combustion and Flame, 114:149-177 (1998)
>  <ReverseRxn>
Standard 1.00e-40 0.0 0.00   1; Set to zero
$$$$
%%%-------------------------------------------------------------------
%%% Symmetry: 2*2*2 = 8
%%%-------------------------------------------------------------------
OlefinToAldehydeDecomp-(rr)(rr)    olefin-(rr)(rr) hydroxyl-radical = (r)(r)c(o) secondary-carbon-radical
- ID 3209
- Correspondences
1 2 3 4 5 6             4 2 2 2 2
7 8                     4
2 8 5 6                 4 2 2
1 3 4 7                 2 2 4
>  <ForwardRxn>
Standard 2.000e+10   0.00  4.000e+03 8; Type VII : Combustion and Flame, 114:149-177 (1998)
>  <ReverseRxn>
Standard 1.00e-40 0.0 0.00   1; Set to zero
$$$$
%%%-------------------------------------------------------------------
%%% Symmetry: 1*2 = 2
%%%-------------------------------------------------------------------
OlefinToAldehydeDecompB-(rh)(hh)    olefin-(rh)(hh) hydroxyl-radical = (h)(h)c(o) primary-carbon-radical
- ID 3232
- Correspondences
1 2 3 4 5 6             4 2 2 2 2
7 8                     4
2 8 5 6                 4 2 2
1 3 4 7                 2 2 4
>  <ForwardRxn>
Standard 2.000e+10   0.00  4.000e+03 2; Type VII : Combustion and Flame, 114:149-177 (1998)
>  <ReverseRxn>
Standard 1.00e-40 0.0 0.00   1; Set to zero
$$$$
%%%-------------------------------------------------------------------
%%% Symmetry: 2*2 = 4
%%%-------------------------------------------------------------------
OlefinToAldehydeDecompB-(rr)(hh)    olefin-(rr)(hh) hydroxyl-radical = (h)(h)c(o) secondary-carbon-radical
- ID 3233
- Correspondences
1 2 3 4 5 6             4 2 2 2 2
7 8                     4
2 8 5 6                 4 2 2
1 3 4 7                 2 2 4
>  <ForwardRxn>
Standard 2.000e+10   0.00  4.000e+03 4; Type VII : Combustion and Flame, 114:149-177 (1998)
>  <ReverseRxn>
Standard 1.00e-40 0.0 0.00   1; Set to zero
$$$$
%%%-------------------------------------------------------------------
%%% Symmetry: 2*1 = 2
%%%-------------------------------------------------------------------
OlefinToAldehydeDecompB-(hh)(rh)    olefin-(rh)(hh) hydroxyl-radical = (r)(h)c(o) methane-carbon-radical
- ID 3234
- Correspondences
1 2 3 4 5 6             4 2 2 2 2
7 8                     4
2 8 5 6                 4 2 2
1 3 4 7                 2 2 4
>  <ForwardRxn>
Standard 2.000e+10   0.00  4.000e+03 2; Type VII : Combustion and Flame, 114:149-177 (1998)
>  <ReverseRxn>
Standard 1.00e-40 0.0 0.00   1; Set to zero
$$$$
%%%-------------------------------------------------------------------
%%% Symmetry: 2*1 = 2
%%%-------------------------------------------------------------------
OlefinToAldehydeDecompB-(rr)(rh)    olefin-(rr)(rh) hydroxyl-radical = (r)(h)c(o) secondary-carbon-radical
- ID 3236
- Correspondences
1 2 3 4 5 6             4 2 2 2 2
7 8                     4
2 8 5 6                 4 2 2
1 3 4 7                 2 2 4
>  <ForwardRxn>
Standard 2.000e+10   0.00  4.000e+03 2; Type VII : Combustion and Flame, 114:149-177 (1998)
>  <ReverseRxn>
Standard 1.00e-40 0.0 0.00   1; Set to zero
$$$$
%%%-------------------------------------------------------------------
%%% Symmetry: 2*2 = 4
%%%-------------------------------------------------------------------
OlefinToAldehydeDecompB-(hh)(rr)    olefin-(rr)(hh) hydroxyl-radical = (h)(h)c(o) secondary-carbon-radical
- ID 3237
- Correspondences
1 2 3 4 5 6             4 2 2 2 2
7 8                     4
2 8 5 6                 4 2 2
1 3 4 7                 2 2 4
>  <ForwardRxn>
Standard 2.000e+10   0.00  4.000e+03 4; Type VII : Combustion and Flame, 114:149-177 (1998)
>  <ReverseRxn>
Standard 1.00e-40 0.0 0.00   1; Set to zero
$$$$
%%%-------------------------------------------------------------------
%%% Symmetry: 2*1 = 2
%%%-------------------------------------------------------------------
OlefinToAldehydeDecompB-(rh)(rr)    olefin-(rr)(rh) hydroxyl-radical = (r)(r)c(o) primary-carbon-radical
- ID 3238
- Correspondences
1 2 3 4 5 6             4 2 2 2 2
7 8                     4
2 8 5 6                 4 2 2
1 3 4 7                 2 2 4
>  <ForwardRxn>
Standard 2.000e+10   0.00  4.000e+03 2; Type VII : Combustion and Flame, 114:149-177 (1998)
>  <ReverseRxn>
Standard 1.00e-40 0.0 0.00   1; Set to zero
$$$$
