%%%-------------------------------------------------------------------
%%% Symmetry: 2*2*2 = 8
%%%-------------------------------------------------------------------
PenteneAlRadDecomp(qq)(q)(hh)(hh)\
   cqqcqccoc.-(qq)(q)(hh)(hh) = propenyl-radical-(qq)(q)(hh) ketene-(hh)
- ID 70801
- Correspondences
1 2 3 4 5 6 7 8 9 10 11 12 13          2 2 4 2 2 2 2 2 2 2 2 2
1 2 3 7 8 9 10 11                      2 2 2 2 2 2 2
5 4 6 12 13                            2 2 2 2
>  <ForwardRxn>
Standard 8.685E+18  -1.36  5.926E+04 8; Curran et. al, Heptane, sc3h5coch2 = ch2co+c3h5-s
>  <ReverseRxn>
Standard 1.000E+11   0.00  1.190E+04 8; Curran et. al, Heptane, sc3h5coch2 = ch2co+c3h5-s
$$$$
%%%-------------------------------------------------------------------
%%% Symmetry: 2*2 = 4
%%%-------------------------------------------------------------------
PenteneAlRadDecomp(qq)(q)(rh)(hh)\
   cqqcqccoc.-(qq)(q)(rh)(hh) = propenyl-radical-(qq)(q)(rh) ketene-(hh)
- ID 70802
- Correspondences
1 2 3 4 5 6 7 8 9 10 11 12 13          2 2 4 2 2 2 2 2 2 2 2 2
1 2 3 7 8 9 10 11                      2 2 2 2 2 2 2
5 4 6 12 13                            2 2 2 2
>  <ForwardRxn>
Standard 8.685E+18  -1.36  5.926E+04 4; Curran et. al, Heptane, sc3h5coch2 = ch2co+c3h5-s
>  <ReverseRxn>
Standard 1.000E+11   0.00  1.190E+04 4; Curran et. al, Heptane, sc3h5coch2 = ch2co+c3h5-s
$$$$
%%%-------------------------------------------------------------------
%%% Symmetry: 2*2*2 = 8
%%%-------------------------------------------------------------------
PenteneAlRadDecomp(qq)(q)(rr)(hh)\
   cqqcqccoc.-(qq)(q)(rr)(hh) = propenyl-radical-(qq)(q)(rr) ketene-(hh)
- ID 70803
- Correspondences
1 2 3 4 5 6 7 8 9 10 11 12 13          2 2 4 2 2 2 2 2 2 2 2 2
1 2 3 7 8 9 10 11                      2 2 2 2 2 2 2
5 4 6 12 13                            2 2 2 2
>  <ForwardRxn>
Standard 8.685E+18  -1.36  5.926E+04 8; Curran et. al, Heptane, sc3h5coch2 = ch2co+c3h5-s
>  <ReverseRxn>
Standard 1.000E+11   0.00  1.190E+04 8; Curran et. al, Heptane, sc3h5coch2 = ch2co+c3h5-s
$$$$
%%%-------------------------------------------------------------------
%%% Symmetry: 2*2 = 4
%%%-------------------------------------------------------------------
PenteneAlRadDecomp(qq)(q)(hh)(rh)\
   cqqcqccoc.-(qq)(q)(hh)(rh) = propenyl-radical-(qq)(q)(hh) ketene-(rh)
- ID 70804
- Correspondences
1 2 3 4 5 6 7 8 9 10 11 12 13          2 2 4 2 2 2 2 2 2 2 2 2
1 2 3 7 8 9 10 11                      2 2 2 2 2 2 2
5 4 6 12 13                            2 2 2 2
>  <ForwardRxn>
Standard 8.685E+18  -1.36  5.926E+04 4; Curran et. al, Heptane, sc3h5coch2 = ch2co+c3h5-s
>  <ReverseRxn>
Standard 1.000E+11   0.00  1.190E+04 4; Curran et. al, Heptane, sc3h5coch2 = ch2co+c3h5-s
$$$$
%%%-------------------------------------------------------------------
%%% Symmetry: 2 = 2
%%%-------------------------------------------------------------------
PenteneAlRadDecomp(qq)(q)(rh)(rh)\
   cqqcqccoc.-(qq)(q)(rh)(rh) = propenyl-radical-(qq)(q)(rh) ketene-(rh)
- ID 70805
- Correspondences
1 2 3 4 5 6 7 8 9 10 11 12 13          2 2 4 2 2 2 2 2 2 2 2 2
1 2 3 7 8 9 10 11                      2 2 2 2 2 2 2
5 4 6 12 13                            2 2 2 2
>  <ForwardRxn>
Standard 8.685E+18  -1.36  5.926E+04 2; Curran et. al, Heptane, sc3h5coch2 = ch2co+c3h5-s
>  <ReverseRxn>
Standard 1.000E+11   0.00  1.190E+04 2; Curran et. al, Heptane, sc3h5coch2 = ch2co+c3h5-s
$$$$
%%%-------------------------------------------------------------------
%%% Symmetry: 2*2 = 4
%%%-------------------------------------------------------------------
PenteneAlRadDecomp(qq)(q)(rr)(rh)\
   cqqcqccoc.-(qq)(q)(rr)(rh) = propenyl-radical-(qq)(q)(rr) ketene-(rh)
- ID 70806
- Correspondences
1 2 3 4 5 6 7 8 9 10 11 12 13          2 2 4 2 2 2 2 2 2 2 2 2
1 2 3 7 8 9 10 11                      2 2 2 2 2 2 2
5 4 6 12 13                            2 2 2 2
>  <ForwardRxn>
Standard 8.685E+18  -1.36  5.926E+04 4; Curran et. al, Heptane, sc3h5coch2 = ch2co+c3h5-s
>  <ReverseRxn>
Standard 1.000E+11   0.00  1.190E+04 4; Curran et. al, Heptane, sc3h5coch2 = ch2co+c3h5-s
$$$$
%%%-------------------------------------------------------------------
%%% Symmetry: 2*2*2 = 8
%%%-------------------------------------------------------------------
PenteneAlRadDecomp(qq)(q)(hh)(rr)\
   cqqcqccoc.-(qq)(q)(hh)(rr) = propenyl-radical-(qq)(q)(hh) ketene-(rr)
- ID 70807
- Correspondences
1 2 3 4 5 6 7 8 9 10 11 12 13          2 2 4 2 2 2 2 2 2 2 2 2
1 2 3 7 8 9 10 11                      2 2 2 2 2 2 2
5 4 6 12 13                            2 2 2 2
>  <ForwardRxn>
Standard 8.685E+18  -1.36  5.926E+04 8; Curran et. al, Heptane, sc3h5coch2 = ch2co+c3h5-s
>  <ReverseRxn>
Standard 1.000E+11   0.00  1.190E+04 8; Curran et. al, Heptane, sc3h5coch2 = ch2co+c3h5-s
$$$$
%%%-------------------------------------------------------------------
%%% Symmetry: 2*2 = 4
%%%-------------------------------------------------------------------
PenteneAlRadDecomp(qq)(q)(rh)(rr)\
   cqqcqccoc.-(qq)(q)(rh)(rr) = propenyl-radical-(qq)(q)(rh) ketene-(rr)
- ID 70808
- Correspondences
1 2 3 4 5 6 7 8 9 10 11 12 13          2 2 4 2 2 2 2 2 2 2 2 2
1 2 3 7 8 9 10 11                      2 2 2 2 2 2 2
5 4 6 12 13                            2 2 2 2
>  <ForwardRxn>
Standard 8.685E+18  -1.36  5.926E+04 4; Curran et. al, Heptane, sc3h5coch2 = ch2co+c3h5-s
>  <ReverseRxn>
Standard 1.000E+11   0.00  1.190E+04 4; Curran et. al, Heptane, sc3h5coch2 = ch2co+c3h5-s
$$$$
%%%-------------------------------------------------------------------
%%% Symmetry: 2*2*2 = 8
%%%-------------------------------------------------------------------
PenteneAlRadDecomp(qq)(q)(rr)(rr)\
   cqqcqccoc.-(qq)(q)(rr)(rr) = propenyl-radical-(qq)(q)(rr) ketene-(rr)
- ID 70809
- Correspondences
1 2 3 4 5 6 7 8 9 10 11 12 13          2 2 4 2 2 2 2 2 2 2 2 2
1 2 3 7 8 9 10 11                      2 2 2 2 2 2 2
5 4 6 12 13                            2 2 2 2
>  <ForwardRxn>
Standard 8.685E+18  -1.36  5.926E+04 8; Curran et. al, Heptane, sc3h5coch2 = ch2co+c3h5-s
>  <ReverseRxn>
Standard 1.000E+11   0.00  1.190E+04 8; Curran et. al, Heptane, sc3h5coch2 = ch2co+c3h5-s
$$$$
