%%%-------------------------------------------------------------------
%%% 
%%%-------------------------------------------------------------------
%%%-------------------------------------------------------------------
PeroxyFromHydrogenPeroxide-HHH (h)(h)(h)coo. hydrogen-peroxide = c(h)(h)(h)(ooh) peroxyl-radical
- ID 14111
- Correspondences
1 2 3 4 5 6        2 2 2 2 2
7 8 9 10           2 2 4
10 3 2 1 4 5 6     4 2 2 2 2 2
7 8 9              2 2
>  <ForwardRxn>
Standard 2.4e+12 0.0 10000 12; Type XIV: Combustion and Flame, 114:149-177 (1998)
>  <ReverseRxn>
Standard 2.4e+12 0.0 10000 6; Type XIV: Combustion and Flame, 114:149-177 (1998)
$$$$
%%%-------------------------------------------------------------------
PeroxyFromHydrogenPeroxide-RHH (h)(h)(r)coo. hydrogen-peroxide = c(r)(h)(h)(ooh) peroxyl-radical
- ID 14211
- Correspondences
1 2 3 4 5 6        2 2 2 2 2
7 8 9 10           2 2 4
10 3 2 1 4 5 6     4 2 2 2 2 2
7 8 9              2 2

>  <ForwardRxn>
Standard 2.4e+12 0.0 10000 4; Type XIV: Combustion and Flame, 114:149-177 (1998)
>  <ReverseRxn>
Standard 2.4e+12 0.0 10000 2; Type XIV: Combustion and Flame, 114:149-177 (1998)
$$$$
%%%-------------------------------------------------------------------
PeroxyFromHydrogenPeroxide-RRH (h)(r)(r)coo. hydrogen-peroxide = c(r)(r)(h)(ooh) peroxyl-radical
- ID 14221
- Correspondences
1 2 3 4 5 6        2 2 2 2 2
7 8 9 10           2 2 4
10 3 2 1 4 5 6     4 2 2 2 2 2
7 8 9              2 2

>  <ForwardRxn>
Standard 2.4e+12 0.0 10000  4; Type XIV: Combustion and Flame, 114:149-177 (1998)

>  <ReverseRxn>
Standard 2.4e+12 0.0 10000  2; Type XIV: Combustion and Flame, 114:149-177 (1998)
$$$$
%%%-------------------------------------------------------------------
PeroxyFromHydrogenPeroxide-RRR (r)(r)(r)coo. hydrogen-peroxide = c(r)(r)(r)(ooh) peroxyl-radical
- ID 14222
- Correspondences
1 2 3 4 5 6        2 2 2 2 2
7 8 9 10           2 2 4
10 3 2 1 4 5 6     4 2 2 2 2 2
7 8 9              2 2
>  <ForwardRxn>
Standard 2.4e+12 0.0 10000  12; Type XIV: Combustion and Flame, 114:149-177 (1998)
>  <ReverseRxn>
Standard 2.4e+12 0.0 10000  6; Type XIV: Combustion and Flame, 114:149-177 (1998)
$$$$
