%%%-------------------------------------------------------------------
%%% 
%%%-------------------------------------------------------------------
%%%   Symmetry 2*2 = 4
%%%-------------------------------------------------------------------
PeroxyOlefinFormationFromAlphaOlefinRadical-(hh) \
     alphaolefin-radical(qq)(q)(hh) oxygen = alphaolefinOO-radical(qq)(q)(hh)
- ID 42501
- Correspondences
1 2 3 4 5 6 7 8           2 2 2 2 2 2 2
9 10                      2
1 2 3 4 5 6 7 8 9 10      2 2 2 2 2 2 2 4 2
>  <ForwardRxn>
Standard 2.00e+12 0.0 0 8; Type X: Combustion and Flame, 114:149-177 (1998)
>  <ReverseRxn>
Standard 4.5200e+20    -1.7700   33300  4; Type X (Ax4, E-10kJ): Combustion and Flame, 114:149-177 (1998)
$$$$
%%%-------------------------------------------------------------------
%%%   Symmetry 2 = 2
%%%-------------------------------------------------------------------
PeroxyOlefinFormationFromAlphaOlefinRadical-(rh) \
     alphaolefin-radical(qq)(q)(rh) oxygen = alphaolefinOO-radical(qq)(q)(rh)
- ID 42502
- Correspondences
1 2 3 4 5 6 7 8           2 2 2 2 2 2 2
9 10                      2
1 2 3 4 5 6 7 8 9 10      2 2 2 2 2 2 2 4 2
>  <ForwardRxn>
Standard 2.00e+12 0.0 0 4;  Type X: Combustion and Flame, 114:149-177 (1998)
>  <ReverseRxn>
Standard  8.060E+21 -2.08    33800  2; (Ax4, e-10kJ) Type X: Combustion and Flame, 114:149-177 (1998)
$$$$
%%%-------------------------------------------------------------------
%%%   Symmetry 2*6 = 12
%%%-------------------------------------------------------------------
PeroxyOlefinFormationFromAlphaOlefinRadical-(rr) \
     alphaolefin-radical(qq)(q)(rr) oxygen = alphaolefinOO-radical(qq)(q)(rr)
- ID 42503
- Correspondences
1 2 3 4 5 6 7 8           2 2 2 2 2 2 2
9 10                      2
1 2 3 4 5 6 7 8 9 10      2 2 2 2 2 2 2 4 2
>  <ForwardRxn>
Standard 2.00e+12 0.0 0 8; Type X: Combustion and Flame, 114:149-177 (1998)
>  <ReverseRxn>
Standard  2.015E+21 -2.08    36200  4; Type X: Combustion and Flame, 114:149-177 (1998)
$$$$
