%%%-------------------------------------------------------------------
%%% Symmetry: 2*2*6 = 24
%%%-------------------------------------------------------------------
PropylRadicalToEthene-(hh)(hh)(hhh)\
       propyl-radical-(hh)(hh)(hhh) = olefin-(hh)(hh) methane-carbon-radical
- ID 70300
- Correspondences
1 2 3 4 5 6 7 8 9 10     2 4 2 2 2 2 2 2 2
1 2 4 5 6 7              2 2 2 2 2
3 8 9 10                 2 2 2
>  <ForwardRxn>
Standard 9.468E+13  -0.55  2.900E+04   24;  Curran et al. (heptane) nc3h7 = ch3+c2h4
>  <ReverseRxn>
Standard 1.700E+11   0.00  7.800E+03   24;  Curran et al. (heptane) nc3h7 = ch3+c2h4
$$$$
%%%-------------------------------------------------------------------
%%% Symmetry: 1*2*6 = 12
%%%-------------------------------------------------------------------
PropylRadicalToEthene-(rh)(hh)(hhh)\
       propyl-radical-(rh)(hh)(hhh) = olefin-(rh)(hh) methane-carbon-radical
- ID 70301
- Correspondences
1 2 3 4 5 6 7 8 9 10     2 4 2 2 2 2 2 2 2
1 2 4 5 6 7              2 2 2 2 2
3 8 9 10                 2 2 2
>  <ForwardRxn>
Standard 4.988E+13  -0.42  2.929E+04  12;  Curran et al.  (heptane) c7h15-3 = c6h12-1+ch3
>  <ReverseRxn>
Standard 8.500e+10   0.00  7.800e+03 12; Type III (terminal addition): Combustion and Flame, 114:149-177 (1998)
$$$$
%%%-------------------------------------------------------------------
%%% Symmetry: 2*2*6 = 24
%%%-------------------------------------------------------------------
PropylRadicalToEthene-(rr)(hh)(hhh)\
       propyl-radical-(rr)(hh)(hhh) = olefin-(rr)(hh) methane-carbon-radical
- ID 70302
- Correspondences
1 2 3 4 5 6 7 8 9 10     2 4 2 2 2 2 2 2 2
1 2 4 5 6 7              2 2 2 2 2
3 8 9 10                 2 2 2
>  <ForwardRxn>
Standard 1.033E+14  -0.32  2.854E+04 24;  Curran et al.  (isooctane) bc5h11  =  ic4h8+ch3
>  <ReverseRxn>
Standard 3.300E+11  0.00  7.200E+03 24;  Curran et al.  (isooctane) bc5h11  =  ic4h8+ch3
$$$$
%%%-------------------------------------------------------------------
%%% Symmetry: 2*1*6 = 12
%%%-------------------------------------------------------------------
PropylRadicalToEthene-(hh)(rh)(hhh)\
       propyl-radical-(hh)(rh)(hhh) = olefin-(rh)(hh) methane-carbon-radical
- ID 70303
- Correspondences
1 2 3 4 5 6 7 8 9 10     2 4 2 2 2 2 2 2 2
2 1 6 7 4 5              2 2 2 2 2
3 8 9 10                 2 2 2
>  <ForwardRxn>
Standard 7.537E+15  -0.87  3.053E+04 12;  Curran et al.  (isooctane)xc7h15  =  dc6h12+ch3
>  <ReverseRxn>
Standard   1.000E+11  0.00  9.200E+03 12;  Curran et al.  (isooctane)xc7h15  =  dc6h12+ch3
$$$$
%%%-------------------------------------------------------------------
%%% Symmetry: 1*1*6 = 6
%%%-------------------------------------------------------------------
PropylRadicalToEthene-(rh)(rh)(hhh)\
       propyl-radical-(rh)(rh)(hhh) = olefin-(rh)(rh) methane-carbon-radical
- ID 70304
- Correspondences
1 2 3 4 5 6 7 8 9 10     2 4 2 2 2 2 2 2 2
1 2 4 5 6 7              2 2 2 2 2
3 8 9 10                 2 2 2
>  <ForwardRxn>
Standard  1.090E+15  -0.70  3.045E+04  6;   Curran et al.  (isooctane)   zc7h15  =  cc6h12+ch3
>  <ReverseRxn>
Standard   1.000E+11  0.00  9.200E+03  6;   Curran et al.  (isooctane)   zc7h15  =  cc6h12+ch3
$$$$
%%%-------------------------------------------------------------------
%%% Symmetry: 2*1*6 = 12
%%%-------------------------------------------------------------------
PropylRadicalToEthene-(rr)(rh)(hhh)\
       propyl-radical-(rr)(rh)(hhh) = olefin-(rr)(rh) methane-carbon-radical
- ID 70305
- Correspondences
1 2 3 4 5 6 7 8 9 10     2 4 2 2 2 2 2 2 2
1 2 4 5 6 7              2 2 2 2 2
3 8 9 10                 2 2 2
>  <ForwardRxn>
Standard 9.972E+14  -0.52  3.076E+04 12; Curran et al.  (isooctane)    c(rr)c(hh)c(rrh)  yc7h15  =  ic3h7+ic4h8
>  <ReverseRxn>
Standard  5.000E+10  0.00  9.200E+03 12; Curran et al.  (isooctane)   c(rr)c(hh)c(rrh)  yc7h15  =  ic3h7+ic4h8
$$$$
%%%-------------------------------------------------------------------
%%% Symmetry: 2*2*6 = 24
%%%-------------------------------------------------------------------
PropylRadicalToEthene-(hh)(rr)(hhh)\
       propyl-radical-(hh)(rr)(hhh) = olefin-(rr)(hh) methane-carbon-radical
- ID 70306
- Correspondences
1 2 3 4 5 6 7 8 9 10     2 4 2 2 2 2 2 2 2
2 1 6 7 4 5              2 2 2 2 2
3 8 9 10                 2 2 2
>  <ForwardRxn>
Standard 4.688E+17  -1.25  3.148E+04 24;  Curran et al.  (isooctane) nc7h15  =  ac6h12+ch3 
>  <ReverseRxn>
Standard 1.500E+11  0.00  1.060E+04  24;  Curran et al.  (isooctane) nc7h15  =  ac6h12+ch3 
$$$$
%%%-------------------------------------------------------------------
%%% Symmetry: 1*2*6 = 12
%%%-------------------------------------------------------------------
PropylRadicalToEthene-(rh)(rr)(hhh)\
       propyl-radical-(rh)(rr)(hhh) = olefin-(rr)(rh) methane-carbon-radical
- ID 70307
- Correspondences
1 2 3 4 5 6 7 8 9 10     2 4 2 2 2 2 2 2 2
2 1 6 7 4 5              2 2 2 2 2
3 8 9 10                 2 2 2
>  <ForwardRxn>
Standard  1.858E+17  -1.08  3.112E+04 12;   Curran et al.  (isooctane) oc7h15  =  bc6h12+ch3 
>  <ReverseRxn>
Standard  1.500E+11  0.00  1.060E+04 12;   Curran et al.  (isooctane) oc7h15  =  bc6h12+ch3 
$$$$
%%%-------------------------------------------------------------------
%%% Symmetry: 2*2*6 = 24
%%%-------------------------------------------------------------------
PropylRadicalToEthene-(rr)(rr)(hhh)\
       propyl-radical-(rr)(rr)(hhh) = olefin-(rr)(rr) methane-carbon-radical
- ID 70308
- Correspondences
1 2 3 4 5 6 7 8 9 10     2 4 2 2 2 2 2 2 2
1 2 4 5 6 7              2 2 2 2 2
3 8 9 10                 2 2 2
>  <ForwardRxn>
Standard 9.972E+14  -0.52  3.076E+04 24;   Curran et al.  (isooctane) c(rr)c(hh)c(rrh) yc7h15  =  ic3h7+ic4h8 
>  <ReverseRxn>
Standard  5.000E+10  0.00  9.200E+03 24;   Curran et al.  (isooctane) c(rr)c(hh)c(rrh) yc7h15  =  ic3h7+ic4h8 
$$$$
%%%-------------------------------------------------------------------
%%% Symmetry: 2*2*2 = 8
%%%-------------------------------------------------------------------
PropylRadicalToEthene-(hh)(hh)(rhh)\
       propyl-radical-(hh)(hh)(rhh) = olefin-(hh)(hh) primary-carbon-radical
- ID 70309
- Correspondences
1 2 3 4 5 6 7 8 9 10     2 4 2 2 2 2 2 2 2
1 2 4 5 6 7              2 2 2 2 2
3 8 9 10                 2 2 2
>  <ForwardRxn>
Standard  3.17518e+19 -2.088 31206.0  8;  Calculated (Ea=130.652)
>  <ReverseRxn>
Standard 8.500e+10   0.00  7.800e+03 12; Type III ; Combustion and Flame, 114:149-177 (1998)
$$$$
%%%-------------------------------------------------------------------
%%% Symmetry: 1*2*2 = 4
%%%-------------------------------------------------------------------
PropylRadicalToEthene-(rh)(hh)(rhh)\
       propyl-radical-(rh)(hh)(rhh) = olefin-(rh)(hh) primary-carbon-radical
- ID 70310
- Correspondences
1 2 3 4 5 6 7 8 9 10     2 4 2 2 2 2 2 2 2
1 2 4 5 6 7              2 2 2 2 2
3 8 9 10                 2 2 2
>  <ForwardRxn>
Standard 1.885E+16  -0.89  2.973E+04 4;  Curran et al.  (isooctane) c7h15-2 = pc4h9+c3h6
>  <ReverseRxn>
Standard 8.500E+10   0.00  7.800E+03 4;  Curran et al.  (isooctane) c7h15-2 = pc4h9+c3h6
$$$$
%%%-------------------------------------------------------------------
%%% Symmetry: 2*2*2 = 8
%%%-------------------------------------------------------------------
PropylRadicalToEthene-(rr)(hh)(rhh)\
       propyl-radical-(rr)(hh)(rhh) = olefin-(rr)(hh) primary-carbon-radical
- ID 70311
- Correspondences
1 2 3 4 5 6 7 8 9 10     2 4 2 2 2 2 2 2 2
1 2 4 5 6 7              2 2 2 2 2
3 8 9 10                 2 2 2
>  <ForwardRxn>
Standard 2.457E+17  -1.19  3.035E+04 8;   Curran et al.  (isooctane) bc6h13  =  ic4h8+c2h5  
>  <ReverseRxn>
Standard  1.500E+11  0.00  7.200E+03 8;   Curran et al.  (isooctane) bc6h13  =  ic4h8+c2h5  
$$$$
%%%-------------------------------------------------------------------
%%% Symmetry: 2*1*2 = 4
%%%-------------------------------------------------------------------
PropylRadicalToEthene-(hh)(rh)(rhh)\
       propyl-radical-(hh)(rh)(rhh) = olefin-(rh)(hh) primary-carbon-radical
- ID 70312
- Correspondences
1 2 3 4 5 6 7 8 9 10     2 4 2 2 2 2 2 2 2
2 1 6 7 4 5              2 2 2 2 2
3 8 9 10                 2 2 2
>  <ForwardRxn>
Standard 1.657E+19  -1.62  3.120E+04 4;   Curran et al.  (isooctane) xc7h15  =  c3h6+ic4h9
>  <ReverseRxn>
Standard  1.000E+11  0.00  9.200E+03 4;   Curran et al.  (isooctane) xc7h15  =  c3h6+ic4h9
$$$$
%%%-------------------------------------------------------------------
%%% Symmetry: 1*1*2 = 2
%%%-------------------------------------------------------------------
PropylRadicalToEthene-(rh)(rh)(rhh)\
       propyl-radical-(rh)(rh)(rhh) = olefin-(rh)(rh) primary-carbon-radical
- ID 70313
- Correspondences
1 2 3 4 5 6 7 8 9 10     2 4 2 2 2 2 2 2 2
1 2 4 5 6 7              2 2 2 2 2
3 8 9 10                 2 2 2
>  <ForwardRxn>
Standard 1.090E+15  -0.70  3.045E+04 2; c(rh)c(rh)c(hhh)  zc7h15  =  cc6h12+ch3 
>  <ReverseRxn>
Standard  1.000E+11  0.00  9.200E+03 2; c(rh)c(rh)c(hhh)  zc7h15  =  cc6h12+ch3 
$$$$
%%%-------------------------------------------------------------------
%%% Symmetry: 2*1*2 = 4
%%%-------------------------------------------------------------------
PropylRadicalToEthene-(rr)(rh)(rhh)\
       propyl-radical-(rr)(rh)(rhh) = olefin-(rr)(hh) primary-carbon-radical
- ID 70314
- Correspondences
1 2 3 4 5 6 7 8 9 10     2 4 2 2 2 2 2 2 2
1 2 4 5 6 7              2 2 2 2 2
3 8 9 10                 2 2 2
>  <ForwardRxn>
Standard  9.972E+14  -0.52  3.076E+04 4; c(rr)c(hh)c(rrh)  yc7h15  =  ic3h7+ic4h8  
>  <ReverseRxn>
Standard  5.000E+10   0.00  9.200E+03 4; c(rr)c(hh)c(rrh)  yc7h15  =  ic3h7+ic4h8  
$$$$
%%%-------------------------------------------------------------------
%%% Symmetry: 2*2*2 = 8
%%%-------------------------------------------------------------------
PropylRadicalToEthene-(hh)(rr)(rhh)\
       propyl-radical-(hh)(rr)(rhh) = olefin-(rr)(hh) primary-carbon-radical
- ID 70315
- Correspondences
1 2 3 4 5 6 7 8 9 10     2 4 2 2 2 2 2 2 2
2 1 6 7 4 5              2 2 2 2 2
3 8 9 10                 2 2 2
>  <ForwardRxn>
Standard  5.374E+21  -2.32  3.278E+04 8; nc7h15  =  ic4h8+nc3h7 
>  <ReverseRxn>
Standard  1.500E+11   0.00  1.060E+04 8; nc7h15  =  ic4h8+nc3h7 
$$$$
%%%-------------------------------------------------------------------
%%% Symmetry: 1*2*2 = 4
%%%-------------------------------------------------------------------
PropylRadicalToEthene-(rh)(rr)(rhh)\
       propyl-radical-(rh)(rr)(rhh) = olefin-(rr)(rh) primary-carbon-radical
- ID 70316
- Correspondences
1 2 3 4 5 6 7 8 9 10     2 4 2 2 2 2 2 2 2
2 1 6 7 4 5              2 2 2 2 2
3 8 9 10                 2 2 2
>  <ForwardRxn>
Standard 1.858E+17  -1.08  3.112E+04 4; c(rh)c(rr)c(hhh)   oc7h15  =  bc6h12+ch3
>  <ReverseRxn>
Standard  1.500E+11  0.00  1.060E+04 4; c(rh)c(rr)c(hhh)   oc7h15  =  bc6h12+ch3
$$$$
%%%-------------------------------------------------------------------
%%% Symmetry: 2*2*2 = 8
%%%-------------------------------------------------------------------
PropylRadicalToEthene-(rr)(rr)(rhh)\
       propyl-radical-(rr)(rr)(rhh) = olefin-(rr)(rr) primary-carbon-radical
- ID 70317
- Correspondences
1 2 3 4 5 6 7 8 9 10     2 4 2 2 2 2 2 2 2
1 2 4 5 6 7              2 2 2 2 2
3 8 9 10                 2 2 2
>  <ForwardRxn>
Standard  9.972E+14  -0.52  3.076E+04 8;  c(rr)c(hh)c(rrh)   yc7h15  =  ic3h7+ic4h8  
>  <ReverseRxn>
Standard  5.000E+10   0.00  9.200E+03 8;  c(rr)c(hh)c(rrh)   yc7h15  =  ic3h7+ic4h8  
$$$$
%%%-------------------------------------------------------------------
%%% Symmetry: 2*2*2 = 8
%%%-------------------------------------------------------------------
PropylRadicalToEthene-(hh)(hh)(rrh)\
       propyl-radical-(hh)(hh)(rrh) = olefin-(hh)(hh) secondary-carbon-radical
- ID 70318
- Correspondences
1 2 3 4 5 6 7 8 9 10     2 4 2 2 2 2 2 2 2
1 2 4 5 6 7              2 2 2 2 2
3 8 9 10                 2 2 2
>  <ForwardRxn>
Standard  1.138E+15  -0.42  2.701E+04 8;  dc5h11  =  c2h4+ic3h7 
>  <ReverseRxn>
Standard  3.300E+11   0.00  7.200E+03 8;  dc5h11  =  c2h4+ic3h7 
$$$$
%%%-------------------------------------------------------------------
%%% Symmetry: 1*2*2 = 4
%%%-------------------------------------------------------------------
PropylRadicalToEthene-(rh)(hh)(rrh)\
       propyl-radical-(rh)(hh)(rrh) = olefin-(rh)(hh) secondary-carbon-radical
- ID 70319
- Correspondences
1 2 3 4 5 6 7 8 9 10     2 4 2 2 2 2 2 2 2
1 2 4 5 6 7              2 2 2 2 2
3 8 9 10                 2 2 2
>  <ForwardRxn>
Standard  7.204E+13  -0.03  2.790E+04 4;   dc6h13  =  ic3h7+c3h6  
>  <ReverseRxn>
Standard  1.500E+11   0.00  7.800E+03 4;   dc6h13  =  ic3h7+c3h6  
$$$$
%%%-------------------------------------------------------------------
%%% Symmetry: 2*2*2 = 8
%%%-------------------------------------------------------------------
PropylRadicalToEthene-(rr)(hh)(rrh)\
       propyl-radical-(rr)(hh)(rrh) = olefin-(rr)(hh) secondary-carbon-radical
- ID 70320
- Correspondences
1 2 3 4 5 6 7 8 9 10     2 4 2 2 2 2 2 2 2
1 2 4 5 6 7              2 2 2 2 2
3 8 9 10                 2 2 2
>  <ForwardRxn>
Standard 9.972E+14  -0.52  3.076E+04  8;   yc7h15  =  ic3h7+ic4h8 
>  <ReverseRxn>
Standard  5.000E+10  0.00  9.200E+03 8;   yc7h15  =  ic3h7+ic4h8 
$$$$
%%%-------------------------------------------------------------------
%%% Symmetry: 2*1*2 = 4
%%%-------------------------------------------------------------------
PropylRadicalToEthene-(hh)(rh)(rrh)\
       propyl-radical-(hh)(rh)(rrh) = olefin-(rh)(hh) secondary-carbon-radical
- ID 70321
- Correspondences
1 2 3 4 5 6 7 8 9 10     2 4 2 2 2 2 2 2 2
2 1 6 7 4 5              2 2 2 2 2
3 8 9 10                 2 2 2
>  <ForwardRxn>
Standard  1.657E+19  -1.62  3.120E+04 4; c(hh)c(rh)c(rhh)    xc7h15  =  c3h6+ic4h9  
>  <ReverseRxn>
Standard  1.000E+11   0.00  9.200E+03 4; c(hh)c(rh)c(rhh)    xc7h15  =  c3h6+ic4h9  
$$$$
%%%-------------------------------------------------------------------
%%% Symmetry: 1*1*2 = 2
%%%-------------------------------------------------------------------
PropylRadicalToEthene-(rh)(rh)(rrh)\
       propyl-radical-(rh)(rh)(rrh) = olefin-(rh)(hh) secondary-carbon-radical
- ID 70322
- Correspondences
1 2 3 4 5 6 7 8 9 10     2 4 2 2 2 2 2 2 2
1 2 4 5 6 7              2 2 2 2 2
3 8 9 10                 2 2 2
>  <ForwardRxn>
Standard  1.090E+15  -0.70  3.045E+04 2;  c(rh)c(rh)c(hhh)   zc7h15  =  cc6h12+ch3 
>  <ReverseRxn>
Standard  1.000E+11   0.00  9.200E+03 2;  c(rh)c(rh)c(hhh)   zc7h15  =  cc6h12+ch3 
$$$$
%%%-------------------------------------------------------------------
%%% Symmetry: 2*1*2 = 4
%%%-------------------------------------------------------------------
PropylRadicalToEthene-(rr)(rh)(rrh)\
       propyl-radical-(rr)(rh)(rrh) = olefin-(rr)(rh) secondary-carbon-radical
- ID 70323
- Correspondences
1 2 3 4 5 6 7 8 9 10     2 4 2 2 2 2 2 2 2
1 2 4 5 6 7              2 2 2 2 2
3 8 9 10                 2 2 2
>  <ForwardRxn>
Standard  9.972E+14  -0.52  3.076E+04 4;  c(rr)c(hh)c(rrh)    yc7h15  =  ic3h7+ic4h8  
>  <ReverseRxn>
Standard  5.000E+10   0.00  9.200E+03 4;  c(rr)c(hh)c(rrh)    yc7h15  =  ic3h7+ic4h8  
$$$$
%%%-------------------------------------------------------------------
%%% Symmetry: 2*2*2 = 8
%%%-------------------------------------------------------------------
PropylRadicalToEthene-(hh)(rr)(rrh)\
       propyl-radical-(hh)(rr)(rrh) = olefin-(rr)(hh) secondary-carbon-radical
- ID 70324
- Correspondences
1 2 3 4 5 6 7 8 9 10     2 4 2 2 2 2 2 2 2
2 1 6 7 4 5              2 2 2 2 2
3 8 9 10                 2 2 2
>  <ForwardRxn>
Standard  5.374E+21  -2.32  3.278E+04 8;  c(hh)c(rr)c(rhh)    nc7h15  =  ic4h8+nc3h7 
>  <ReverseRxn>
Standard  1.500E+11   0.00  1.060E+04 8;  c(hh)c(rr)c(rhh)    nc7h15  =  ic4h8+nc3h7 
$$$$
%%%-------------------------------------------------------------------
%%% Symmetry: 1*2*2 = 4
%%%-------------------------------------------------------------------
PropylRadicalToEthene-(rh)(rr)(rrh)\
       propyl-radical-(rh)(rr)(rrh) = olefin-(rr)(rh) secondary-carbon-radical
- ID 70325
- Correspondences
1 2 3 4 5 6 7 8 9 10     2 4 2 2 2 2 2 2 2
2 1 6 7 4 5              2 2 2 2 2
3 8 9 10                 2 2 2
>  <ForwardRxn>
Standard  1.858E+17  -1.08  3.112E+04 4; c(rh)c(rr)c(hhh)    oc7h15  =  bc6h12+ch3 
>  <ReverseRxn>
Standard  1.500E+11   0.00  1.060E+04 4; c(rh)c(rr)c(hhh)    oc7h15  =  bc6h12+ch3 
$$$$
%%%-------------------------------------------------------------------
%%% Symmetry: 2*2*2 = 8
%%%-------------------------------------------------------------------
PropylRadicalToEthene-(rr)(rr)(rrh)\
       propyl-radical-(rr)(rr)(rrh) = olefin-(rr)(rr) secondary-carbon-radical
- ID 70326
- Correspondences
1 2 3 4 5 6 7 8 9 10     2 4 2 2 2 2 2 2 2
1 2 4 5 6 7              2 2 2 2 2
3 8 9 10                 2 2 2
>  <ForwardRxn>
Standard   9.972E+14  -0.52  3.076E+04 8; c(rr)c(hh)c(rrh)    yc7h15  =  ic3h7+ic4h8 
>  <ReverseRxn>
Standard   5.000E+10   0.00  9.200E+03 8; c(rr)c(hh)c(rrh)    yc7h15  =  ic3h7+ic4h8 
$$$$
%%%-------------------------------------------------------------------
%%% Symmetry: 2*2*6 = 24
%%%-------------------------------------------------------------------
PropylRadicalToEthene-(hh)(hh)(rrr)\
       propyl-radical-(hh)(hh)(rrr) = olefin-(hh)(hh) tertiary-carbon-radical
- ID 70327
- Correspondences
1 2 3 4 5 6 7 8 9 10     2 4 2 2 2 2 2 2 2
1 2 4 5 6 7              2 2 2 2 2
3 8 9 10                 2 2 2
>  <ForwardRxn>
Standard  3.180E+22  -2.61  2.967E+04 24;  hc6h13  =  c2h4+tc4h9 
>  <ReverseRxn>
Standard  1.700E+11   0.00  8.300E+03 24;  hc6h13  =  c2h4+tc4h9 
$$$$
%%%-------------------------------------------------------------------
%%% Symmetry: 1*2*6 = 12
%%%-------------------------------------------------------------------
PropylRadicalToEthene-(rh)(hh)(rrr)\
       propyl-radical-(rh)(hh)(rrr) = olefin-(rh)(hh) tertiary-carbon-radical
- ID 70328
- Correspondences
1 2 3 4 5 6 7 8 9 10     2 4 2 2 2 2 2 2 2
1 2 4 5 6 7              2 2 2 2 2
3 8 9 10                 2 2 2
>  <ForwardRxn>
Standard  3.515E+21  -2.20  2.812E+04 12;   pc7h15  =  tc4h9+c3h6 
>  <ReverseRxn>
Standard  1.500E+11   0.00  7.200E+03 12;   pc7h15  =  tc4h9+c3h6 
$$$$
%%%-------------------------------------------------------------------
%%% Symmetry: 2*2*6 = 24
%%%-------------------------------------------------------------------
PropylRadicalToEthene-(rr)(hh)(rrr)\
       propyl-radical-(rr)(hh)(rrr) = olefin-(rr)(hh) tertiary-carbon-radical
- ID 70329
- Correspondences
1 2 3 4 5 6 7 8 9 10     2 4 2 2 2 2 2 2 2
1 2 4 5 6 7              2 2 2 2 2
3 8 9 10                 2 2 2
>  <ForwardRxn>
Standard   9.972E+14  -0.52  3.076E+04 24; c(rr)c(hh)c(rrh)   yc7h15  =  ic3h7+ic4h8 
>  <ReverseRxn>
Standard   5.000E+10   0.00  9.200E+03 24; c(rr)c(hh)c(rrh)   yc7h15  =  ic3h7+ic4h8 
$$$$
%%%-------------------------------------------------------------------
%%% Symmetry: 2*1*6 = 12
%%%-------------------------------------------------------------------
PropylRadicalToEthene-(hh)(rh)(rrr)\
       propyl-radical-(hh)(rh)(rrr) = olefin-(rh)(hh) tertiary-carbon-radical
- ID 70330
- Correspondences
1 2 3 4 5 6 7 8 9 10     2 4 2 2 2 2 2 2 2
2 1 6 7 4 5              2 2 2 2 2
3 8 9 10                 2 2 2
>  <ForwardRxn>
Standard  1.657E+19  -1.62  3.120E+04 12; c(hh)c(rh)c(rhh)   xc7h15  =  c3h6+ic4h9 
>  <ReverseRxn>
Standard  1.000E+11   0.00  9.200E+03 12; c(hh)c(rh)c(rhh)   xc7h15  =  c3h6+ic4h9 
$$$$
%%%-------------------------------------------------------------------
%%% Symmetry: 1*1*6 = 6
%%%-------------------------------------------------------------------
PropylRadicalToEthene-(rh)(rh)(rrr)\
       propyl-radical-(rh)(rh)(rrr) = olefin-(rh)(rh) tertiary-carbon-radical
- ID 70331
- Correspondences
1 2 3 4 5 6 7 8 9 10     2 4 2 2 2 2 2 2 2
1 2 4 5 6 7              2 2 2 2 2
3 8 9 10                 2 2 2
>  <ForwardRxn>
Standard  1.090E+15  -0.70  3.045E+04  6;  c(rh)c(rh)c(hhh)    zc7h15  =  cc6h12+ch3 
>  <ReverseRxn>
Standard  1.000E+11   0.00  9.200E+03  6;  c(rh)c(rh)c(hhh)    zc7h15  =  cc6h12+ch3 
$$$$
%%%-------------------------------------------------------------------
%%% Symmetry: 2*1*6 = 12
%%%-------------------------------------------------------------------
PropylRadicalToEthene-(rr)(rh)(rrr)\
       propyl-radical-(rr)(rh)(rrr) = olefin-(rr)(rh) tertiary-carbon-radical
- ID 70332
- Correspondences
1 2 3 4 5 6 7 8 9 10     2 4 2 2 2 2 2 2 2
1 2 4 5 6 7              2 2 2 2 2
3 8 9 10                 2 2 2
>  <ForwardRxn>
Standard  9.972E+14  -0.52  3.076E+04 12; c(rr)c(hh)c(rrh)    yc7h15  =  ic3h7+ic4h8  
>  <ReverseRxn>
Standard  5.000E+10   0.00  9.200E+03 12; c(rr)c(hh)c(rrh)    yc7h15  =  ic3h7+ic4h8  
$$$$
%%%-------------------------------------------------------------------
%%% Symmetry: 2*2*6 = 24
%%%-------------------------------------------------------------------
PropylRadicalToEthene-(hh)(rr)(rrr)\
       propyl-radical-(hh)(rr)(rrr) = olefin-(rr)(hh) tertiary-carbon-radical
- ID 70333
- Correspondences
1 2 3 4 5 6 7 8 9 10     2 4 2 2 2 2 2 2 2
2 1 6 7 4 5              2 2 2 2 2
3 8 9 10                 2 2 2
>  <ForwardRxn>
Standard  5.374E+21  -2.32  3.278E+04 24;  c(hh)c(rr)c(rhh)  nc7h15  =  ic4h8+nc3h7 
>  <ReverseRxn>
Standard  1.500E+11  0.00  1.060E+04  24;  c(hh)c(rr)c(rhh)  nc7h15  =  ic4h8+nc3h7 
$$$$
%%%-------------------------------------------------------------------
%%% Symmetry: 1*2*6 = 12
%%%-------------------------------------------------------------------
PropylRadicalToEthene-(rh)(rr)(rrr)\
       propyl-radical-(rh)(rr)(rrr) = olefin-(rr)(rh) tertiary-carbon-radical
- ID 70334
- Correspondences
1 2 3 4 5 6 7 8 9 10     2 4 2 2 2 2 2 2 2
2 1 6 7 4 5              2 2 2 2 2
3 8 9 10                 2 2 2
>  <ForwardRxn>
Standard  1.858E+17  -1.08  3.112E+04 12;  c(rh)c(rr)c(hhh)    oc7h15  =  bc6h12+ch3 
>  <ReverseRxn>
Standard  1.500E+11   0.00  1.060E+04  12;  c(rh)c(rr)c(hhh)    oc7h15  =  bc6h12+ch3 
$$$$
%%%-------------------------------------------------------------------
%%% Symmetry: 2*2*6 = 24
%%%-------------------------------------------------------------------
PropylRadicalToEthene-(rr)(rr)(rrr)\
       propyl-radical-(rr)(rr)(rrr) = olefin-(rr)(rr) tertiary-carbon-radical
- ID 70335
- Correspondences
1 2 3 4 5 6 7 8 9 10     2 4 2 2 2 2 2 2 2
1 2 4 5 6 7              2 2 2 2 2
3 8 9 10                 2 2 2
>  <ForwardRxn>
Standard  9.972E+14  -0.52  3.076E+04  24;  c(rr)c(hh)c(rrh)    yc7h15  =  ic3h7+ic4h8 
>  <ReverseRxn>
Standard  5.000E+10  0.00  9.200E+03 24;  c(rr)c(hh)c(rrh)    yc7h15  =  ic3h7+ic4h8 
$$$$
