100 C4HO
but-1-yl-2-hydroxy-radical
- AlternativeNames CHEMKIN c4h8oh-1
- AlternativeNames Short   c4h8oh-1
- AlternativeNames Formula C4H9O
but-2-yl-3-hydroxy-radical
- AlternativeNames CHEMKIN c4h8oh-3
- AlternativeNames Short   c4h8oh-3
- AlternativeNames Formula C4H9O
prop-1-yl-2-hydroxy-2-methyl-radical
- AlternativeNames CHEMKIN tc4h8oh
- AlternativeNames Short   tc4h8oh
- AlternativeNames Formula C4H9O
1-oxy-2-methylpropane
- AlternativeNames CHEMKIN ic4h9o
- AlternativeNames Short ic4h9o
- AlternativeNames Formula C4H9O
2-oxy-2-methylpropane
- AlternativeNames CHEMKIN tc4h9o
- AlternativeNames Short tc4h9o
- AlternativeNames Formula C4H9O
ethyloxirane
- AlternativeNames CHEMKIN c4h8o1-2
- AlternativeNames Short c4h8o1-2
- AlternativeNames Formula C4H8O
methyloxetane
- AlternativeNames CHEMKIN c4h8o1-3
- AlternativeNames Short c4h8o1-3
- AlternativeNames Formula C4H8O
tetrahydrofuran
- AlternativeNames CHEMKIN c4h8o1-4
- AlternativeNames Short c4h8o1-4
- AlternativeNames Formula C4H8O
1,3-dimethyloxirane
- AlternativeNames CHEMKIN c4h8o2-3
- AlternativeNames Short c4h8o2-3
- AlternativeNames Formula C4H8O
2-methyloxetane
- AlternativeNames CHEMKIN cc4h8o
- AlternativeNames Short cc4h8o
- AlternativeNames Formula C4H8O
1-butanal
- AlternativeNames CHEMKIN n-c3h7cho
- AlternativeNames Short n-c3h7cho
- AlternativeNames Formula C4H8O
2-butanal
- AlternativeNames CHEMKIN c2h5coch3
- AlternativeNames Short c2h5coch3
- AlternativeNames Formula C4H8O
1-yl-1-butanal
- AlternativeNames CHEMKIN n-c3h7co
- AlternativeNames Short n-c3h7co
- AlternativeNames Formula C4H7O
1-yl-2-butanone
- AlternativeNames CHEMKIN c2h5coch2
- AlternativeNames Short c2h5coch2
- AlternativeNames Formula C4H7O
3-yl-2-butanone
- AlternativeNames CHEMKIN ch3chcoch3
- AlternativeNames Short ch3chcoch3
- AlternativeNames Formula C4H7O
4-yl-2-butanone
- AlternativeNames CHEMKIN ch2ch2coch3
- AlternativeNames Short ch2ch2coch3
- AlternativeNames Formula C4H7O
1-butanal-2-ene
- AlternativeNames CHEMKIN sc3h5cho
- AlternativeNames Short sc3h5cho
- AlternativeNames Formula C4H6O
1-butanal-3-ene
- AlternativeNames CHEMKIN ac3h5cho 
- AlternativeNames Short ac3h5cho
- AlternativeNames Formula C4H6O 
2-butanal-3-ene
- AlternativeNames CHEMKIN c2h3coch3
- AlternativeNames Short c2h3coch3
- AlternativeNames Formula C4H6O
1-butanal-3-ene-1-yl-radical
- AlternativeNames CHEMKIN ac3h5co 
- AlternativeNames Short ac3h5co 
- AlternativeNames Formula C4H5O
3-buten-2-yl-1-al-radical
- AlternativeNames CHEMKIN c2h3chcho
- AlternativeNames Short c2h3chcho
- AlternativeNames Formula C4H5O
2-methyl-1-propanal-2-ene
- AlternativeNames CHEMKIN ic3h5cho
- AlternativeNames Short ic3h5cho
- AlternativeNames Formula C4H6O
2-methyl-1-propanal-2-ene-1-yl
- AlternativeNames CHEMKIN ic3h5co
- AlternativeNames Short ic3h5co
- AlternativeNames Formula C4H6O
1-propen-3-ol-2-methyl-radical
- AlternativeNames CHEMKIN ic4h6oh
- AlternativeNames Short ic4h6oh
- AlternativeNames Formula C4H7O
2-methyl-1-propene-1-oxy-radical
- AlternativeNames CHEMKIN tc3h6cho
- AlternativeNames Short tc3h6cho
- AlternativeNames Formula C4H7O
2-methyl-1-propene-3-oxy-radical
- AlternativeNames CHEMKIN ic4h7o
- AlternativeNames Short ic4h7o
- AlternativeNames Formula C4H7O
1-butene-3-oxy-radical
- AlternativeNames CHEMKIN c4h7o
- AlternativeNames Short c4h7o
- AlternativeNames Formula C4H7O
4-butanal-1-yl
- AlternativeNames CHEMKIN c3h6cho-1
- AlternativeNames Short c3h6cho-1
- AlternativeNames Formula C4H7O
4-butanal-2-yl
- AlternativeNames CHEMKIN c3h6cho-2
- AlternativeNames Short c3h6cho-2
- AlternativeNames Formula C4H7O
4-butanal-3-yl
- AlternativeNames CHEMKIN c3h6cho-3
- AlternativeNames Short c3h6cho-3
- AlternativeNames Formula C4H7O
2-methyl-1-propanal-3-yl-radical
- AlternativeNames CHEMKIN ic3h6cho
- AlternativeNames Short ic3h6cho
- AlternativeNames Formula C4H7O
2-methyl-1-propanoyl-radical
- AlternativeNames CHEMKIN ic3h7co
- AlternativeNames Short ic3h7co
- AlternativeNames Formula C4H7O
2-methyl-1-propyl-1-oxy-radical
- AlternativeNames CHEMKIN ch2ch(ch2o)ch3
- AlternativeNames Short ch2ch(ch2o)ch3
- AlternativeNames Formula C4H8O
2-methyl-2-propyl-1-oxy-radical
- AlternativeNames CHEMKIN ch3c(ch2o)ch3
- AlternativeNames Short ch3c(ch2o)ch3
- AlternativeNames Formula C4H8O
tetrahydrofuran-1-yl
- AlternativeNames CHEMKIN chch2ch2ch2o1-4
- AlternativeNames Short chch2ch2ch2o1-4
- AlternativeNames Formula C4H8O
tetrahydrofuran-2-yl
- AlternativeNames CHEMKIN ch2chch2ch2o1-4
- AlternativeNames Short ch2chch2ch2o1-4
- AlternativeNames Formula C4H8O
2-methyl-propanal
- AlternativeNames CHEMKIN ic3h7cho
- AlternativeNames Short ic3h7cho
- AlternativeNames Formula C4H8O
2-methyl-2-propen-1-ol
- AlternativeNames CHEMKIN ic4h7oh
- AlternativeNames Short ic4h7oh
- AlternativeNames Formula C4H8O
1-butanol-1-yl
- AlternativeNames CHEMKIN ch3ch2ch2choh
- AlternativeNames Short ch2ch2ch2ch2oh
- AlternativeNames Formula C4H9O
1-butanol-2-yl
- AlternativeNames CHEMKIN ch3ch2chch2oh
- AlternativeNames Short ch2ch2ch2ch2oh
- AlternativeNames Formula C4H9O
1-butanol-3-yl
- AlternativeNames CHEMKIN ch3chch2ch2oh
- AlternativeNames Short ch2ch2ch2ch2oh
- AlternativeNames Formula C4H9O
1-butanol-4-yl
- AlternativeNames CHEMKIN ch2ch2ch2ch2oh
- AlternativeNames Short ch2ch2ch2ch2oh
- AlternativeNames Formula C4H9O
2-methyl-1-butanol-1-yl-radical
- AlternativeNames CHEMKIN ic4h8oh
- AlternativeNames Short ic4h8oh
- AlternativeNames Formula C4H9O
1-butoxy-radical
- AlternativeNames CHEMKIN pc4h9o
- AlternativeNames Short pc4h9o
- AlternativeNames Formula C4H9O
2-butoxy-radical
- AlternativeNames CHEMKIN sc4h9o
- AlternativeNames Short sc4h9o
- AlternativeNames Formula C4H9O
2-methoxy-propane-radical
- AlternativeNames CHEMKIN ic4h9o
- AlternativeNames Short ic4h9o
- AlternativeNames Formula C4H9O
2-methyl-2-oxypropane-radical
- AlternativeNames CHEMKIN tc4h9o
- AlternativeNames Short tc4h9o
- AlternativeNames Formula C4H9O
4-hydroperoxy-1-butene
- AlternativeNames CHEMKIN c4h7ooh1-4
- AlternativeNames Short c4h7ooh1-4
- AlternativeNames Formula C4H8O2
3-hydroperoxy-2-propanal
- AlternativeNames CHEMKIN ch3choohcoch3
- AlternativeNames Short ch3choohcoch3
- AlternativeNames Formula C4H8O3
2-methyl-2-peroxy-propanal
- AlternativeNames CHEMKIN tc3h6o2cho
- AlternativeNames Short tc3h6o2cho
- AlternativeNames Formula C4H7O3
2-hydroperoxy-propanoyl
- AlternativeNames CHEMKIN tc3h6o2hco
- AlternativeNames Short tc3h6o2hco
- AlternativeNames Formula C4H7O3
ethyl-ketene
- AlternativeNames CHEMKIN c2h5chco
- AlternativeNames Short nc3h6co
- AlternativeNames Formula C4H6O
dimethyl-ketene
- AlternativeNames CHEMKIN ch3(cco)ch3
- AlternativeNames Short ic3h6co
- AlternativeNames Formula C4H6O
