butane
 - AlternativeNames CHEMKIN c4h10
 - AlternativeNames Short c4h10
1,3-butadiene
 - AlternativeNames CHEMKIN c4h6
 - AlternativeNames Short c4h6
1-butene
 - AlternativeNames CHEMKIN c4h8-1
 - AlternativeNames Short c4h8-1
2-butene
 - AlternativeNames CHEMKIN c4h8-2
 - AlternativeNames Short c4h8-2
1-buten-1-yl
 - AlternativeNames CHEMKIN c4h71-1
 - AlternativeNames Short c4h71-1
1-buten-2-yl
 - AlternativeNames CHEMKIN c4h71-2
 - AlternativeNames Short c4h71-2
1-buten-3-yl
 - AlternativeNames CHEMKIN c4h71-3
 - AlternativeNames Short c4h71-3
but-3-en-1-yl radical
 - AlternativeNames CHEMKIN c4h71-4
 - AlternativeNames Short c4h71-4
2-methylallyl radical
 - AlternativeNames CHEMKIN ic4h7
 - AlternativeNames Short ic4h7
2-(2H3)methyl(2H5)-1-propene
 - AlternativeNames CHEMKIN ic4h8
 - AlternativeNames Short ic4h8
isobutyl radical
 - AlternativeNames CHEMKIN ic4h9
 - AlternativeNames Short ic4h9
1-butyl radical
 - AlternativeNames CHEMKIN pc4h9
 - AlternativeNames Short pc4h9
2-butyl radical
 - AlternativeNames CHEMKIN sc4h9
 - AlternativeNames Short sc4h9
2-methylpropan-2-yl
 - AlternativeNames CHEMKIN tc4h9
 - AlternativeNames Short tc4h9
isobutane
 - AlternativeNames CHEMKIN ic4h10
 - AlternativeNames Short ic4h10