1 C3HO
propane
- AlternativeNames CHEMKIN C3H8
- AlternativeNames Short C3H8
1-propyl-radical
- AlternativeNames CHEMKIN N-C3H7
- AlternativeNames Short N-C3H7
2-propyl-radical
- AlternativeNames CHEMKIN I-C3H7
- AlternativeNames Short I-C3H7
propene 
- AlternativeNames CHEMKIN C3H6
- AlternativeNames Short C3H6
cyclopropane
- AlternativeNames CHEMKIN cy-C3H6
- AlternativeNames Short cy-C3H6
prop-2-en-1-yl-radical 
- AlternativeNames CHEMKIN C3H5
- AlternativeNames Short C3H5
prop-1-en-2-yl-radical
- AlternativeNames CHEMKIN C3H5s
- AlternativeNames Short CH2CCH3
allene 
- AlternativeNames CHEMKIN C3H4
- AlternativeNames Short C3H4-a
propyne 
- AlternativeNames CHEMKIN C3H4p
- AlternativeNames Short C3H4-p
prop-2-yn-1-yl-radical
- AlternativeNames CHEMKIN C3H3
- AlternativeNames Short CHCCH2
propyn-1-yl-radical
- AlternativeNames CHEMKIN C3H3
- AlternativeNames Short CH3CC
propanal
- AlternativeNames CHEMKIN C2H5CHO
- AlternativeNames Short C2H5CHO
propanone
- AlternativeNames CHEMKIN CH3COCH3
- AlternativeNames Short CH3COCH3
propanoyl-radical
- AlternativeNames CHEMKIN c2h5co
- AlternativeNames Short c2h5co
propanon-1-yl-radical
- AlternativeNames CHEMKIN CH3COCH2
- AlternativeNames Short CH3COCH2
propanal-2-yl-radical
- AlternativeNames CHEMKIN ch3chcho
- AlternativeNames Short ch3chcho
propanal-3-yl-radical
- AlternativeNames CHEMKIN c2h4cho
- AlternativeNames Short c2h4cho
prop-2-ene-1-ol 
- AlternativeNames CHEMKIN C3H5OH
- AlternativeNames Short C3H5OH
prop-2-en-1-oxy-radical
- AlternativeNames CHEMKIN c2h3ch2o
- AlternativeNames Short c2h3ch2o
propenal
- AlternativeNames CHEMKIN C2H3CHO
- AlternativeNames Short C2H3CHO
propyl-2-peroxy-radical
- AlternativeNames CHEMKIN ic3h7o2
- AlternativeNames Short ic3h7o2
propylperoxy-radical
- AlternativeNames CHEMKIN nc3h7o2
- AlternativeNames Short nc3h7o2
propanal-2-one
- AlternativeNames CHEMKIN CHOCOCH3
- AlternativeNames Short CHOCOCH3
1,3-dipropanal
- AlternativeNames CHEMKIN CHOCH2CHO
- AlternativeNames Short CHOCH2CHO
propanoyl-3-al-radical
- AlternativeNames CHEMKIN COCH2CHO
- AlternativeNames Short COCH2CHO
dipropanal-2-yl-radical
- AlternativeNames CHEMKIN HCOCHCHO
- AlternativeNames Short HCOCHCHO
propanoyl-2-one-radical
- AlternativeNames CHEMKIN COCOCH3
- AlternativeNames Short COCOCH3
propanal-2-one-3-yl-radical
- AlternativeNames CHEMKIN HCOCOCH2
- AlternativeNames Short HCOCOCH2
prop-1-en-1-one
- AlternativeNames CHEMKIN CH3CHCO
- AlternativeNames Short   CH3CHCO
prop-3-en-1-peroxy-radical
- AlternativeNames CHEMKIN CH2CHCH2OO
- AlternativeNames Short   CH2CHCH2OO
propenylal-radical
- AlternativeNames CHEMKIN c2h3co
- AlternativeNames Short   c2h3co
