o1 C4ket
1-hydroperoxy-1-butanal
- AlternativeNames CHEMKIN c3h7coo2h
- AlternativeNames Short c3h7coo2h
- AlternativeNames Mech
- AlternativeNames Formula C4H8O3
2-hydroperoxy-1-butanal
- AlternativeNames CHEMKIN c2h5cho2hcho
- AlternativeNames Short c2h5cho2hcho
- AlternativeNames Mech nc4ket12
- AlternativeNames Formula C4H8O3
3-hydroperoxy-1-butanal
- AlternativeNames CHEMKIN ch3cho2hch2cho
- AlternativeNames Short ch3cho2hch2cho
- AlternativeNames Mech nc4ket13
- AlternativeNames Formula C4H8O3
4-hydroperoxy-1-butanal
- AlternativeNames CHEMKIN ch2o2hch2ch2cho
- AlternativeNames Short ch2o2hch2ch2cho
- AlternativeNames Mech nc4ket14
- AlternativeNames Formula C4H8O3
1-hydroperoxy-2-butanone
- AlternativeNames CHEMKIN c2h5coch2o2h
- AlternativeNames Short c2h5coch2o2h
- AlternativeNames Mech nc4ket21
- AlternativeNames Formula C4H8O3
3-hydroperoxy-2-butanone
- AlternativeNames CHEMKIN ch3cho2hcoch3
- AlternativeNames Short ch3cho2hcoch3
- AlternativeNames Mech nc4ket23
- AlternativeNames Formula C4H8O3
4-hydroperoxy-2-butanone
- AlternativeNames CHEMKIN ch2o2hch2coch3
- AlternativeNames Short ch2o2hch2coch3
- AlternativeNames Mech nc4ket24
- AlternativeNames Formula C4H8O3
1,2-dibutanal
- AlternativeNames CHEMKIN diket12
- AlternativeNames Short diket12
- AlternativeNames Formula C4H6O2
1,3-dibutanal
- AlternativeNames CHEMKIN diket13
- AlternativeNames Short diket13
- AlternativeNames Formula C4H6O2
1,4-dibutanal
- AlternativeNames CHEMKIN diket14
- AlternativeNames Short diket14
- AlternativeNames Formula C4H6O2
2,3-dibutanal
- AlternativeNames CHEMKIN diket23
- AlternativeNames Short diket23
- AlternativeNames Formula C4H6O2
1,2-dibutanal-1-yl
- AlternativeNames CHEMKIN diket1r12
- AlternativeNames Short diket1r12
- AlternativeNames Formula C4H5O2
1,2-dibutanal-3-yl
- AlternativeNames CHEMKIN diket3r12
- AlternativeNames Short diket3r12
- AlternativeNames Formula C4H5O2
1,2-dibutanal-4-yl
- AlternativeNames CHEMKIN 12diket4r12
- AlternativeNames Short diket4r12
- AlternativeNames Formula C4H5O2
1,3-dibutanal-1-yl
- AlternativeNames CHEMKIN diket1r13
- AlternativeNames Short diket1r13
- AlternativeNames Formula C4H5O2
1,3-dibutanal-2-yl
- AlternativeNames CHEMKIN diket2r13
- AlternativeNames Short diket2r13
- AlternativeNames Formula C4H5O2
1,3-dibutanal-4-yl
- AlternativeNames CHEMKIN diket4r13
- AlternativeNames Short diket4r13
- AlternativeNames Formula C4H5O2
1,4-dibutanal-1-yl
- AlternativeNames CHEMKIN diket1r14
- AlternativeNames Short diket1r14
- AlternativeNames Formula C4H5O2
1,4-dibutanal-2-yl
- AlternativeNames CHEMKIN diket2r14
- AlternativeNames Short diket2r14
- AlternativeNames Formula C4H5O2
1,4-dibutanal-3-yl
- AlternativeNames CHEMKIN diket3r14
- AlternativeNames Short diket3r14
- AlternativeNames Formula C4H5O2
2,3-dibutanal-1-yl
- AlternativeNames CHEMKIN diket1r23
- AlternativeNames Short diket1r23
- AlternativeNames Formula C4H5O2
