%%%-------------------------------------------------------------------
%%% Symmetry: 3*2*1 = 2
%%%-------------------------------------------------------------------
KetoneRadicalDecomp-HHH\
       c(hhh).c(o) = methane-carbon-radical carbonmonoxide 
- ID 60001
- Correspondences
1 2 3 4 5 6             2 4 2 2 2
3 4 5 6                 2 2 2
2 1                     2
>  <ForwardRxn>
Standard 1.58e+13 0.0 72000.0 6; Nehse, Warnatz, Chevalier Value ; Large Aliphatic Hydrocarbons
$$$$
%%%-------------------------------------------------------------------
%%% Symmetry: 2*1=2
%%%-------------------------------------------------------------------
KetoneRadicalDecomp-RHH\
       c(rhh).c(o) = primary-carbon-radical carbonmonoxide
- ID 60002
- Correspondences
1 2 3 4 5 6             2 4 2 2 2
3 4 5 6                 2 2 2
1 2                     2
>  <ForwardRxn>
Standard 1.58e+13 0.0 72000.0 2; Nehse, Warnatz, Chevalier Value ; Large Aliphatic Hydrocarbons
$$$$
%%%-------------------------------------------------------------------
%%% Symmetry: 2*1=2
%%%-------------------------------------------------------------------
KetoneRadicalDecomp-RRH\
       c(rrh).c(o) = secondary-carbon-radical carbonmonoxide
- ID 60003
- Correspondences
1 2 3 4 5 6             2 4 2 2 2
3 4 5 6                 2 2 2
1 2                     2
>  <ForwardRxn>
Standard 1.58e+13 0.0 72000.0 2; Nehse, Warnatz, Chevalier Value ; Large Aliphatic Hydrocarbons
$$$$
%%%-------------------------------------------------------------------
%%% Symmetry: 3*2*1 = 6
%%%-------------------------------------------------------------------
KetoneRadicalDecomp-RRR\
       c(rrr).c(o) = tertiary-carbon-radical carbonmonoxide
- ID 60004
- Correspondences
1 2 3 4 5 6             2 4 2 2 2
3 4 5 6                 2 2 2
1 2                     2
>  <ForwardRxn>
Standard 1.58e+13 0.0 72000.0 6; Nehse, Warnatz, Chevalier Value ; Large Aliphatic Hydrocarbons
$$$$
