%%%-------------------------------------------------------------------
%%%   Symmetry 6 = 6
%%%-------------------------------------------------------------------
HLossEthenylToEthyne-(hh)\
   ethenyl-(hh)(h)  = ethyne-(h)(h) + hydrogen-radical
- ID 42101
- Correspondences
1 2 3 4 5        2 2 4 2
1 2 3 5          2 2 2
4                        

>  <ForwardRxn>
Standard 7.94e+12 0.0 37928 2; Come Propene Value
$$$$
%%%-------------------------------------------------------------------
%%%   Symmetry 6 = 6
%%%-------------------------------------------------------------------
HLossEthenylToEthyne-(rh)\
   ethenyl-(rh)(h)  = ethyne-(r)(h) + hydrogen-radical
- ID 42102
- Correspondences
1 2 3 4 5        2 2 4 2
1 2 3 5          2 2 2
4                        

>  <ForwardRxn>
Standard 7.94e+12 0.0 37928 1; Come Propene Value
$$$$
%%%-------------------------------------------------------------------
%%%   Symmetry 6 = 6
%%%-------------------------------------------------------------------
HLossEthenylToEthyne-(rr)\
   ethenyl-(rh)(r)  = ethyne-(r)(r) + hydrogen-radical
- ID 42103
- Correspondences
1 2 3 4 5        2 2 4 2
1 2 3 5          2 2 2
4                        

>  <ForwardRxn>
Standard 7.94e+12 0.0 37928 2; Come Propene Value
$$$$
