%%%-------------------------------------------------------------------
%%%   Symmetry 6 = 6
%%%-------------------------------------------------------------------
EthyneDecompositionWithOxygen-(h)\
   ethyne-radical-(h) oxygen = carbonmonoxide (h).c(o)
- ID 42301
- Correspondences
1 2 3            4 2
4 5              4
1 5              4
2 4 3            4 2     

>  <ForwardRxn>
Standard 1.000e+13   0.00  7.000e+03 2; Estimated Value from Westbrook c2h+o2 = hco+co
>  <ReverseRxn>
Standard 8.444E+12   0.00  1.384E+05 1; Estimated Value from Westbrook c2h+o2 = hco+co
$$$$
%%%-------------------------------------------------------------------
%%%   Symmetry 6 = 6
%%%-------------------------------------------------------------------
EthyneDecompositionWithOxygen-(r)\
   ethyne-radical-(r) oxygen = carbonmonoxide (r).c(o)
- ID 42302
- Correspondences
1 2 3            4 2
4 5              4
1 5              4
2 4 3            4 2     

>  <ForwardRxn>
Standard 3.010e+10   0.00  2.870e+03 2; Estimated Value from Westbrook c3h3+o2 = ch2co+hco
>  <ReverseRxn>
Standard 4.881e+11   0.00  5.947e+04 1; Estimated Value from Westbrook c3h3+o2 = ch2co+hco
$$$$
