%%%-------------------------------------------------------------------
%%% 
%%%-------------------------------------------------------------------
%%%-------------------------------------------------------------------
H-Alkenyl-Abs-Hydrogen-Radical-(hh)(h)\
     olefin-(hh)(hh) hydrogen-radical = alkenyl-(hh)(h) hydrogen
- ID 8001
- Correspondences
1 2 3 4 5 6       2 2 2 2 4
7
1 2 3 4 5         2 2 2 2
7 6               4

>  <ForwardRxn>
Standard 5.00e+13 0.0 3.90e+3 2; Westbrook Value
>  <ReverseRxn>
Standard 4.00e+13 0.0 2.52e+4 2; Based on C4H8 reverse
$$$$
%%%-------------------------------------------------------------------
H-Alkenyl-Abs-Hydrogen-Radical-(hh)(r)\
     olefin-(rh)(hh) hydrogen-radical = alkenyl-(hh)(r) hydrogen
- ID 8002
- Correspondences
1 2 3 4 5 6       2 2 4 2 2
7
2 1 5 6 3         2 2 2 2
7 4               4

>  <ForwardRxn>
Standard 5.00e+13 0.0 3.900e+3 2; Westbrook Value
>  <ReverseRxn>
Standard 4.00e+13 0.0 2.52e+4 4; Based on C4H8 reverse
$$$$
%%%-------------------------------------------------------------------
H-Alkenyl-Abs-Hydrogen-Radical-(rh)(h)\
     olefin-(rh)(hh) hydrogen-radical = alkenyl-(rh)(h) hydrogen
- ID 8003
- Correspondences
1 2 3 4 5 6       2 2 2 2 4
7
1 2 3 4 5         2 2 2 2
7 6               4

>  <ForwardRxn>
Standard 5.00e+13 0.0 3.900e+3 1; Westbrook Value
>  <ReverseRxn>
Standard 4.00e+13 0.0 2.52e+4 2; Based on C4H8 reverse
$$$$
%%%-------------------------------------------------------------------
H-Alkenyl-Abs-Hydrogen-Radical-(rh)(r)\
     olefin-(rh)(rh) hydrogen-radical = alkenyl-(rh)(r) hydrogen
- ID 8004
- Correspondences
1 2 3 4 5 6       2 2 2 2 4
7
1 2 3 4 5         2 2 2 2
7 6               4

>  <ForwardRxn>
Standard 5.00e+13 0.0 3.900e+3 1; Westbrook Value
>  <ReverseRxn>
Standard 4.00e+13 0.0 2.52e+4 2; Based on C4H8 reverse
$$$$
%%%-------------------------------------------------------------------
H-Alkenyl-Abs-Hydrogen-Radical-(rr)(h)\
     olefin-(rr)(hh) hydrogen-radical = alkenyl-(rr)(h) hydrogen
- ID 8005
- Correspondences
1 2 3 4 5 6       2 2 2 2 4
7
1 2 3 4 5         2 2 2 2
7 6               4

>  <ForwardRxn>
Standard 5.00e+13 0.0 3.900e+3 4; Westbrook Value
>  <ReverseRxn>
Standard 4.00e+13 0.0 2.52e+4 4; Based on C4H8 reverse
$$$$
%%%-------------------------------------------------------------------
H-Alkenyl-Abs-Hydrogen-Radical-(rr)(r)\
     olefin-(rr)(rh) hydrogen-radical = alkenyl-(rr)(r) hydrogen
- ID 8006
- Correspondences
1 2 3 4 5 6       2 2 2 2 4
7
1 2 3 4 5         2 2 2 2
7 6               4

>  <ForwardRxn>
Standard 5.00e+13 0.0 3.900e+3 2; Westbrook Value
>  <ReverseRxn>
Standard 4.00e+13 0.0 2.52e+4 4; Based on C4H8 reverse
$$$$
%%%-------------------------------------------------------------------
%%% Oxygen Radical Abstraction
%%%-------------------------------------------------------------------
%%%-------------------------------------------------------------------
H-Alkenyl-Abs-Oxygen-Radical-(hh)(h)\
     olefin-(hh)(hh) oxygen-atom = alkenyl-(hh)(h) hydroxyl-radical
- ID 8011
- Correspondences
1 2 3 4 5 6       2 2 2 2 4
7
1 2 3 4 5         2 2 2 2
6 7               4

>  <ForwardRxn>
Standard 1.291e+11   0.63  1.478e+04 2; Westbrook Value (c7h14-2+o = c7h13+oh)
>  <ReverseRxn>
Standard 7.000e+11   0.00  2.990e+04 2; Westbrook Value (c7h14-2+o = c7h13+oh)
$$$$
%%%-------------------------------------------------------------------
H-Alkenyl-Abs-Oxygen-Radical-(hh)(r)\
     olefin-(rh)(hh) oxygen-atom = alkenyl-(hh)(r) hydroxyl-radical
- ID 8012
- Correspondences
1 2 3 4 5 6       2 2 4 2 2
7
2 1 5 6 3         2 2 2 2
7 4               4

>  <ForwardRxn>
Standard 1.291e+11   0.63  1.478e+04 2; Westbrook Value (c7h14-2+o = c7h13+oh)
>  <ReverseRxn>
Standard 7.000e+11   0.00  2.990e+04 2; Westbrook Value (c7h14-2+o = c7h13+oh)
$$$$
%%%-------------------------------------------------------------------
H-Alkenyl-Abs-Oxygen-Radical-(rh)(h)\
     olefin-(rh)(hh) oxygen-atom = alkenyl-(rh)(h) hydroxyl-radical
- ID 8013
- Correspondences
1 2 3 4 5 6       2 2 2 2 4
7
1 2 3 4 5         2 2 2 2
6 7               4

>  <ForwardRxn>
Standard 1.291e+11   0.63  1.478e+04 1; Westbrook Value (c7h14-2+o = c7h13+oh)
>  <ReverseRxn>
Standard 7.000e+11   0.00  2.990e+04 1; Westbrook Value (c7h14-2+o = c7h13+oh)
$$$
%%%-------------------------------------------------------------------
H-Alkenyl-Abs-Oxygen-Radical-(rh)(r)\
     olefin-(rh)(rh) oxygen-atom = alkenyl-(rh)(r) hydroxyl-radical
- ID 8014
- Correspondences
1 2 3 4 5 6       2 2 2 2 4
7
1 2 3 4 5         2 2 2 2
6 7               4

>  <ForwardRxn>
Standard 1.291e+11   0.63  1.478e+04 1; Westbrook Value (c7h14-2+o = c7h13+oh)
>  <ReverseRxn>
Standard 7.000e+11   0.00  2.990e+04 2; Westbrook Value (c7h14-2+o = c7h13+oh)
$$$$
%%%-------------------------------------------------------------------
H-Alkenyl-Abs-Oxygen-Radical-(rr)(h)\
     olefin-(rr)(hh) oxygen-atom = alkenyl-(rr)(h) hydroxyl-radical
- ID 8015
- Correspondences
1 2 3 4 5 6       2 2 2 2 4
7
1 2 3 4 5         2 2 2 2
6 7               4

>  <ForwardRxn>
Standard 1.291e+11   0.63  1.478e+04 2; Westbrook Value (c7h14-2+o = c7h13+oh)
>  <ReverseRxn>
Standard 7.000e+11   0.00  2.990e+04 3; Westbrook Value (c7h14-2+o = c7h13+oh)
$$$$
%%%-------------------------------------------------------------------
H-Alkenyl-Abs-Oxygen-Radical-(rr)(r)\
     olefin-(rr)(rh) oxygen-atom = alkenyl-(rr)(r) hydroxyl-radical
- ID 8016
- Correspondences
1 2 3 4 5 6       2 2 2 2 4
7
1 2 3 4 5         2 2 2 2
6 7               4

>  <ForwardRxn>
Standard 1.291e+11   0.63  1.478e+04 2; Westbrook Value (c7h14-2+o = c7h13+oh)
>  <ReverseRxn>
Standard 7.000e+11   0.00  2.990e+04 2; Westbrook Value (c7h14-2+o = c7h13+oh)
$$$$
%%%-------------------------------------------------------------------
%%% Hydroxyl-Radical
%%%-------------------------------------------------------------------
%%%-------------------------------------------------------------------
H-Alkenyl-Abs-Hydroxyl-Radical-(hh)(h)\
     olefin-(hh)(hh) hydroxyl-radical = alkenyl-(hh)(h) water
- ID 8021
- Correspondences
1 2 3 4 5 6       2 2 2 2 4
7 8               2
1 2 3 4 5         2 2 2 2
8 7 6             2 4

>  <ForwardRxn>
Standard 3.00e+13 0.0 1.230e+3 4; Westbrook Value (from c7h14-2 value)
>  <ReverseRxn>
Standard 1.604e+15 -0.63 3.361e+04 4; Westbrook Value (from c7h14-2 value)
$$$$
%%%-------------------------------------------------------------------
H-Alkenyl-Abs-Hydroxyl-Radical-(hh)(r)\
     olefin-(rh)(hh) hydroxyl-radical = alkenyl-(hh)(r) water
- ID 8022
- Correspondences
1 2 3 4 5 6       2 2 4 2 2
7 8               2
2 1 5 6 3         2 2 2 2
8 7 4             2 4

>  <ForwardRxn>
Standard 3.00e+13 0.0 1.230e+3 2; Westbrook Value (from c7h14-2 value)
>  <ReverseRxn>
Standard 1.604e+15 -0.63 3.361e+04 4; Westbrook Value (from c7h14-2 value)
$$$$
%%%-------------------------------------------------------------------
H-Alkenyl-Abs-Hydroxyl-Radical-(rh)(h)\
     olefin-(rh)(hh) hydroxyl-radical = alkenyl-(rh)(h) water
- ID 8023
- Correspondences
1 2 3 4 5 6       2 2 2 2 4
7 8               2
1 2 3 4 5         2 2 2 2
8 7 6             2 4

>  <ForwardRxn>
Standard 3.00e+13 0.0 1.230e+3 1; Westbrook Value (from c7h14-2 value)
>  <ReverseRxn>
Standard 1.604e+15 -0.63 3.361e+04 2; Westbrook Value (from c7h14-2 value)
$$$$
%%%-------------------------------------------------------------------
H-Alkenyl-Abs-Hydroxyl-Radical-(rh)(r)\
     olefin-(rh)(rh) hydroxyl-radical = alkenyl-(rh)(r) water
- ID 8024
- Correspondences
1 2 3 4 5 6       2 2 2 2 4
7 8               2
1 2 3 4 5         2 2 2 2
8 7 6             2 4

>  <ForwardRxn>
Standard 3.00e+13 0.0 1.230e+3 1; Westbrook Value (from c7h14-2 value)
>  <ReverseRxn>
Standard 1.604e+15 -0.63 3.361e+04 2; Westbrook Value (from c7h14-2 value)
$$$$
%%%-------------------------------------------------------------------
H-Alkenyl-Abs-Hydroxyl-Radical-(rr)(h)\
     olefin-(rr)(hh) hydroxyl-radical = alkenyl-(rr)(h) water
- ID 8025
- Correspondences
1 2 3 4 5 6       2 2 2 2 4
7 8               2
1 2 3 4 5         2 2 2 2
8 7 6             2 4

>  <ForwardRxn>
Standard 3.00e+13 0.0 1.230e+3 4; Westbrook Value (from c7h14-2 value)
>  <ReverseRxn>
Standard 1.604e+15 -0.63 3.361e+04 4; Westbrook Value (from c7h14-2 value)
$$$$
%%%-------------------------------------------------------------------
H-Alkenyl-Abs-Hydroxyl-Radical-(rr)(r)\
     olefin-(rr)(rh) hydroxyl-radical = alkenyl-(rr)(r) water
- ID 8026
- Correspondences
1 2 3 4 5 6       2 2 2 2 4
7 8               2
1 2 3 4 5         2 2 2 2
8 7 6             2 4

>  <ForwardRxn>
Standard 3.00e+13 0.0 1.230e+3 2; Westbrook Value (from c7h14-2 value)
>  <ReverseRxn>
Standard 1.604e+15 -0.63 3.361e+04 4; Westbrook Value (from c7h14-2 value)
$$$$
%%%-------------------------------------------------------------------
%%% Methyl-Radical
%%%-------------------------------------------------------------------
%%%-------------------------------------------------------------------
H-Alkenyl-Abs-Methane-Carbon-Radical-(hh)(h)\
     olefin-(hh)(hh) methane-carbon-radical = alkenyl-(hh)(h) methane
- ID 8031
- Correspondences
1 2 3 4 5 6       2 2 2 2 4
7 8 9 10          2 2 2
1 2 3 4 5         2 2 2 2
7 8 9 10 6        2 2 4 2

>  <ForwardRxn>
Standard 1.000E+12   0.00  7.300E+03 24; Westbrook Value
>  <ReverseRxn>
Standard 1.592e+14  -0.46  2.787e+04 48; Westbrook Value
$$$$
%%%-------------------------------------------------------------------
H-Alkenyl-Abs-Methane-Carbon-Radical-(hh)(r)\
     olefin-(rh)(hh) methane-carbon-radical = alkenyl-(hh)(r) methane
- ID 8032
- Correspondences
1 2 3 4 5 6       2 2 4 2 2
7 8 9 10          2 2 2
2 1 5 6 3         2 2 2 2
7 8 9 10 4        2 2 4 2

>  <ForwardRxn>
Standard 1.000E+12   0.00  7.300E+03 12; Westbrook Value
>  <ReverseRxn>
Standard 1.592e+14  -0.46  2.787e+04 48; Westbrook Value
$$$$
%%%-------------------------------------------------------------------
H-Alkenyl-Abs-Methane-Carbon-Radical-(rh)(h)\
     olefin-(rh)(hh) methane-carbon-radical = alkenyl-(rh)(h) methane
- ID 8033
- Correspondences
1 2 3 4 5 6       2 2 2 2 4
7 8 9 10          2 2 2
1 2 3 4 5         2 2 2 2
7 8 9 10 6        2 2 4 2

>  <ForwardRxn>
Standard 1.000E+12   0.00  7.300E+03 6; Westbrook Value
>  <ReverseRxn>
Standard 1.592e+14  -0.46  2.787e+04 24; Westbrook Value
$$$$
%%%-------------------------------------------------------------------
H-Alkenyl-Abs-Methane-Carbon-Radical-(rh)(r)\
     olefin-(rh)(rh) methane-carbon-radical = alkenyl-(rh)(r) methane
- ID 8034
- Correspondences
1 2 3 4 5 6       2 2 2 2 4
7 8 9 10          2 2 2
1 2 3 4 5         2 2 2 2
7 8 9 10 6        2 2 4 2

>  <ForwardRxn>
Standard 1.000E+12   0.00  7.300E+03 6; Westbrook Value
>  <ReverseRxn>
Standard 1.592e+14  -0.46  2.787e+04 24; Westbrook Value
$$$$
%%%-------------------------------------------------------------------
H-Alkenyl-Abs-Methane-Carbon-Radical-(rr)(h)\
     olefin-(rr)(hh) methane-carbon-radical = alkenyl-(rr)(h) methane
- ID 8035
- Correspondences
1 2 3 4 5 6       2 2 2 2 4
7 8 9 10          2 2 2
1 2 3 4 5         2 2 2 2
7 8 9 10 6        2 2 4 2

>  <ForwardRxn>
Standard 1.000E+12   0.00  7.300E+03 24; Westbrook Value
>  <ReverseRxn>
Standard 1.592e+14  -0.46  2.787e+04 48; Westbrook Value
$$$$
%%%-------------------------------------------------------------------
H-Alkenyl-Abs-Methane-Carbon-Radical-(rr)(r)\
     olefin-(rr)(rh) methane-carbon-radical = alkenyl-(rr)(r) methane
- ID 8036
- Correspondences
1 2 3 4 5 6       2 2 2 2 4
7 8 9 10          2 2 2
1 2 3 4 5         2 2 2 2
7 8 9 10 6        2 2 4 2

>  <ForwardRxn>
Standard 1.000E+12   0.00  7.300E+03 12; Westbrook Value
>  <ReverseRxn>
Standard 1.592e+14  -0.46  2.787e+04 48; Westbrook Value
$$$$
