%%%-------------------------------------------------------------------
%%% 
%%%-------------------------------------------------------------------
%%%-------------------------------------------------------------------
Primary-Carbon-Radical-(R.+O2-->RO2.) primary-carbon-radical oxygen = (h)(h)(r)coo.
- ID 2010 
- Correspondences 
1 4 5 6           2 2 2
2 3               2
1 2 3 4 5 6       4 2 2 2 2

>  <ForwardRxn>
Standard 2.00e+12 0.0 0 4; Westbrook  

>  <ReverseRxn>
Standard 4.0e+15 0.0 27944 1; Nehse,Warnatz,Chevalier ; Estimate  
$$$$
%%%-------------------------------------------------------------------
Secondary-Carbon-Radical-(R.+O2-->RO2.) secondary-carbon-radical oxygen = (h)(r)(r)coo.
- ID 2020
- Correspondences
1 4 5 6           2 2 2
2 3               2
1 2 3 4 5 6       4 2 2 2 2

>  <ForwardRxn>
Standard 2.00e+12 0.0 0 4; Come ; Estimate  

>  <ReverseRxn>
Standard 4.0e+15 0.0 27944 1; Nehse,Warnatz,Chevalier ; Estimate  
$$$$
%%%-------------------------------------------------------------------
Tertiary-Carbon-Radical-(R.+O2-->RO2.) tertiary-carbon-radical oxygen = (r)(r)(r)coo.
- ID 2030
- Correspondences
1 4 5 6           2 2 2
2 3               2
1 2 3 4 5 6       4 2 2 2 2

>  <ForwardRxn>
Standard 2.00e+12 0.0 0 4; Westbrook

>  <ReverseRxn>
Standard 4.0e+15 0.0 27944 1; Nehse,Warnatz,Chevalier ; Estimate  
$$$$
