%%%-------------------------------------------------------------------
%%% 
%%%-------------------------------------------------------------------
%%%-------------------------------------------------------------------
Intramolecular-1-4-QOOH-Formation c(q)(q)(h)(coo.) = .c(q)(q)(cooh)
- ID 3011
- Correspondences
1 2 3 4 5 6 7    4 2 2 2 2 2
1 2 3 4 5 6 7    2 2 2 4 2 2

>  <ForwardRxn>
Standard 1.00e+11 0.0 20500 1

>  <ReverseRxn>
Standard 1.00e+11 0.0 12500 1
$$$$
%%%-------------------------------------------------------------------
Intramolecular-1-5-QOOH-Formation c(h)(q)(q)(ccoo.) = .c(q)(q)(ccooh)
- ID 3012
- Correspondences
1 2 3 4 5 6 7 8   4 2 2 2 2 2 2
1 2 3 4 5 6 7 8   2 2 2 2 4 2 2

>  <ForwardRxn>
Standard 2.98e+12 0.0 29700 1; Type 12 ; Primary Value

>  <ReverseRxn>
Standard 1.0e+11 0.0 6590 1; Nehse/Warnatz/Chevalier ; Primary Value
$$$$
%%%-------------------------------------------------------------------
Intramolecular-1-6-QOOH-Formation c(h)(q)(q)(cccoo.) = .c(q)(q)(cccooh)
- ID 3013
- Correspondences
1 2 3 4 5 6 7 8 9  4 2 2 2 2 2 2 2
1 2 3 4 5 6 7 8 9  2 2 2 2 2 4 2 2

>  <ForwardRxn>
Standard 2.47e+11 0.0 23900 1; Type 12 ; Primary Value

>  <ReverseRxn>
Standard 1.0e+11 0.0 7000 1; Nehse/Warnatz/Chevalier ; Primary Value
$$$$
