o1 C4ket
1-hydroperoxy-1-butanal
- AlternativeNames CHEMKIN c3h7coo2h
- AlternativeNames Short c3h7coo2h
- AlternativeNames Mech
- AlternativeNames Formula C4H8O3
2-hydroperoxy-1-butanal
- AlternativeNames CHEMKIN c2h5cho2hcho
- AlternativeNames Short c2h5cho2hcho
- AlternativeNames Mech nc4ket12
- AlternativeNames Formula C4H8O3
3-hydroperoxy-1-butanal
- AlternativeNames CHEMKIN ch3cho2hch2cho
- AlternativeNames Short ch3cho2hch2cho
- AlternativeNames Mech nc4ket13
- AlternativeNames Formula C4H8O3
4-hydroperoxy-1-butanal
- AlternativeNames CHEMKIN ch2o2hch2ch2cho
- AlternativeNames Short ch2o2hch2ch2cho
- AlternativeNames Mech nc4ket14
- AlternativeNames Formula C4H8O3
1-hydroperoxy-2-butanone
- AlternativeNames CHEMKIN c2h5coch2o2h
- AlternativeNames Short c2h5coch2o2h
- AlternativeNames Mech nc4ket21
- AlternativeNames Formula C4H8O3
3-hydroperoxy-2-butanone
- AlternativeNames CHEMKIN ch3cho2hcoch3
- AlternativeNames Short ch3cho2hcoch3
- AlternativeNames Mech nc4ket23
- AlternativeNames Formula C4H8O3
4-hydroperoxy-2-butanone
- AlternativeNames CHEMKIN ch2o2hch2coch3
- AlternativeNames Short ch2o2hch2coch3
- AlternativeNames Mech nc4ket24
- AlternativeNames Formula C4H8O3
