1 C4peroxy-names
1-hydroperoxy-1-peroxy-butane
- AlternativeNames CHEMKIN c4h8ooh1-102
- AlternativeNames Formula C4H9O4
1-hydroperoxy-2-peroxy-butane
- AlternativeNames CHEMKIN c4h8ooh1-2o2
- AlternativeNames Formula C4H9O4
1-hydroperoxy-3-peroxy-butane
- AlternativeNames CHEMKIN c4h8ooh1-3o2
- AlternativeNames Formula C4H9O4
1-hydroperoxy-4-peroxy-butane
- AlternativeNames CHEMKIN c4h8ooh1-4o2
- AlternativeNames Formula C4H9O4
2-hydroperoxy-2-peroxy-butane
- AlternativeNames CHEMKIN c4h8ooh2-2o2
- AlternativeNames Formula C4H9O4
2-hydroperoxy-3-peroxy-butane
- AlternativeNames CHEMKIN c4h8ooh2-3o2
- AlternativeNames Formula C4H9O4
2-hydroperoxy-4-peroxy-butane
- AlternativeNames CHEMKIN c4h8ooh2-4o2
- AlternativeNames Formula C4H9O4
