1-pentyl-radical 
- AlternativeNames CHEMKIN c5h11-1
2-pentyl-radical
- AlternativeNames CHEMKIN c5h11-2
3-pentyl-radical
- AlternativeNames CHEMKIN c5h11-3
1-hexyl-radical
- AlternativeNames CHEMKIN c6h12-1
2-hexyl-radical
- AlternativeNames CHEMKIN c6h12-2
3-hexyl-radical
- AlternativeNames CHEMKIN c6h12-3
1-heptyl-radical
- AlternativeNames CHEMKIN c7h14-1
2-heptyl-radical
- AlternativeNames CHEMKIN c7h14-2
3-heptyl-radical
- AlternativeNames CHEMKIN c7h14-3
1 alkradicalsC5-C7
4-heptyl-radical
- AlternativeNames CHEMKIN c7h14-4
1-octyl-radical
- AlternativeNames CHEMKIN c8h16-1
2-octyl-radical
- AlternativeNames CHEMKIN c8h16-2
3-octyl-radical
- AlternativeNames CHEMKIN c8h16-3
4-octyl-radical
- AlternativeNames CHEMKIN c8h16-4
1-nonyl-radical
- AlternativeNames CHEMKIN c9h18-1
2-nonyl-radical
- AlternativeNames CHEMKIN c9h18-2
3-nonyl-radical
- AlternativeNames CHEMKIN c9h18-3
4-nonyl-radical
- AlternativeNames CHEMKIN c9h18-4
5-nonyl-radical
- AlternativeNames CHEMKIN c9h18-5
