1 alkylperoxyradicals
2-propylperoxy-radical
- AlternativeNames CHEMKIN ic3h7o2
2-pentylperoxy-radical
- AlternativeNames CHEMKIN
2-hexylperoxy-radical
- AlternativeNames CHEMKIN
2-heptylperoxy-radical
- AlternativeNames CHEMKIN
1-propyl-2-hydroperoxy-radical c3h6ooh2-1
- AlternativeNames CHEMKIN
2-propyl-2-hydroperoxy-radical c3h6ooh2-2
- AlternativeNames CHEMKIN
1-pentyl-2-hydroperoxy-radical
- AlternativeNames CHEMKIN
2-pentyl-2-hydroperoxy-radical
- AlternativeNames CHEMKIN
3-pentyl-2-hydroperoxy-radical
- AlternativeNames CHEMKIN
1-hexyl-2-hydroperoxy-radical
- AlternativeNames CHEMKIN
2-hexyl-2-hydroperoxy-radical
- AlternativeNames CHEMKIN
3-hexyl-2-hydroperoxy-radical
- AlternativeNames CHEMKIN
1-heptyl-2-hydroperoxy-radical
- AlternativeNames CHEMKIN
2-heptyl-2-hydroperoxy-radical
- AlternativeNames CHEMKIN
3-heptyl-2-hydroperoxy-radical
- AlternativeNames CHEMKIN
4-heptyl-2-hydroperoxy-radical
- AlternativeNames CHEMKIN
