1 C0HO AlternativeNames
2,2,4-trimethylpentane
- AlternativeNames CHEMKIN I-OCTANE
- AlternativeNames Short I-OCTANE
2,2-dimethylpentane
- AlternativeNames CHEMKIN 22MC5H12
- AlternativeNames Short 22MC5H12
2,2-dimethylpentane
- AlternativeNames CHEMKIN 22MC5H12
- AlternativeNames Short 22MC5H12
2-methylpentane
- AlternativeNames CHEMKIN 2MC5H12
- AlternativeNames Short 2MC5H12
2-methylbutane
- AlternativeNames CHEMKIN 2MC4H10   
- AlternativeNames Short 2MC4H10   
2,2-dimethylpropane
- AlternativeNames CHEMKIN 22MC3H8
- AlternativeNames Short 22MC3H8
2,4-dimethylpentane
- AlternativeNames CHEMKIN 22MC5H12
- AlternativeNames Short 22MC3H8
2-methylpentane
- AlternativeNames CHEMKIN 2MC5H12
- AlternativeNames Short 2MC5H12
2-methylbutane
- AlternativeNames CHEMKIN 2MC4H10   
- AlternativeNames Short 2MC4H10   
