%%%-------------------------------------------------------------------
%%% 
%%%-------------------------------------------------------------------
%%%-------------------------------------------------------------------
Intramolecular-1-4-QOOH-Formation c(q)(q)(h)(coo.) = .c(q)(q)(cooh)
- ID 3001
- Correspondences
1 2 3 4 5 6 7    4 2 2 2 2 2
1 2 3 4 5 6 7    2 2 2 4 2 2

>  <ForwardRxn>
Standard 1.41e+12 0.0 18643 1

>  <ReverseRxn>
Standard 8.63e+10 0.0 12000 1
$$$$
%%%-------------------------------------------------------------------
Intramolecular-1-5-QOOH-Formation c(h)(q)(q)(ccoo.) = .c(q)(q)(ccooh)
- ID 3002
- Correspondences
1 2 3 4 5 6 7 8   4 2 2 2 2 2 2
1 2 3 4 5 6 7 8   2 2 2 2 4 2 2

>  <ForwardRxn>
Standard 1.76e+11 0.0 14758 1

>  <ReverseRxn>
Standard 3.33e+9  0.0 8000  1
$$$$
%%%-------------------------------------------------------------------
Intramolecular-1-6-QOOH-Formation c(h)(q)(q)(cccoo.) = .c(q)(q)(cccooh)
- ID 3003
- Correspondences
1 2 3 4 5 6 7 8 9  4 2 2 2 2 2 2 2
1 2 3 4 5 6 7 8 9  2 2 2 2 2 4 2 2


>  <ForwardRxn>
Standard 1.10e+10 0.0 12617 2

>  <ReverseRxn>
Standard 3.36e+9 0.0 6170 1
$$$$
