ethanoic-acid
- AlternativeNames CHEMKIN CH3CO2H
ethoxy-radical
- AlternativeNames CHEMKIN  CH3O
allenal-radical
- AlternativeNames CHEMKIN  HCCO
propenal
- AlternativeNames CHEMKIN  C2H3CHO
perethanoic-acid
- AlternativeNames CHEMKIN  CH3CO3H
perethanoic-acid
- AlternativeNames CHEMKIN  CH3CO3H
allene
- AlternativeNames CHEMKIN  C3H4
ethanal
- AlternativeNames CHEMKIN  CH3CHO
ethanoyl-radical
- AlternativeNames CHEMKIN  CH3CO
allenal
- AlternativeNames CHEMKIN  CH2CO
ethanoic-acid
- AlternativeNames CHEMKIN 
oxirane
- AlternativeNames CHEMKIN  C2H4O
formyl-radical
- AlternativeNames CHEMKIN  HCO
ethanal
- AlternativeNames CHEMKIN  CH3CHO
ethynyl-radical
- AlternativeNames CHEMKIN  C2H
peroxyl-radical
- AlternativeNames CHEMKIN  HO2
oxyethene
- AlternativeNames CHEMKIN  C2H3O 
allenal
- AlternativeNames CHEMKIN  CH2CO
methylpercarboxy
- AlternativeNames CHEMKIN  CH3CO3
methylpercarboxy
- AlternativeNames CHEMKIN  CH3CO3
oxirane
- AlternativeNames CHEMKIN  C2H4O
allenal-radical
- AlternativeNames CHEMKIN  HCCO
methylcarboxy
- AlternativeNames CHEMKIN  CH3CO2
2-propynyl
- AlternativeNames CHEMKIN  C3H3
methylcarboxy
- AlternativeNames CHEMKIN  CH3CO2
butadiynyl
- AlternativeNames CHEMKIN C4H2
nitrogen-atom
- AlternativeNames CHEMKIN N
ethyne
- AlternativeNames CHEMKIN C2H2
hydroxymethyl
- AlternativeNames CHEMKIN CH3OH
1-butyne
- AlternativeNames CHEMKIN 1C4H6
methylene
- AlternativeNames CHEMKIN CH3
1-buten-3-yne
- AlternativeNames CHEMKIN CH2CHCCH
isobutane
- AlternativeNames CHEMKIN 1CH3C7H15
hydrogen-peroxide
- AlternativeNames CHEMKIN H2O2
butadiyne
- AlternativeNames CHEMKIN CHCCCH
oxygen
- AlternativeNames CHEMKIN O2
hydroxyl-radical
- AlternativeNames CHEMKIN OH
ethoxy-radical
- AlternativeNames CHEMKIN C2H3O
ethanol
- AlternativeNames CHEMKIN C2H3OH
1-propene-3-ol
- AlternativeNames CHEMKIN CH2CHCH2OH
ethanol
- AlternativeNames CHEMKIN C2H5OH
oxygen-atom
- AlternativeNames CHEMKIN O
ethenyl-radical
- AlternativeNames CHEMKIN C2H3
carbondioxide
- AlternativeNames CHEMKIN CO2
carbonmonoxide
- AlternativeNames CHEMKIN CO
nitrogen
- AlternativeNames CHEMKIN N2
nitrous-oxide
- AlternativeNames CHEMKIN NO
dimethylperoxide
- AlternativeNames CHEMKIN CH3OOCH3
hydrogen
- AlternativeNames CHEMKIN H2
2-propenyl-radical
- AlternativeNames CHEMKIN 2CH2CCH3
methanol
- AlternativeNames CHEMKIN CH3OH
hydrogen-radical
- AlternativeNames CHEMKIN H
methoxy-radical
- AlternativeNames CHEMKIN CH3O
aldehyde
- AlternativeNames CHEMKIN H2CO
water
- AlternativeNames CHEMKIN H20
butadiene
- AlternativeNames CHEMKIN CH2CHCHCH2
2-butynyl-radical
- AlternativeNames CHEMKIN CH3CCCH2
