methyl-radical
- AlternativeNames CHEMKIN CH3
ethyl-radical
- AlternativeNames CHEMKIN C2H5
1-propyl-radical
- AlternativeNames CHEMKIN 1C3H7
2-propyl-radical
- AlternativeNames CHEMKIN 2C3H7
1-butyl-radical
- AlternativeNames CHEMKIN P-C4H9
2-butyl-radical
- AlternativeNames CHEMKIN S-C4H9
1-pentyl-radical
- AlternativeNames CHEMKIN 1C5H11
2-pentyl-radical
- AlternativeNames CHEMKIN 2C5H11
3-pentyl-radical
- AlternativeNames CHEMKIN 3C5H11
1-hexyl-radical
- AlternativeNames CHEMKIN 1C6H13
2-hexyl-radical
- AlternativeNames CHEMKIN 2C6H13
3-hexyl-radical
- AlternativeNames CHEMKIN 3C6H13
1-heptyl-radical
- AlternativeNames CHEMKIN 1C7H15
2-heptyl-radical
- AlternativeNames CHEMKIN 2C7H15
3-heptyl-radical
- AlternativeNames CHEMKIN 3C7H15
4-heptyl-radical
- AlternativeNames CHEMKIN 4C7H15
1-octyl-radical
- AlternativeNames CHEMKIN 1C8H17
2-octyl-radical
- AlternativeNames CHEMKIN 2C8H17
3-octyl-radical
- AlternativeNames CHEMKIN 3C8H17
4-octyl-radical
- AlternativeNames CHEMKIN 4C8H17
1-nonyl-radical
- AlternativeNames CHEMKIN 1C9H19
2-nonyl-radical
- AlternativeNames CHEMKIN 2C9H19
3-nonyl-radical
- AlternativeNames CHEMKIN 3C9H19
4-nonyl-radical
- AlternativeNames CHEMKIN 4C9H19
5-nonyl-radical
- AlternativeNames CHEMKIN 4C9H19
