methane
- AlternativeNames CHEMKIN CH3
ethane
- AlternativeNames CHEMKIN C2H6
ethane
- AlternativeNames CHEMKIN C2H6
propane
- AlternativeNames CHEMKIN C3H8
propane
- AlternativeNames CHEMKIN C3H8
butane
- AlternativeNames CHEMKIN C4H10
butane
- AlternativeNames CHEMKIN C4H10
pentane
- AlternativeNames CHEMKIN C5H12
hexane
- AlternativeNames CHEMKIN C6H14
heptane
- AlternativeNames CHEMKIN C7H16
octane
- AlternativeNames CHEMKIN C8H18
nonane
- AlternativeNames CHEMKIN C9H20
decane
- AlternativeNames CHEMKIN C10H22
