1-butyl-2-hydroperoxy-radical
5-heptyl-1-hydroperoxy-radical
3-hexene
ethanoic-acid
ethoxy-radical
butadiynyl
1-propyl-1-hydroperoxy-radical
6-hexyl-2-hydroperoxy-radical
nitrogen-atom
1-nonene
3-heptyl-1-hydroperoxy-radical
2-hexyl-radical
4-methyloctane
allenal-radical
1-hexene
4-methyldecane
4-heptyl-radical
2-propyl-2-hydroperoxy-radical
4-hexyl-2-hydroperoxy-radical
ethyne
hydroxymethyl
1-methyloctane
1-methyldecane
2-heptyl-radical
2-propylperoxy-radical
5-hexyl-1-hydroperoxy-radical
2-pentene
1-pentylperoxy-radical
ethyl-radical
propenal
3-hexyl-1-hydroperoxy-radical
4-methylheptane
4-nonyl-radical
2-pentyl-2-hydroperoxy-radical
perethanoic-acid
1-methylbutane
1-hexyl-1-hydroperoxy-radical
1-butyne
2-butynyl-radical
5-pentyl-2-hydroperoxy-radical
octane
2-nonyl-radical
2-pentylperoxy-radical
perethanoic-acid
3-pentene
3-hexyl-2-hydroperoxy-radical
methylene
1-propyl-radical
3-pentyl-1-hydroperoxy-radical
2-heptene
2,2-dmethyloctane
ethylperoxy
1-decene
1-hexyl-2-hydroperoxy-radical
3-pentyl-1-hydroperoxy-radical
4-methylnonane
3-octene
3-pentyl-radical
1-methylnonane
1-buten-3-yne
isobutane
1-octene
allene
1-pentyl-radical
heptane
ethanal
butane
methylperoxy
4-butyl-2-hydroperoxy-radical
2,2-dmethylbutane
2-heptyl-1-hydroperoxy-radical
4-decene
4-butyl-1-hydroperoxy-radical
1-methylpentane
ethylperoxide
propane
1-heptylperoxy-radical
2-decene
hydrogen-peroxide
butadiyne
oxygen
hydroxyl-radical
4-octyl-radical
ethanoyl-radical
hexane
2-butyl-1-hydroperoxy-radical
allenal
3-heptyl-2-hydroperoxy-radical
6-heptyl-2-hydroperoxy-radical
1-butyl-radical
2,2-dmethylpentane
1-butylperoxy-radical
2-octyl-radical
7-heptyl-1-hydroperoxy-radical
ethene
1-heptyl-2-hydroperoxy-radical
ethanoic-acid
ethoxy-radical
1-methylhexane
oxirane
3-propyl-1-hydroperoxy-radical
3-nonene
ethanol
pentane
1-hexylperoxy-radical
3-heptene
2-propyl-radical
4-pentyl-2-hydroperoxy-radical
1-propene-3-ol
1-nonyl-radical
ethylperoxy
formyl-radical
ethanol
2-hexyl-2-hydroperoxy-radical
1-heptene
4-pentyl-1-hydroperoxy-radical
5-methylnonane
oxygen-atom
4-octene
ethenyl-radical
1-butene
2-hexylperoxy-radical
2-pentyl-1-hydroperoxy-radical
3-methylnonane
methyl-radical
1-methylpropane
2-octene
carbondioxide
2-pentyl-radical
decane
butane
ethanal
5-decene
3-butyl-2-hydroperoxy-radical
3-methylpentane
ethynyl-radical
ethylperoxide
propene
1-heptyl-1-hydroperoxy-radical
3-decene
carbonmonoxide
nitrogen
nitrous-oxide
3-butyl-1-hydroperoxy-radical
7-heptyl-2-hydroperoxy-radical
1-hexyl-radical
dimethylperoxide
propane
4-heptyl-2-hydroperoxy-radical
2-butyl-radical
peroxyl-radical
hydrogen
1-butyl-1-hydroperoxy-radical
5-heptyl-2-hydroperoxy-radical
3-octyl-radical
oxyethene
allenal
2-heptyl-2-hydroperoxy-radical
methylpercarboxy
3-methylhexane
3-propyl-2-hydroperoxy-radical
4-nonene
2-butyl-2-hydroperoxy-radical
6-heptyl-1-hydroperoxy-radical
1-octyl-radical
2-propenyl-radical
methanol
2-heptylperoxy-radical
ethane
methylpercarboxy
oxirane
2-propyl-1-hydroperoxy-radical
2-nonene
2-butylperoxy-radical
4-heptyl-1-hydroperoxy-radical
3-hexyl-radical
2,2-dmethylheptane
2-hexene
ethane
5-methyldecane
1-propylperoxy-radical
5-hexyl-2-hydroperoxy-radical
hydrogen-radical
methylperoxide
3-methyloctane
allenal-radical
3-methyldecane
3-heptyl-radical
1-propyl-2-hydroperoxy-radical
6-hexyl-1-hydroperoxy-radical
nonane
methoxy-radical
1-pentyl-1-hydroperoxy-radical
methylcarboxy
aldehyde
1-heptyl-radical
2-propynyl
4-hexyl-1-hydroperoxy-radical
2,2-dmethylnonane
water
2,2-dmethylhexane
1-pentene
5-nonyl-radical
3-pentyl-2-hydroperoxy-radical
methylcarboxy
2,2-dmethylpropane
2-hexyl-1-hydroperoxy-radical
butadiene
3-methylheptane
methane
3-nonyl-radical
1-pentyl-2-hydroperoxy-radical
