methylperoxide
- AlternativeNames CHEMKIN CH3OO
methylperoxy
- AlternativeNames CHEMKIN CH3O2
ethylperoxide
- AlternativeNames CHEMKIN C2H5OO
ethylperoxide
- AlternativeNames CHEMKIN C2H5OO
ethylperoxy
- AlternativeNames CHEMKIN OOC2H5
ethylperoxy
- AlternativeNames CHEMKIN C2H5OO
1-propylperoxy-radical
- AlternativeNames CHEMKIN 100C3H7
2-propylperoxy-radical
- AlternativeNames CHEMKIN 2OOC3H7
1-butylperoxy-radical
- AlternativeNames CHEMKIN 1C4H9OO
2-butylperoxy-radical
- AlternativeNames CHEMKIN 2OOC4H8
1-pentylperoxy-radical
- AlternativeNames CHEMKIN 1OOC5H11
2-pentylperoxy-radical
- AlternativeNames CHEMKIN 2OOC5H11
1-hexylperoxy-radical
- AlternativeNames CHEMKIN 1OOC6H13
2-hexylperoxy-radical
- AlternativeNames CHEMKIN 2C6H13OO
1-heptylperoxy-radical
- AlternativeNames CHEMKIN 1C7H15
2-heptylperoxy-radical
- AlternativeNames CHEMKIN 200C7H15
