ethene
- AlternativeNames CHEMKIN C2H4
propene
- AlternativeNames CHEMKIN C3H6
1-butene
- AlternativeNames CHEMKIN 1C4H8
1-pentene
- AlternativeNames CHEMKIN 1C5H10
2-pentene
- AlternativeNames CHEMKIN 2C5H10
3-pentene
- AlternativeNames CHEMKIN 3C5H10
1-hexene
- AlternativeNames CHEMKIN 1C5H12
2-hexene
- AlternativeNames CHEMKIN 2C6H14
3-hexene
- AlternativeNames CHEMKIN 3C6H12
1-heptene
- AlternativeNames CHEMKIN 1C7H14
2-heptene
- AlternativeNames CHEMKIN 2C7H14
3-heptene
- AlternativeNames CHEMKIN 3C7H14
1-octene
- AlternativeNames CHEMKIN 1C8H16
2-octene
- AlternativeNames CHEMKIN 2C8H16
3-octene
- AlternativeNames CHEMKIN 3C8H16
4-octene
- AlternativeNames CHEMKIN 4C8H16
1-nonene
- AlternativeNames CHEMKIN 1C9H19
2-nonene
- AlternativeNames CHEMKIN 2C9H18
3-nonene
- AlternativeNames CHEMKIN 3C9H19
4-nonene
- AlternativeNames CHEMKIN 4C9H18
1-decene
- AlternativeNames CHEMKIN 1C10H20
2-decene
- AlternativeNames CHEMKIN 2C10H20
3-decene
- AlternativeNames CHEMKIN 3C10H20
4-decene
- AlternativeNames CHEMKIN 4C10H20
5-decene
- AlternativeNames CHEMKIN 5C10H20
